# MEAN_SAMPLE_SIZE = 54884
# TOTAL_GENES = 12076
# TEST_DIRECTION = one-sided, positive (set), one-sided, positive (covar)
# CONDITIONED_INTERNAL = gene size, gene density, sample size, inverse mac, log(gene size), log(gene density), log(sample size), log(inverse mac)
# CONDITIONED_HIDDEN = Average (covar)
VARIABLE                             TYPE  NGENES         BETA     BETA_STD           SE            P FULL_NAME
Bladder.mesenchymal_cell            COVAR   12076     0.020428    0.0081678     0.036994      0.29042 Bladder.mesenchymal_cell
Bladder.bladder_cell                COVAR   12076     0.043534     0.025291     0.025711     0.045223 Bladder.bladder_cell
Bladder.endothelial_cell            COVAR   12076    0.0088397    0.0032547     0.052332      0.43293 Bladder.endothelial_cell
Bladder.basal_cell_of_urothe...     COVAR   12076     0.037896     0.022313       0.0259     0.071725 Bladder.basal_cell_of_urothelium
Bladder.leukocyte                   COVAR   12076     0.021222    0.0078219     0.043381      0.31236 Bladder.leukocyte
Heart.endothelial_cell              COVAR   12076     -0.07372    -0.021247     0.048916      0.93409 Heart.endothelial_cell
Heart.fibroblast                    COVAR   12076   0.00079984   0.00027886     0.042796      0.49254 Heart.fibroblast
Heart.cardiac_muscle_cell           COVAR   12076     0.023243    0.0063068     0.046956      0.31031 Heart.cardiac_muscle_cell
Heart.endocardial_cell              COVAR   12076     0.030813     0.012511     0.037348      0.20469 Heart.endocardial_cell
Heart.smooth_muscle_cell            COVAR   12076    -0.013355   -0.0045888     0.039792      0.63142 Heart.smooth_muscle_cell
Heart.erythrocyte                   COVAR   12076     0.041481     0.015781     0.041876      0.16096 Heart.erythrocyte
Kidney.leukocyte                    COVAR   12076    -0.048918     -0.01098     0.092135      0.70226 Kidney.leukocyte
Kidney.fenestrated_cell             COVAR   12076     -0.10196     -0.02924     0.056397      0.96467 Kidney.fenestrated_cell
Kidney.smooth_muscle_cell           COVAR   12076    -0.013752   -0.0049917     0.039648      0.63565 Kidney.smooth_muscle_cell
Kidney.kidney_tubule_cell           COVAR   12076   -0.0027941  -0.00086857      0.03809      0.52924 Kidney.kidney_tubule_cell
Kidney.kidney_collecting_duc...     COVAR   12076     0.024978     0.010127     0.033238      0.22618 Kidney.kidney_collecting_duct_cell
Kidney.macrophage                   COVAR   12076    -0.010199    -0.003145     0.053536      0.57554 Kidney.macrophage
Kidney.fibroblast                   COVAR   12076     0.028051     0.013132     0.038685       0.2342 Kidney.fibroblast
Kidney.endothelial_cell             COVAR   12076    -0.028282    -0.011485     0.037004      0.77765 Kidney.endothelial_cell
Liver.hepatocyte                    COVAR   12076     0.015833    0.0052752     0.030213      0.30013 Liver.hepatocyte
Liver.endothelial_cell              COVAR   12076    -0.072248    -0.017399     0.050152      0.92513 Liver.endothelial_cell
Lung.macrophage                     COVAR   12076   -0.0061233   -0.0021478     0.052589      0.54635 Lung.macrophage
Lung.B_cell                         COVAR   12076    -0.054178    -0.010847     0.075381      0.76384 Lung.B_cell
Lung.natural_killer_cell            COVAR   12076     -0.12447     -0.02474     0.080037      0.94003 Lung.natural_killer_cell
Lung.T_cell                         COVAR   12076    -0.097842     -0.02249       0.0722       0.9123 Lung.T_cell
Lung.endothelial_cell               COVAR   12076    -0.051247    -0.013528     0.056856      0.81629 Lung.endothelial_cell
Lung.stromal_cell                   COVAR   12076    -0.020603   -0.0046547     0.058751      0.63708 Lung.stromal_cell
Lung.dendritic_cell                 COVAR   12076    -0.046264    -0.013857     0.053361      0.80702 Lung.dendritic_cell
Lung.leukocyte                      COVAR   12076     -0.11999    -0.020955     0.075847      0.94315 Lung.leukocyte
Lung.monocyte                       COVAR   12076    0.0013884   0.00055478     0.041981      0.48681 Lung.monocyte
Lung.ciliated_cell                  COVAR   12076   -0.0011494  -0.00057551     0.024648       0.5186 Lung.ciliated_cell
Lung.type_II_pneumocyte             COVAR   12076     -0.03673    -0.012594     0.043849      0.79888 Lung.type_II_pneumocyte
Lung.unknown                        COVAR   12076    -0.069552    -0.019713     0.068151      0.84625 Lung.unknown
Lung.mast_cell                      COVAR   12076    -0.052622    -0.010246     0.063307      0.79707 Lung.mast_cell
Lung.mesothelial_cell               COVAR   12076     0.032204     0.013276       0.0345       0.1753 Lung.mesothelial_cell
Lung.Clara_cell                     COVAR   12076    -0.035716    -0.019368     0.027277      0.90479 Lung.Clara_cell
Mammary.luminal_cell_of_lact...     COVAR   12076     0.040268      0.02062     0.036986      0.13815 Mammary.luminal_cell_of_lactiferous_duct
Mammary.B_cell                      COVAR   12076     0.012681      0.00274     0.076317      0.43401 Mammary.B_cell
Mammary.stromal_cell                COVAR   12076       0.0149    0.0050376     0.045928      0.37281 Mammary.stromal_cell
Mammary.T_cell                      COVAR   12076    -0.042384   -0.0092512     0.073108      0.71895 Mammary.T_cell
Mammary.endothelial_cell            COVAR   12076    0.0020948   0.00082843     0.036231      0.47695 Mammary.endothelial_cell
Mammary.basal_cell                  COVAR   12076     0.066234     0.030682     0.032583     0.021051 Mammary.basal_cell
Mammary.macrophage                  COVAR   12076    -0.043218    -0.016226     0.057218      0.77496 Mammary.macrophage
Marrow.monocyte                     COVAR   12076    0.0086077    0.0032084     0.045688      0.42528 Marrow.monocyte
Marrow.T_cell                       COVAR   12076    -0.031937   -0.0082608     0.060844      0.70017 Marrow.T_cell
Marrow.hematopoietic_stem_ce...     COVAR   12076   -0.0068822   -0.0034334     0.033797      0.58068 Marrow.hematopoietic_stem_cell
Marrow.granulocyte                  COVAR   12076    -0.048067    -0.011483     0.053006      0.81774 Marrow.granulocyte
Marrow.erythrocyte                  COVAR   12076    0.0025205   0.00035817     0.071534      0.48595 Marrow.erythrocyte
Marrow.B_cell                       COVAR   12076     -0.02384    -0.010352     0.033157      0.76392 Marrow.B_cell
Marrow.macrophage                   COVAR   12076    -0.012235   -0.0041292      0.04631      0.60418 Marrow.macrophage
Marrow.Fraction_A_pre.pro_B_...     COVAR   12076    -0.076818    -0.023188     0.047628       0.9466 Marrow.Fraction_A_pre.pro_B_cell
Muscle.endothelial_cell             COVAR   12076     -0.05687    -0.011217     0.069755      0.79254 Muscle.endothelial_cell
Muscle.unknown                      COVAR   12076    -0.015758   -0.0032252     0.076925      0.58115 Muscle.unknown
Muscle.T_cell                       COVAR   12076     -0.10267    -0.020179      0.08503      0.88636 Muscle.T_cell
Muscle.B_cell                       COVAR   12076   -0.0042816  -0.00072364     0.089487      0.51908 Muscle.B_cell
Muscle.mesenchymal_stem_cell        COVAR   12076     0.021216    0.0069098     0.042517      0.30889 Muscle.mesenchymal_stem_cell
Muscle.macrophage                   COVAR   12076    0.0085356    0.0025647     0.067719      0.44985 Muscle.macrophage
Muscle.chondroblast                 COVAR   12076     0.031258     0.011192     0.037249       0.2007 Muscle.chondroblast
Muscle.skeletal_muscle_satel...     COVAR   12076     0.082567     0.021362     0.056581     0.072261 Muscle.skeletal_muscle_satellite_cell
Spleen.B_cell                       COVAR   12076    0.0071286    0.0014016     0.075745      0.46251 Spleen.B_cell
Spleen.T_cell                       COVAR   12076    -0.058793    -0.011783     0.077886      0.77483 Spleen.T_cell
Spleen.macrophage                   COVAR   12076     0.038868    0.0095392     0.074419      0.30074 Spleen.macrophage
Spleen.dendritic_cell               COVAR   12076    -0.020981   -0.0068996      0.05243      0.65548 Spleen.dendritic_cell
Thymus.T_cell                       COVAR   12076    -0.040374    -0.014353     0.039432      0.84704 Thymus.T_cell
Thymus.stromal_cell                 COVAR   12076    -0.046212    -0.014886     0.051964      0.81307 Thymus.stromal_cell
Tongue.basal_cell_of_epiderm...     COVAR   12076     0.013444    0.0066042     0.034005      0.34629 Tongue.basal_cell_of_epidermis
Tongue.keratinocyte                 COVAR   12076    -0.013431    -0.008239     0.023493      0.71624 Tongue.keratinocyte
Tongue.unknown                      COVAR   12076    0.0061865     0.002577     0.038298      0.43584 Tongue.unknown
Trachea.stromal_cell                COVAR   12076     0.083282     0.018508     0.065814      0.10288 Trachea.stromal_cell
Trachea.epithelial_cell             COVAR   12076     0.067662     0.021657     0.055978       0.1134 Trachea.epithelial_cell
Trachea.leukocyte                   COVAR   12076    -0.040962   -0.0099439     0.076554      0.70369 Trachea.leukocyte
Trachea.neuroendocrine_cell         COVAR   12076     -0.11804    -0.019576      0.11977      0.83781 Trachea.neuroendocrine_cell
Trachea.endothelial_cell            COVAR   12076    0.0016147   0.00031816     0.078106      0.49175 Trachea.endothelial_cell
Trachea.basal_cell_of_epithe...     COVAR   12076     0.077212       0.0254     0.053523      0.07458 Trachea.basal_cell_of_epithelium_of_trachea
Trachea.ciliated_epithelial_...     COVAR   12076    -0.004731   -0.0015677     0.038276      0.54918 Trachea.ciliated_epithelial_cell
