# MEAN_SAMPLE_SIZE = 54886
# TOTAL_GENES = 12577
# TEST_DIRECTION = one-sided, positive (set), one-sided, positive (covar)
# CONDITIONED_INTERNAL = gene size, gene density, sample size, inverse mac, log(gene size), log(gene density), log(sample size), log(inverse mac)
# CONDITIONED_HIDDEN = Average (covar)
VARIABLE                               TYPE  NGENES         BETA     BETA_STD           SE            P FULL_NAME
Bladder.Basal_epithelial_cell         COVAR   12577     0.090546     0.017636      0.06873     0.093864 Bladder.Basal_epithelial_cell
Bladder.Dendritic_cell_Cd74_...       COVAR   12577     -0.03942   -0.0045864      0.10906      0.64111 Bladder.Dendritic_cell_Cd74_high
Bladder.Dendritic_cell_Lyz2_...       COVAR   12577    -0.025128   -0.0035216     0.099232      0.59995 Bladder.Dendritic_cell_Lyz2_high
Bladder.Endothelial_cell_Ly6...       COVAR   12577   -0.0024659  -0.00033405     0.084766       0.5116 Bladder.Endothelial_cell_Ly6c1_high
Bladder.Epithelial_cell_Gm23...       COVAR   12577      0.11117     0.012838     0.097398      0.12687 Bladder.Epithelial_cell_Gm23935_high
Bladder.Epithelial_cell_Upk3...       COVAR   12577      0.08238     0.011482     0.089682      0.17917 Bladder.Epithelial_cell_Upk3a_high
Bladder.Macrophage_Pf4_high           COVAR   12577    -0.022631   -0.0028497     0.086513      0.60318 Bladder.Macrophage_Pf4_high
Bladder.Mesenchymal_stromal_...       COVAR   12577     0.026981    0.0033726     0.098984      0.39259 Bladder.Mesenchymal_stromal_cell
Bladder.NK_cell                       COVAR   12577    -0.018082   -0.0022465      0.10934      0.56567 Bladder.NK_cell
Bladder.Smooth_muscle_cell            COVAR   12577     -0.12461    -0.014512      0.10139      0.89046 Bladder.Smooth_muscle_cell
Bladder.Stromal_cell_Car3_hi...       COVAR   12577    -0.078642    -0.011514     0.084158      0.82496 Bladder.Stromal_cell_Car3_high
Bladder.Stromal_cell_Dpt_high         COVAR   12577     0.030178    0.0043638     0.080081      0.35315 Bladder.Stromal_cell_Dpt_high
Bladder.Umbrella_cell                 COVAR   12577     0.030468     0.013949     0.028286      0.14072 Bladder.Umbrella_cell
Bladder.Urothelium                    COVAR   12577     0.060011     0.017574     0.044801     0.090219 Bladder.Urothelium
Bladder.Vascular_endothelial...       COVAR   12577     0.085401       0.0106      0.10135      0.19973 Bladder.Vascular_endothelial_cell
Bladder.Vascular_smooth_musc...       COVAR   12577    0.0010913   0.00015174     0.068613      0.49366 Bladder.Vascular_smooth_muscle_progenitor_cell
Bone_Marrow.B_cell                    COVAR   12577     -0.21325    -0.025809      0.12906      0.95075 Bone_Marrow.B_cell
Bone_Marrow.B_cell_Igkc_high          COVAR   12577     -0.11507    -0.014939     0.078327      0.92908 Bone_Marrow.B_cell_Igkc_high
Bone_Marrow.Basophil                  COVAR   12577    0.0026269    0.0003666      0.10765      0.49027 Bone_Marrow.Basophil
Bone_Marrow.Basophils                 COVAR   12577     0.039449    0.0051632      0.12413      0.37532 Bone_Marrow.Basophils
Bone_Marrow.CXCL12.abundant_...       COVAR   12577    0.0091449    0.0013547     0.084427      0.45687 Bone_Marrow.CXCL12.abundant_reticular_cell
Bone_Marrow.Dendritic_cell_S...       COVAR   12577    -0.084214    -0.012961      0.06624      0.89818 Bone_Marrow.Dendritic_cell_Siglech_high
Bone_Marrow.Endothelial_cells         COVAR   12577    0.0093378    0.0013489     0.098866      0.46238 Bone_Marrow.Endothelial_cells
Bone_Marrow.Endothelial_cell...       COVAR   12577      -0.1723    -0.018507      0.13944      0.89169 Bone_Marrow.Endothelial_cells_Ly6c1_high
Bone_Marrow.Eosinophil_proge...       COVAR   12577    -0.052369   -0.0067055     0.096928       0.7055 Bone_Marrow.Eosinophil_progenitor_cell
Bone_Marrow.Eosinophils               COVAR   12577    -0.082579    -0.010185      0.10349      0.78754 Bone_Marrow.Eosinophils
Bone_Marrow.Erythroblast              COVAR   12577    -0.024379   -0.0032083      0.10058      0.59575 Bone_Marrow.Erythroblast
Bone_Marrow.Erythrocyte_prog...1      COVAR   12577    -0.074257    -0.013847     0.074536      0.84043 Bone_Marrow.Erythrocyte_progenitor_Car1_high
Bone_Marrow.Erythrocyte_prog...2      COVAR   12577    -0.024459   -0.0048897     0.061579      0.65439 Bone_Marrow.Erythrocyte_progenitor_Hba.a1_high
Bone_Marrow.Erythrocytes              COVAR   12577     0.020236    0.0031653     0.083861      0.40466 Bone_Marrow.Erythrocytes
Bone_Marrow.Fibroblasts               COVAR   12577     -0.16249    -0.021359     0.095614      0.95536 Bone_Marrow.Fibroblasts
Bone_Marrow.Granulocyte_mono...       COVAR   12577    -0.057337   -0.0088902     0.078124      0.76849 Bone_Marrow.Granulocyte_monocyte_progenitors
Bone_Marrow.Hematopoietic_st...       COVAR   12577    -0.018451   -0.0035908     0.059765      0.62123 Bone_Marrow.Hematopoietic_stem_progenitor_cell
Bone_Marrow.Macrophage_C1qc_...       COVAR   12577      0.11855     0.014488     0.098961      0.11548 Bone_Marrow.Macrophage_C1qc_high
Bone_Marrow.Macrophage_Cd74_...       COVAR   12577    -0.030413   -0.0041532     0.095554      0.62486 Bone_Marrow.Macrophage_Cd74_high
Bone_Marrow.Macrophage_Ms4a6...       COVAR   12577     0.038374    0.0083773     0.056933      0.25016 Bone_Marrow.Macrophage_Ms4a6c_high
Bone_Marrow.Macrophage_S100a...       COVAR   12577    -0.028309   -0.0039107     0.088034      0.62611 Bone_Marrow.Macrophage_S100a4_high
Bone_Marrow.Megakaryocyte             COVAR   12577   -0.0073638   -0.0014448     0.060617      0.54834 Bone_Marrow.Megakaryocyte
Bone_Marrow.Megakaryocyte_pr...       COVAR   12577     -0.12083    -0.017768     0.095203      0.89779 Bone_Marrow.Megakaryocyte_progenitor_cell
Bone_Marrow.Monocyte_progeni...1      COVAR   12577    -0.086208    -0.014145      0.10211      0.80072 Bone_Marrow.Monocyte_progenitor
Bone_Marrow.Monocyte_progeni...2      COVAR   12577      -0.1332    -0.026358     0.080444      0.95111 Bone_Marrow.Monocyte_progenitor_cell_Ctsg_high
Bone_Marrow.Monocyte_progeni...3      COVAR   12577     -0.18318    -0.024976      0.11583       0.9431 Bone_Marrow.Monocyte_progenitor_cell_Prtn3_high
Bone_Marrow.Monocyte_Prtn3_h...       COVAR   12577    -0.037222    -0.013841     0.029508      0.89641 Bone_Marrow.Monocyte_Prtn3_high
Bone_Marrow.MSC                       COVAR   12577     -0.22701    -0.027495      0.10943      0.98097 Bone_Marrow.MSC
Bone_Marrow.Multipotent_prog...       COVAR   12577     -0.12346    -0.017747      0.11473      0.85904 Bone_Marrow.Multipotent_progenitor_Ctla2a_high
Bone_Marrow.Myoblast                  COVAR   12577    -0.098742    -0.013595     0.089004      0.86636 Bone_Marrow.Myoblast
Bone_Marrow.Neutrophil_               COVAR   12577    -0.061881   -0.0082266       0.1203      0.69651 Bone_Marrow.Neutrophil_
Bone_Marrow.Neutrophil_Cebpe...       COVAR   12577    -0.018559   -0.0035181     0.052621      0.63784 Bone_Marrow.Neutrophil_Cebpe_high
Bone_Marrow.Neutrophil_Fcnb_...       COVAR   12577     -0.13529    -0.016817      0.11151      0.88748 Bone_Marrow.Neutrophil_Fcnb_high
Bone_Marrow.Neutrophil_Ighg1...       COVAR   12577     -0.11166     -0.01106       0.1323      0.80065 Bone_Marrow.Neutrophil_Ighg1_high
Bone_Marrow.Neutrophil_Lcn2_...       COVAR   12577     -0.23326    -0.021878      0.15587      0.93272 Bone_Marrow.Neutrophil_Lcn2_high
Bone_Marrow.Neutrophil_Ltf_h...       COVAR   12577     -0.11489    -0.013558      0.10418      0.86494 Bone_Marrow.Neutrophil_Ltf_high
Bone_Marrow.Neutrophil_Mmp8_...       COVAR   12577    -0.044731   -0.0054212     0.081841      0.70765 Bone_Marrow.Neutrophil_Mmp8_high
Bone_Marrow.Neutrophil_Ngp_h...       COVAR   12577     -0.10409    -0.010535      0.11204      0.82356 Bone_Marrow.Neutrophil_Ngp_high
Bone_Marrow.Neutrophil_proge...       COVAR   12577     -0.15797    -0.015842     0.094671      0.95239 Bone_Marrow.Neutrophil_progenitor
Bone_Marrow.Neutrophil_Retnl...       COVAR   12577     -0.15304    -0.016888     0.096931      0.94281 Bone_Marrow.Neutrophil_Retnlg_high
Bone_Marrow.Osteoblasts               COVAR   12577     -0.14985    -0.018875     0.099548      0.93387 Bone_Marrow.Osteoblasts
Bone_Marrow.Pre.pro_B_cell            COVAR   12577    -0.040877    -0.005026     0.098308      0.66122 Bone_Marrow.Pre.pro_B_cell
Bone_Marrow.Proerythrocytes           COVAR   12577     -0.05159   -0.0093272      0.07697      0.74865 Bone_Marrow.Proerythrocytes
Bone_Marrow.Stromal_cell_Cnm...       COVAR   12577    -0.026698   -0.0041968     0.080342      0.63017 Bone_Marrow.Stromal_cell_Cnmd_high
Bone_Marrow.Stromal_cell_Col...1      COVAR   12577     0.014191    0.0023214      0.07468      0.42465 Bone_Marrow.Stromal_cell_Col10a1_high
Bone_Marrow.Stromal_cell_Col...2      COVAR   12577     -0.15422    -0.020416     0.097303       0.9435 Bone_Marrow.Stromal_cell_Col1a2_high
Bone_Marrow.T_cell_Ms4a4b_hi...       COVAR   12577    -0.036927   -0.0034077      0.12586      0.61539 Bone_Marrow.T_cell_Ms4a4b_high
Brain.Astrocyte_Atp1b2_high           COVAR   12577     0.049771    0.0043922      0.10191      0.31264 Brain.Astrocyte_Atp1b2_high
Brain.Astrocyte_Mfe8_high             COVAR   12577      0.03698    0.0035172     0.099534      0.35512 Brain.Astrocyte_Mfe8_high
Brain.Astrocyte_Pla2g7_high           COVAR   12577     0.024389    0.0027868     0.071026      0.36566 Brain.Astrocyte_Pla2g7_high
Brain.Astroglial_cell                 COVAR   12577    -0.084211    -0.011341     0.069145      0.88835 Brain.Astroglial_cell
Brain.Granulocyte_Il33_high           COVAR   12577     0.099502     0.012955     0.065807     0.065278 Brain.Granulocyte_Il33_high
Brain.Granulocyte_Ngp_high            COVAR   12577     0.024359     0.005118      0.03919      0.26712 Brain.Granulocyte_Ngp_high
Brain.Hypothalamic_ependymal...       COVAR   12577   -0.0083994    -0.001561     0.049804      0.56696 Brain.Hypothalamic_ependymal_cell
Brain.Macrophage_Klf2_high            COVAR   12577    -0.032554   -0.0033395      0.10014      0.62744 Brain.Macrophage_Klf2_high
Brain.Macrophage_Lyz2_high            COVAR   12577    -0.034664   -0.0042701      0.10106       0.6342 Brain.Macrophage_Lyz2_high
Brain.Microglia                       COVAR   12577    -0.099682   -0.0090263      0.11364       0.8098 Brain.Microglia
Brain.Myelinating_oligodendr...       COVAR   12577     -0.11138    -0.012458     0.087078      0.89956 Brain.Myelinating_oligodendrocyte
Brain.Neuron                          COVAR   12577     0.037368    0.0027869      0.11064      0.36778 Brain.Neuron
Brain.Oligodendrocyte_precur...       COVAR   12577     -0.12911    -0.014547     0.088528      0.92763 Brain.Oligodendrocyte_precursor_cell
Brain.Pan.GABAergic                   COVAR   12577     -0.11822    -0.013992     0.090771       0.9036 Brain.Pan.GABAergic
Brain.Schwann_cell                    COVAR   12577    0.0015852   0.00032247      0.05079      0.48755 Brain.Schwann_cell
Kidney.B_cell                         COVAR   12577    -0.031738   -0.0048073     0.063205      0.69221 Kidney.B_cell
Kidney.Dendritic_cell_Ccr7_h...       COVAR   12577    -0.017349   -0.0020852     0.092232       0.5746 Kidney.Dendritic_cell_Ccr7_high
Kidney.Dendritic_cell_Cst3_h...       COVAR   12577      0.05758    0.0061607      0.10769      0.29644 Kidney.Dendritic_cell_Cst3_high
Kidney.Distal_collecting_duc...1      COVAR   12577     0.066894    0.0078362     0.099541      0.25079 Kidney.Distal_collecting_duct_principal_cell_Cldn4_high
Kidney.Distal_collecting_duc...2      COVAR   12577     0.095577    0.0096884      0.12121       0.2152 Kidney.Distal_collecting_duct_principal_cell_Hsd11b2_high
Kidney.Distal_convoluted_tub...1      COVAR   12577      0.02704    0.0029797      0.11176      0.40441 Kidney.Distal_convoluted_tubule_Pvalb_high
Kidney.Distal_convoluted_tub...2      COVAR   12577    -0.017848   -0.0018702      0.11717      0.56053 Kidney.Distal_convoluted_tubule_S100g_high
Kidney.Endothelial_cell               COVAR   12577     -0.01534   -0.0021549     0.089551      0.56801 Kidney.Endothelial_cell
Kidney.Epithelial_cell_Cryab...       COVAR   12577     0.030336    0.0035209      0.10034       0.3812 Kidney.Epithelial_cell_Cryab_high
Kidney.Fenestrated_endotheli...1      COVAR   12577    -0.077476   -0.0085133      0.10566       0.7683 Kidney.Fenestrated_endothelial_cell_Plvap_high
Kidney.Fenestrated_endotheli...2      COVAR   12577    -0.023866   -0.0022009      0.12431      0.57613 Kidney.Fenestrated_endothelial_cell_Tm4sf1_high
Kidney.Intercalated_cells_of...1      COVAR   12577    -0.018616   -0.0020833      0.11265      0.56563 Kidney.Intercalated_cells_of_collecting_duct_Aqp6_high
Kidney.Intercalated_cells_of...2      COVAR   12577     -0.02365   -0.0026415      0.11423      0.58201 Kidney.Intercalated_cells_of_collecting_duct_Slc26a4_high
Kidney.Macrophage_Ccl4_high_          COVAR   12577     -0.22432     -0.02687      0.11915      0.97012 Kidney.Macrophage_Ccl4_high_
Kidney.Macrophage_Lyz2_high           COVAR   12577     0.049714    0.0087008     0.062913      0.21471 Kidney.Macrophage_Lyz2_high
Kidney.Neutrophil_progenitor...       COVAR   12577   -0.0017705  -0.00031773     0.048534      0.51455 Kidney.Neutrophil_progenitor_S100a8_high
Kidney.Proximal_tubule_brush...       COVAR   12577    -0.074804   -0.0097425     0.084291      0.81257 Kidney.Proximal_tubule_brush_border_cell
Kidney.Proximal_tubule_cell_...1      COVAR   12577      -0.0586   -0.0069446     0.091627      0.73876 Kidney.Proximal_tubule_cell_Cyp4a14_high
Kidney.Proximal_tubule_cell_...2      COVAR   12577   -0.0074219  -0.00092869     0.089667      0.53298 Kidney.Proximal_tubule_cell_Osgin1_high
Kidney.S1_proximal_tubule_ce...       COVAR   12577    -0.031029   -0.0039217     0.089342      0.63581 Kidney.S1_proximal_tubule_cells
Kidney.S3_proximal_tubule_ce...       COVAR   12577    -0.011863    -0.001816     0.074684       0.5631 Kidney.S3_proximal_tubule_cells
Kidney.Stromal_cell_Ankrd1_h...       COVAR   12577   -0.0030235  -0.00030401     0.097678      0.51235 Kidney.Stromal_cell_Ankrd1_high
Kidney.Stromal_cell_Cxcl10_h...       COVAR   12577      0.10435     0.013479     0.081865      0.10123 Kidney.Stromal_cell_Cxcl10_high
Kidney.Stromal_cell_Dcn_high          COVAR   12577     0.055989    0.0073002     0.088794      0.26417 Kidney.Stromal_cell_Dcn_high
Kidney.Stromal_cell_Mgp_high          COVAR   12577     0.086072     0.011526     0.072935      0.11899 Kidney.Stromal_cell_Mgp_high
Kidney.Stromal_cell_Ptgds_hi...       COVAR   12577     0.030707    0.0033501      0.12299      0.40142 Kidney.Stromal_cell_Ptgds_high
Kidney.T_cell                         COVAR   12577     -0.17991     -0.01865      0.12855      0.91916 Kidney.T_cell
Kidney.Thick_ascending_limb_...       COVAR   12577     0.060925    0.0061538      0.12333      0.31066 Kidney.Thick_ascending_limb_of_the_loop_of_Henle
Kidney.Ureteric_epithelium            COVAR   12577      0.12722     0.017608     0.086224     0.070056 Kidney.Ureteric_epithelium
Liver.B_cell_Fcmr_high                COVAR   12577    -0.038656   -0.0037001      0.12342      0.62293 Liver.B_cell_Fcmr_high
Liver.B_cell_Jchain_high              COVAR   12577    -0.069653   -0.0081158     0.095757       0.7665 Liver.B_cell_Jchain_high
Liver.Dendritic_cell_Cst3_hi...       COVAR   12577    -0.018426   -0.0018489        0.136      0.55389 Liver.Dendritic_cell_Cst3_high
Liver.Dendritic_cell_Siglech...       COVAR   12577     0.043999    0.0044598       0.1129      0.34838 Liver.Dendritic_cell_Siglech_high
Liver.Endothelial_cell                COVAR   12577     0.021997    0.0018936      0.13186      0.43375 Liver.Endothelial_cell
Liver.Epithelia_cell_Spp1_hi...       COVAR   12577     0.091356    0.0084702      0.13561      0.25027 Liver.Epithelia_cell_Spp1_high
Liver.Epithelial_cell                 COVAR   12577      0.13122     0.021004     0.066101     0.023581 Liver.Epithelial_cell
Liver.Erythroblast_Hbb.bs_hi...       COVAR   12577      0.10258    0.0087208       0.1382      0.22898 Liver.Erythroblast_Hbb.bs_high
Liver.Erythroblast_Hbb.bt_hi...       COVAR   12577    -0.081843   -0.0096922     0.080001      0.84684 Liver.Erythroblast_Hbb.bt_high
Liver.Granulocyte                     COVAR   12577     -0.03039   -0.0029557      0.11555      0.60372 Liver.Granulocyte
Liver.Hepatocyte_Fabp1_high           COVAR   12577    -0.052297   -0.0065707     0.081849      0.73856 Liver.Hepatocyte_Fabp1_high
Liver.Hepatocyte_mt.Nd4_high          COVAR   12577    -0.029356   -0.0059005       0.0424      0.75564 Liver.Hepatocyte_mt.Nd4_high
Liver.Kuppfer_cell                    COVAR   12577     0.068434    0.0070609      0.10947      0.26595 Liver.Kuppfer_cell
Liver.Macrophage_Chil3_high           COVAR   12577    -0.057166   -0.0055276       0.1309      0.66883 Liver.Macrophage_Chil3_high
Liver.Neutrophil_Ngp_high             COVAR   12577    -0.049384   -0.0058369     0.081005      0.72895 Liver.Neutrophil_Ngp_high
Liver.Pericentral_                    COVAR   12577    -0.031551   -0.0038477       0.0848      0.64507 Liver.Pericentral_
Liver.Periportal_                     COVAR   12577      0.03758    0.0068719     0.052044      0.23513 Liver.Periportal_
Liver.Stromal_cell                    COVAR   12577      0.19769     0.023964     0.084318    0.0095328 Liver.Stromal_cell
Liver.T_cell_Gzma_high                COVAR   12577    -0.039754   -0.0038628      0.11538      0.63478 Liver.T_cell_Gzma_high
Liver.T_cell_Trbc2_high               COVAR   12577      0.14536     0.013462      0.14239      0.15367 Liver.T_cell_Trbc2_high
Lung.Alveolar_bipotent_proge...       COVAR   12577    -0.025551   -0.0034911     0.083654      0.61998 Lung.Alveolar_bipotent_progenitor
Lung.Alveolar_macrophage_Ear...       COVAR   12577     0.010696    0.0010805      0.13365      0.46811 Lung.Alveolar_macrophage_Ear2_high
Lung.Alveolar_macrophage_Pcl...       COVAR   12577     0.090576       0.0112     0.097984      0.17765 Lung.Alveolar_macrophage_Pclaf_high
Lung.AT1_Cell                         COVAR   12577      0.15399     0.016289      0.10549     0.072196 Lung.AT1_Cell
Lung.AT2_Cell                         COVAR   12577     -0.03306   -0.0033418      0.12916      0.60101 Lung.AT2_Cell
Lung.B_Cell                           COVAR   12577     0.059289     0.005642      0.14011      0.33609 Lung.B_Cell
Lung.Ciliated_cell                    COVAR   12577    -0.034303   -0.0041777     0.092366      0.64482 Lung.Ciliated_cell
Lung.Clara_Cell                       COVAR   12577    0.0074712   0.00082113      0.11723      0.47459 Lung.Clara_Cell
Lung.Conventional_dendritic_...1      COVAR   12577     -0.20965    -0.018073      0.14091      0.93159 Lung.Conventional_dendritic_cell_Gngt2_high
Lung.Conventional_dendritic_...2      COVAR   12577   -0.0042436  -0.00056465     0.077076      0.52195 Lung.Conventional_dendritic_cell_H2.M2_high
Lung.Conventional_dendritic_...3      COVAR   12577     0.021673     0.002441      0.10876      0.42103 Lung.Conventional_dendritic_cell_Mgl2_high
Lung.Conventional_dendritic_...4      COVAR   12577   -0.0042434    -0.000555     0.090126      0.51878 Lung.Conventional_dendritic_cell_Tubb5_high
Lung.Dendritic_cell_Naaa_high         COVAR   12577     -0.04437   -0.0047515      0.12476      0.63894 Lung.Dendritic_cell_Naaa_high
Lung.Dividing_cells                   COVAR   12577    -0.026311    -0.003792     0.090695      0.61413 Lung.Dividing_cells
Lung.Dividing_dendritic_cells         COVAR   12577    0.0091668     0.001315     0.084194      0.45665 Lung.Dividing_dendritic_cells
Lung.Dividing_T_cells                 COVAR   12577    -0.066804   -0.0090334     0.096237       0.7562 Lung.Dividing_T_cells
Lung.Endothelial_cell_Kdr_hi...       COVAR   12577    -0.042227   -0.0040899      0.10676      0.65377 Lung.Endothelial_cell_Kdr_high
Lung.Endothelial_cell_Tmem10...       COVAR   12577     0.018372    0.0017686      0.11797      0.43812 Lung.Endothelial_cell_Tmem100_high
Lung.Endothelial_cells_Vwf_h...       COVAR   12577      0.13314     0.017216     0.087172     0.063356 Lung.Endothelial_cells_Vwf_high
Lung.Eosinophil_granulocyte           COVAR   12577     -0.12481    -0.013184      0.08783      0.92232 Lung.Eosinophil_granulocyte
Lung.Ig.producing_B_cell              COVAR   12577   -0.0020761  -0.00041196     0.043465      0.51905 Lung.Ig.producing_B_cell
Lung.Interstitial_macrophage          COVAR   12577      0.02414    0.0023388      0.13647       0.4298 Lung.Interstitial_macrophage
Lung.Monocyte_progenitor_cell         COVAR   12577   -0.0012834  -0.00024013     0.064495      0.50794 Lung.Monocyte_progenitor_cell
Lung.Neutrophil_granulocyte           COVAR   12577    -0.041775   -0.0049459     0.092951      0.67344 Lung.Neutrophil_granulocyte
Lung.NK_Cell                          COVAR   12577     -0.26606    -0.021518      0.16259       0.9491 Lung.NK_Cell
Lung.Nuocyte                          COVAR   12577     -0.19415    -0.017567      0.12732      0.93634 Lung.Nuocyte
Lung.Plasmacytoid_dendritic_...       COVAR   12577      0.14114     0.012589      0.15905      0.18745 Lung.Plasmacytoid_dendritic_cell
Lung.Stromal_cell_Acta2_high          COVAR   12577   -0.0093886  -0.00094516      0.10702      0.53495 Lung.Stromal_cell_Acta2_high
Lung.Stromal_cell_Dcn_high            COVAR   12577     0.036549     0.004385      0.09797      0.35455 Lung.Stromal_cell_Dcn_high
Lung.Stromal_cell_Inmt_high           COVAR   12577     -0.01679   -0.0018432      0.10705      0.56231 Lung.Stromal_cell_Inmt_high
Lung.T_Cell_Cd8b1_high                COVAR   12577     -0.27147    -0.021823      0.15162       0.9633 Lung.T_Cell_Cd8b1_high
Mammary_Gland.Adiocyte_cell           COVAR   12577     0.019926   0.00099673      0.22372      0.46452 Mammary_Gland.Adiocyte_cell
Mammary_Gland.B_cell_Cd79a_h...       COVAR   12577    -0.096054    -0.009011       0.1235      0.78164 Mammary_Gland.B_cell_Cd79a_high
Mammary_Gland.B_cell_Cd79a.F...       COVAR   12577     -0.25193    -0.023174      0.14099      0.96301 Mammary_Gland.B_cell_Cd79a.Fcer2a_high
Mammary_Gland.B_cell_Cd79a.I...       COVAR   12577    -0.063041   -0.0054219      0.15197      0.66086 Mammary_Gland.B_cell_Cd79a.Iglc2_high
Mammary_Gland.B_cell_Igkv6.1...       COVAR   12577     0.062377    0.0038967      0.16503      0.35273 Mammary_Gland.B_cell_Igkv6.15_high
Mammary_Gland.B_cell_Igkv6.2...       COVAR   12577      -0.1693    -0.012043       0.1315      0.90102 Mammary_Gland.B_cell_Igkv6.23_high
Mammary_Gland.B_cell_Jchain_...       COVAR   12577      0.14173    0.0075102      0.25527      0.28937 Mammary_Gland.B_cell_Jchain_high
Mammary_Gland.B_cell_Ly6d_hi...       COVAR   12577     -0.11689    -0.011428      0.16605      0.75926 Mammary_Gland.B_cell_Ly6d_high
Mammary_Gland.Dendritic_cell          COVAR   12577     0.052709    0.0031479      0.17728      0.38311 Mammary_Gland.Dendritic_cell
Mammary_Gland.Dendritic_cell...1      COVAR   12577     -0.11156    -0.012098      0.10492      0.85617 Mammary_Gland.Dendritic_cell_Ccl22_high
Mammary_Gland.Dendritic_cell...2      COVAR   12577   -0.0062564  -0.00097857     0.087632      0.52846 Mammary_Gland.Dendritic_cell_Cd209a_high
Mammary_Gland.Dendritic_cell...3      COVAR   12577    -0.033361   -0.0040664      0.12254      0.60728 Mammary_Gland.Dendritic_cell_Cst3_high
Mammary_Gland.Dendritic_cell...4      COVAR   12577     -0.16458    -0.019553      0.11452      0.92466 Mammary_Gland.Dendritic_cell_Fscn1_high
Mammary_Gland.Dendritic_cell...5      COVAR   12577     -0.08895    -0.010568     0.089499      0.83984 Mammary_Gland.Dendritic_cell_Il1b_high
Mammary_Gland.Dendritic_cell...6      COVAR   12577     -0.19455    -0.018413      0.12751      0.93645 Mammary_Gland.Dendritic_cell_Siglech_high
Mammary_Gland.Dividing_cell           COVAR   12577     -0.13923    -0.020436      0.10386      0.90996 Mammary_Gland.Dividing_cell
Mammary_Gland.Ductal_luminal...       COVAR   12577     -0.22211     -0.01725      0.24305      0.81959 Mammary_Gland.Ductal_luminal_cell
Mammary_Gland.Endothelial_ce...1      COVAR   12577   -0.0049794   -0.0006519     0.085096      0.52333 Mammary_Gland.Endothelial_cell
Mammary_Gland.Endothelial_ce...2      COVAR   12577   -0.0080837  -0.00089758      0.10058      0.53203 Mammary_Gland.Endothelial_cell_Aqp1_high
Mammary_Gland.Endothelial_ce...4      COVAR   12577     -0.14107    -0.013182      0.12772      0.86531 Mammary_Gland.Endothelial_cell_Fabp4_high
Mammary_Gland.Endothelial_ce...3      COVAR   12577    -0.033339   -0.0043457     0.079164      0.66317 Mammary_Gland.Endothelial_cell_Fabp4.Aqp1_high
Mammary_Gland.Endothelial_ce...5      COVAR   12577     0.074269    0.0077461      0.10126      0.23164 Mammary_Gland.Endothelial_cell_Glycam1_high
Mammary_Gland.Luminal_cell            COVAR   12577    -0.078671   -0.0093453      0.12809      0.73045 Mammary_Gland.Luminal_cell
Mammary_Gland.Luminal_cell_K...       COVAR   12577    -0.049627   -0.0073216      0.10378      0.68374 Mammary_Gland.Luminal_cell_Krt19_high_
Mammary_Gland.Luminal_progen...       COVAR   12577      0.10344     0.014583      0.10191      0.15506 Mammary_Gland.Luminal_progenitor
Mammary_Gland.Macrophage              COVAR   12577     0.064274     0.013494     0.073669      0.19149 Mammary_Gland.Macrophage
Mammary_Gland.Macrophage_Apo...       COVAR   12577     0.019379    0.0020932      0.10867      0.42924 Mammary_Gland.Macrophage_Apoe_high
Mammary_Gland.Macrophage_C1q...1      COVAR   12577    0.0047167   0.00029581       0.1573      0.48804 Mammary_Gland.Macrophage_C1qb_high
Mammary_Gland.Macrophage_C1q...2      COVAR   12577     0.064775    0.0072282      0.11895      0.29303 Mammary_Gland.Macrophage_C1qc_high
Mammary_Gland.Macrophage_Cd7...       COVAR   12577     0.059248    0.0027741      0.27741      0.41544 Mammary_Gland.Macrophage_Cd74_high
Mammary_Gland.Macrophage_Lyz...       COVAR   12577    -0.026314   -0.0030585      0.13437      0.57762 Mammary_Gland.Macrophage_Lyz1_high
Mammary_Gland.Macrophage_Pf4...       COVAR   12577      0.10244    0.0096303      0.13031      0.21591 Mammary_Gland.Macrophage_Pf4_high
Mammary_Gland.Macrophage_Plb...       COVAR   12577     -0.01769   -0.0020818      0.11271      0.56236 Mammary_Gland.Macrophage_Plbd1_high
Mammary_Gland.Macrophage_Ret...       COVAR   12577      0.12088     0.013402      0.12585      0.16842 Mammary_Gland.Macrophage_Retnla_high
Mammary_Gland.Mast_cell               COVAR   12577     0.020199    0.0021837     0.090481      0.41168 Mammary_Gland.Mast_cell
Mammary_Gland.Muscel_cell             COVAR   12577     0.091241    0.0059009      0.14544      0.26523 Mammary_Gland.Muscel_cell
Mammary_Gland.Muscle__cell            COVAR   12577        -0.24      -0.0148      0.17164      0.91897 Mammary_Gland.Muscle__cell
Mammary_Gland.Muscle_cell             COVAR   12577     -0.17248   -0.0089568      0.20075      0.80487 Mammary_Gland.Muscle_cell
Mammary_Gland.Muscle_cell_In...       COVAR   12577    -0.030388   -0.0029982       0.1101      0.60873 Mammary_Gland.Muscle_cell_Inmt_high
Mammary_Gland.Muscle_cell_Pi...       COVAR   12577    -0.082321   -0.0084877       0.1139      0.76508 Mammary_Gland.Muscle_cell_Pi16_high
Mammary_Gland.Myeloid_leukoc...       COVAR   12577     -0.09709    -0.015335     0.088424      0.86389 Mammary_Gland.Myeloid_leukocyte
Mammary_Gland.Myoepithelial_...       COVAR   12577    -0.021506    -0.004114     0.074688       0.6133 Mammary_Gland.Myoepithelial_cell
Mammary_Gland.Natural_kill_c...       COVAR   12577     0.081979    0.0045924      0.19896      0.34016 Mammary_Gland.Natural_kill_cell
Mammary_Gland.NK_cell                 COVAR   12577     -0.14468    -0.014005      0.14092       0.8477 Mammary_Gland.NK_cell
Mammary_Gland.NK_cell_Cd8b1_...       COVAR   12577    -0.051708   -0.0046396      0.13188      0.65249 Mammary_Gland.NK_cell_Cd8b1_high
Mammary_Gland.NK_cell_Gzma_h...       COVAR   12577     -0.19805    -0.021656      0.14366      0.91597 Mammary_Gland.NK_cell_Gzma_high
Mammary_Gland.NK_cells_Gzmb_...       COVAR   12577     -0.11813    -0.029536     0.063937      0.96765 Mammary_Gland.NK_cells_Gzmb_high
Mammary_Gland.Secretory_alve...1      COVAR   12577      0.10064     0.026714     0.067983     0.069395 Mammary_Gland.Secretory_alveoli_cell
Mammary_Gland.Secretory_alve...3      COVAR   12577     0.061075    0.0037609      0.16492      0.35557 Mammary_Gland.Secretory_alveoli_cell_Actb_high
Mammary_Gland.Secretory_alve...4      COVAR   12577    -0.058676   -0.0040344      0.16099      0.64224 Mammary_Gland.Secretory_alveoli_cell_Apod_high
Mammary_Gland.Secretory_alve...5      COVAR   12577    -0.016391  -0.00096739      0.17641      0.53701 Mammary_Gland.Secretory_alveoli_cell_Atf3_high
Mammary_Gland.Secretory_alve...2      COVAR   12577      0.24019     0.015477      0.15159     0.056555 Mammary_Gland.Secretory_alveoli_cell_AW112010_high
Mammary_Gland.Secretory_alve...6      COVAR   12577    -0.087871   -0.0052811      0.18942      0.67863 Mammary_Gland.Secretory_alveoli_cell_Bckdha_high
Mammary_Gland.Secretory_alve...7      COVAR   12577     0.010401   0.00073028      0.16615      0.47504 Mammary_Gland.Secretory_alveoli_cell_Ccng1_high
Mammary_Gland.Secretory_alve...8      COVAR   12577        0.252     0.016606      0.14854     0.044907 Mammary_Gland.Secretory_alveoli_cell_Cd63_high
Mammary_Gland.Secretory_alve...9      COVAR   12577    -0.041508   -0.0028387      0.13625      0.61968 Mammary_Gland.Secretory_alveoli_cell_Cd83_high
Mammary_Gland.Secretory_alve...10     COVAR   12577     -0.10473   -0.0068351      0.17027      0.73075 Mammary_Gland.Secretory_alveoli_cell_Cfd_high
Mammary_Gland.Secretory_alve...11     COVAR   12577     -0.15383   -0.0095483      0.18666      0.79505 Mammary_Gland.Secretory_alveoli_cell_Cgrrf1_high
Mammary_Gland.Secretory_alve...12     COVAR   12577     -0.07154   -0.0048415      0.13083      0.70775 Mammary_Gland.Secretory_alveoli_cell_Cide.Wfdc3.Wap_high
Mammary_Gland.Secretory_alve...14     COVAR   12577     -0.14062   -0.0079929        0.176      0.78783 Mammary_Gland.Secretory_alveoli_cell_Cidea_high
Mammary_Gland.Secretory_alve...13     COVAR   12577      0.12634    0.0079521      0.14034      0.18401 Mammary_Gland.Secretory_alveoli_cell_Cidea.Elovl5_high
Mammary_Gland.Secretory_alve...15     COVAR   12577     -0.17842    -0.013303       0.1213      0.92933 Mammary_Gland.Secretory_alveoli_cell_Clu_high
Mammary_Gland.Secretory_alve...16     COVAR   12577    -0.053166   -0.0032547      0.15504      0.63417 Mammary_Gland.Secretory_alveoli_cell_Cnp_high
Mammary_Gland.Secretory_alve...17     COVAR   12577    -0.072324    -0.005491      0.10742      0.74961 Mammary_Gland.Secretory_alveoli_cell_Crip1_high
Mammary_Gland.Secretory_alve...18     COVAR   12577      0.11635     0.015059      0.11197      0.14939 Mammary_Gland.Secretory_alveoli_cell_Csn2_high
Mammary_Gland.Secretory_alve...19     COVAR   12577   -0.0053764  -0.00040481      0.11894      0.51803 Mammary_Gland.Secretory_alveoli_cell_Cyb561_high
Mammary_Gland.Secretory_alve...20     COVAR   12577      -0.1529   -0.0099614      0.16924      0.81685 Mammary_Gland.Secretory_alveoli_cell_Dnajb1_high
Mammary_Gland.Secretory_alve...21     COVAR   12577      0.11823     0.008176      0.15032      0.21578 Mammary_Gland.Secretory_alveoli_cell_Ehf_high
Mammary_Gland.Secretory_alve...22     COVAR   12577     0.021187    0.0018222      0.10386      0.41918 Mammary_Gland.Secretory_alveoli_cell_Fcer1g_high
Mammary_Gland.Secretory_alve...25     COVAR   12577      -0.2009    -0.012976      0.13886        0.926 Mammary_Gland.Secretory_alveoli_cell_Fth1_high
Mammary_Gland.Secretory_alve...23     COVAR   12577     -0.10245    -0.011195     0.074115      0.91654 Mammary_Gland.Secretory_alveoli_cell_Fth1.Cib1_high
Mammary_Gland.Secretory_alve...24     COVAR   12577      0.15804      0.01162       0.1279       0.1083 Mammary_Gland.Secretory_alveoli_cell_Fth1.Wfdc3_high
Mammary_Gland.Secretory_alve...26     COVAR   12577     0.035728    0.0021517       0.1797      0.42121 Mammary_Gland.Secretory_alveoli_cell_Gadd45b_high
Mammary_Gland.Secretory_alve...27     COVAR   12577    0.0093037   0.00057625       0.1614      0.47702 Mammary_Gland.Secretory_alveoli_cell_Ggnbp2_high
Mammary_Gland.Secretory_alve...28     COVAR   12577   -0.0022322  -0.00013396      0.18586      0.50479 Mammary_Gland.Secretory_alveoli_cell_Gm1673_high
Mammary_Gland.Secretory_alve...29     COVAR   12577    -0.049468   -0.0028811      0.18196      0.60714 Mammary_Gland.Secretory_alveoli_cell_Gpx3_high
Mammary_Gland.Secretory_alve...30     COVAR   12577     -0.14798   -0.0088397      0.18647      0.78626 Mammary_Gland.Secretory_alveoli_cell_Hes1_high
Mammary_Gland.Secretory_alve...31     COVAR   12577     -0.16549    -0.010651      0.16309      0.84487 Mammary_Gland.Secretory_alveoli_cell_Hsp90aa1_high
Mammary_Gland.Secretory_alve...32     COVAR   12577      0.17117     0.010242       0.1818      0.17323 Mammary_Gland.Secretory_alveoli_cell_Hspa1a_high
Mammary_Gland.Secretory_alve...33     COVAR   12577     -0.13547    -0.012524      0.10277      0.90627 Mammary_Gland.Secretory_alveoli_cell_Ifi27l2a_high
Mammary_Gland.Secretory_alve...34     COVAR   12577     -0.10734   -0.0068472      0.17308      0.73242 Mammary_Gland.Secretory_alveoli_cell_Ifi35_high
Mammary_Gland.Secretory_alve...35     COVAR   12577    -0.049708    -0.003427        0.145      0.63413 Mammary_Gland.Secretory_alveoli_cell_Igfbp7_high
Mammary_Gland.Secretory_alve...36     COVAR   12577    -0.088984   -0.0053084      0.18247       0.6871 Mammary_Gland.Secretory_alveoli_cell_Ighm1_high
Mammary_Gland.Secretory_alve...38     COVAR   12577     -0.26267    -0.017907      0.13394      0.97505 Mammary_Gland.Secretory_alveoli_cell_Igkv1.110_high
Mammary_Gland.Secretory_alve...37     COVAR   12577     0.019506    0.0012677      0.14499      0.44649 Mammary_Gland.Secretory_alveoli_cell_Igkv1.110.P4hb_high
Mammary_Gland.Secretory_alve...39     COVAR   12577      0.38973      0.02501      0.14767    0.0041617 Mammary_Gland.Secretory_alveoli_cell_Igkv1.117_high
Mammary_Gland.Secretory_alve...40     COVAR   12577     0.049255    0.0031447      0.15814      0.37773 Mammary_Gland.Secretory_alveoli_cell_Iglc1_high
Mammary_Gland.Secretory_alve...41     COVAR   12577     -0.13497   -0.0087228      0.15693      0.80511 Mammary_Gland.Secretory_alveoli_cell_Igsf8_high
Mammary_Gland.Secretory_alve...42     COVAR   12577    0.0071621   0.00044074      0.17896      0.48404 Mammary_Gland.Secretory_alveoli_cell_Kif5b_high
Mammary_Gland.Secretory_alve...43     COVAR   12577     0.091129    0.0053922      0.17385      0.30008 Mammary_Gland.Secretory_alveoli_cell_Klf2_high
Mammary_Gland.Secretory_alve...44     COVAR   12577     -0.05706   -0.0034579       0.1852      0.62099 Mammary_Gland.Secretory_alveoli_cell_Klf6_high
Mammary_Gland.Secretory_alve...45     COVAR   12577     -0.10309   -0.0067708      0.13893      0.77095 Mammary_Gland.Secretory_alveoli_cell_Lgals1_high
Mammary_Gland.Secretory_alve...46     COVAR   12577   -0.0056519  -0.00039114      0.13673      0.51649 Mammary_Gland.Secretory_alveoli_cell_Ly6a_high
Mammary_Gland.Secretory_alve...47     COVAR   12577    -0.014199   -0.0010032      0.15261      0.53706 Mammary_Gland.Secretory_alveoli_cell_Lyz2_high
Mammary_Gland.Secretory_alve...48     COVAR   12577     0.014154   0.00088261      0.16302      0.46541 Mammary_Gland.Secretory_alveoli_cell_Malat1_high
Mammary_Gland.Secretory_alve...49     COVAR   12577    -0.038029   -0.0022838      0.16723      0.58994 Mammary_Gland.Secretory_alveoli_cell_Mat2a_high
Mammary_Gland.Secretory_alve...50     COVAR   12577     -0.04741   -0.0028077      0.17079      0.60933 Mammary_Gland.Secretory_alveoli_cell_Mrpl15_high
Mammary_Gland.Secretory_alve...76     COVAR   12577    -0.036646   -0.0021382      0.19037      0.57632 Mammary_Gland.Secretory_alveoli_cell_mt.Tp_high
Mammary_Gland.Secretory_alve...51     COVAR   12577     0.020668    0.0013328      0.14239       0.4423 Mammary_Gland.Secretory_alveoli_cell_Naxd_high
Mammary_Gland.Secretory_alve...52     COVAR   12577    -0.044219   -0.0026748      0.18283      0.59555 Mammary_Gland.Secretory_alveoli_cell_Pa2g4_high
Mammary_Gland.Secretory_alve...53     COVAR   12577     -0.12937   -0.0092453      0.13496       0.8311 Mammary_Gland.Secretory_alveoli_cell_Prkcsh_high
Mammary_Gland.Secretory_alve...54     COVAR   12577     -0.10532   -0.0066929      0.16762      0.73509 Mammary_Gland.Secretory_alveoli_cell_Ptpn18_high
Mammary_Gland.Secretory_alve...55     COVAR   12577      -0.1566   -0.0097338      0.15545      0.84312 Mammary_Gland.Secretory_alveoli_cell_Rac2_high
Mammary_Gland.Secretory_alve...56     COVAR   12577    -0.066674   -0.0042133      0.15339       0.6681 Mammary_Gland.Secretory_alveoli_cell_Retnla_high
Mammary_Gland.Secretory_alve...57     COVAR   12577    -0.011071  -0.00074779      0.14156      0.53117 Mammary_Gland.Secretory_alveoli_cell_Rgs2_high_Rora_high
Mammary_Gland.Secretory_alve...58     COVAR   12577      0.13294    0.0086405       0.1431      0.17646 Mammary_Gland.Secretory_alveoli_cell_Rhob_high
Mammary_Gland.Secretory_alve...59     COVAR   12577    -0.065686   -0.0045117      0.13029      0.69292 Mammary_Gland.Secretory_alveoli_cell_S100a11_high
Mammary_Gland.Secretory_alve...60     COVAR   12577     -0.09755    -0.006537      0.15363      0.73727 Mammary_Gland.Secretory_alveoli_cell_Sars_high
Mammary_Gland.Secretory_alve...61     COVAR   12577     -0.26344    -0.016801      0.15408      0.95633 Mammary_Gland.Secretory_alveoli_cell_Sh3bgrl3_high
Mammary_Gland.Secretory_alve...62     COVAR   12577    -0.062262   -0.0040987      0.16453      0.64744 Mammary_Gland.Secretory_alveoli_cell_Snord118_high
Mammary_Gland.Secretory_alve...63     COVAR   12577    -0.039843   -0.0024269      0.19116      0.58255 Mammary_Gland.Secretory_alveoli_cell_Spp1_high
Mammary_Gland.Secretory_alve...64     COVAR   12577     -0.11914   -0.0073872      0.17594      0.75085 Mammary_Gland.Secretory_alveoli_cell_Srsf11_high
Mammary_Gland.Secretory_alve...65     COVAR   12577      0.16426     0.012597      0.12581     0.095856 Mammary_Gland.Secretory_alveoli_cell_Taf1d_high
Mammary_Gland.Secretory_alve...66     COVAR   12577    -0.021193   -0.0013548      0.13797      0.56104 Mammary_Gland.Secretory_alveoli_cell_Thy1_high
Mammary_Gland.Secretory_alve...67     COVAR   12577      -0.1132    -0.007633      0.13714      0.79542 Mammary_Gland.Secretory_alveoli_cell_Tmem123_high
Mammary_Gland.Secretory_alve...68     COVAR   12577     -0.12061   -0.0072295      0.16174      0.77207 Mammary_Gland.Secretory_alveoli_cell_Tmsb10_high
Mammary_Gland.Secretory_alve...69     COVAR   12577     0.057388    0.0060293      0.13838      0.33917 Mammary_Gland.Secretory_alveoli_cell_Trf_high
Mammary_Gland.Secretory_alve...70     COVAR   12577    -0.044575   -0.0031011      0.14769       0.6186 Mammary_Gland.Secretory_alveoli_cell_Tubb5_high
Mammary_Gland.Secretory_alve...71     COVAR   12577      0.09161    0.0056065      0.16665      0.29126 Mammary_Gland.Secretory_alveoli_cell_Tyrobp_high
Mammary_Gland.Secretory_alve...72     COVAR   12577     0.087377    0.0057976      0.16134      0.29406 Mammary_Gland.Secretory_alveoli_cell_Ube2e3_high
Mammary_Gland.Secretory_alve...73     COVAR   12577    -0.062388   -0.0035702      0.19439      0.62587 Mammary_Gland.Secretory_alveoli_cell_Wfdc17_high
Mammary_Gland.Secretory_alve...74     COVAR   12577    -0.036913   -0.0030697     0.097576      0.64739 Mammary_Gland.Secretory_alveoli_cell_Wfdc3.Wap_high
Mammary_Gland.Secretory_alve...75     COVAR   12577     -0.11298   -0.0070832      0.17628       0.7392 Mammary_Gland.Secretory_alveoli_cell_Yif1b1_high
Mammary_Gland.Stem_and_proge...       COVAR   12577    -0.099527    -0.010093      0.13827      0.76418 Mammary_Gland.Stem_and_progenitor_cell
Mammary_Gland.Stromal_cell            COVAR   12577    -0.029389   -0.0028764      0.13318      0.58732 Mammary_Gland.Stromal_cell
Mammary_Gland.Stromal_cell_C...       COVAR   12577     0.019053    0.0021319      0.11958       0.4367 Mammary_Gland.Stromal_cell_Col3a1_high
Mammary_Gland.Stromal_cell_P...       COVAR   12577      -0.0531   -0.0067437     0.099492      0.70322 Mammary_Gland.Stromal_cell_Pi16_high
Mammary_Gland.T_cell                  COVAR   12577     -0.11083    -0.010106      0.18456      0.72591 Mammary_Gland.T_cell
Mammary_Gland.T_cell_Cd8b1_h...       COVAR   12577     -0.17341    -0.014282      0.16712      0.85027 Mammary_Gland.T_cell_Cd8b1_high
Mammary_Gland.T_cell_Grwd1_h...       COVAR   12577    -0.050821   -0.0082746     0.050317      0.84375 Mammary_Gland.T_cell_Grwd1_high
Mammary_Gland.T_cell_Icos_hi...       COVAR   12577    -0.046401   -0.0042317      0.12325      0.64671 Mammary_Gland.T_cell_Icos_high
Mammary_Gland.T_cell_Ly6c2_h...       COVAR   12577      -0.1873    -0.016469      0.15372      0.88846 Mammary_Gland.T_cell_Ly6c2_high
Mammary_Gland.T_cell_Pclaf_h...       COVAR   12577     -0.16701    -0.019873       0.1231      0.91256 Mammary_Gland.T_cell_Pclaf_high
Mammary_Gland.T.cells_Ctla4_...       COVAR   12577     -0.31436    -0.031708      0.14645      0.98407 Mammary_Gland.T.cells_Ctla4_high
Muscle.B_cell_Jchain_high             COVAR   12577     -0.21277    -0.027841     0.088749      0.99174 Muscle.B_cell_Jchain_high
Muscle.B_cell_Vpreb3_high             COVAR   12577      -0.1186    -0.014078      0.11053      0.85836 Muscle.B_cell_Vpreb3_high
Muscle.Dendritic_cell                 COVAR   12577     0.031804    0.0035802      0.08361      0.35183 Muscle.Dendritic_cell
Muscle.Endothelial_cell               COVAR   12577     -0.17511     -0.01733      0.10164      0.95754 Muscle.Endothelial_cell
Muscle.Erythroblast_Car1_high         COVAR   12577    -0.018595    -0.005101     0.046721      0.65468 Muscle.Erythroblast_Car1_high
Muscle.Erythroblast_Car2_high         COVAR   12577     0.088722      0.01085     0.091732      0.16674 Muscle.Erythroblast_Car2_high
Muscle.Granulocyte_monocyte_...       COVAR   12577     -0.11894    -0.018284      0.10094      0.88065 Muscle.Granulocyte_monocyte_progenitor_cell
Muscle.Macrophage_Ms4a6c_high         COVAR   12577     0.032814    0.0042843      0.12582      0.39712 Muscle.Macrophage_Ms4a6c_high
Muscle.Macrophage_Retnla_high         COVAR   12577      0.15566     0.020132     0.094548     0.049855 Muscle.Macrophage_Retnla_high
Muscle.Muscle_cell_Tnnc1_high         COVAR   12577     0.046802    0.0073801     0.055556      0.19978 Muscle.Muscle_cell_Tnnc1_high
Muscle.Muscle_cell_Tnnc2_high         COVAR   12577    -0.093436    -0.013489     0.066121      0.92117 Muscle.Muscle_cell_Tnnc2_high
Muscle.Muscle_progenitor_cell         COVAR   12577     0.091456    0.0087269      0.12819      0.23779 Muscle.Muscle_progenitor_cell
Muscle.Neutrophil_Camp_high           COVAR   12577     -0.11579    -0.013339        0.104      0.86723 Muscle.Neutrophil_Camp_high
Muscle.Neutrophil_Prg2_high           COVAR   12577    0.0014566   0.00025844     0.045519      0.48724 Muscle.Neutrophil_Prg2_high
Muscle.Neutrophil_Retnlg_high         COVAR   12577    -0.033394   -0.0041424     0.077394      0.66694 Muscle.Neutrophil_Retnlg_high
Muscle.Stromal_cell                   COVAR   12577     0.012789    0.0014041      0.10074      0.44949 Muscle.Stromal_cell
Muscle.T_cell                         COVAR   12577    0.0026487   0.00033819     0.068216      0.48451 Muscle.T_cell
Ovary.Cumulus_cell_Car14_high         COVAR   12577    -0.027449   -0.0037232      0.11022      0.59833 Ovary.Cumulus_cell_Car14_high
Ovary.Cumulus_cell_Nupr1_high         COVAR   12577   -0.0013343  -0.00014174      0.14156      0.50376 Ovary.Cumulus_cell_Nupr1_high
Ovary.Cumulus_cell_Ube2c_high         COVAR   12577     0.014062    0.0022416      0.09029      0.43812 Ovary.Cumulus_cell_Ube2c_high
Ovary.Granulosa_cell_Inhba_h...       COVAR   12577    -0.016281    -0.001927      0.11987      0.55402 Ovary.Granulosa_cell_Inhba_high
Ovary.Granulosa_cell_Kctd14_...       COVAR   12577      0.17653     0.019136      0.13009     0.087415 Ovary.Granulosa_cell_Kctd14_high
Ovary.Large_luteal_cell               COVAR   12577    -0.021069    -0.003801     0.082373      0.60093 Ovary.Large_luteal_cell
Ovary.luteal_cells                    COVAR   12577      0.02442      0.00664     0.054869      0.32814 Ovary.luteal_cells
Ovary.Macrophage_Lyz2_high            COVAR   12577     0.058562    0.0088098     0.098183      0.27544 Ovary.Macrophage_Lyz2_high
Ovary.Marcrophage_Cd74_high           COVAR   12577     0.038197    0.0047535     0.075878      0.30734 Ovary.Marcrophage_Cd74_high
Ovary.Ovarian_surface_epithe...       COVAR   12577      0.06389    0.0093877      0.09199      0.24368 Ovary.Ovarian_surface_epithelium_cell
Ovary.Ovarian_vascular_surfa...       COVAR   12577    -0.045635   -0.0085331      0.07797      0.72082 Ovary.Ovarian_vascular_surface_endothelium_cell
Ovary.Small_luteal_cell               COVAR   12577    -0.059303   -0.0058784      0.14721      0.65646 Ovary.Small_luteal_cell
Ovary.Stroma_cell_                    COVAR   12577    -0.051854   -0.0066449      0.12479      0.66111 Ovary.Stroma_cell_
Ovary.Thecal_cell                     COVAR   12577      0.22821     0.029801      0.11306     0.021781 Ovary.Thecal_cell
Pancreas.Acinar_cell                  COVAR   12577     0.033626    0.0038068     0.085971      0.34786 Pancreas.Acinar_cell
Pancreas.B_cell                       COVAR   12577    -0.054324   -0.0069268     0.070424      0.77975 Pancreas.B_cell
Pancreas.Dendrtic_cell                COVAR   12577      0.05461    0.0060008      0.11477      0.31711 Pancreas.Dendrtic_cell
Pancreas.Dividing_cell                COVAR   12577    -0.057742    -0.010653     0.062417      0.82254 Pancreas.Dividing_cell
Pancreas.Ductal_cell                  COVAR   12577      0.15697     0.016699      0.12979      0.11326 Pancreas.Ductal_cell
Pancreas.Endocrine_cell               COVAR   12577     0.022179    0.0021557      0.12803      0.43123 Pancreas.Endocrine_cell
Pancreas.Endothelial_cell_Fa...       COVAR   12577     -0.10736   -0.0098401      0.12652      0.80193 Pancreas.Endothelial_cell_Fabp4_high
Pancreas.Endothelial_cell_Lr...       COVAR   12577     -0.10117    -0.013118     0.084045      0.88564 Pancreas.Endothelial_cell_Lrg1_high
Pancreas.Endothelial_cell_Tm...       COVAR   12577     -0.14502    -0.013465      0.11926      0.88799 Pancreas.Endothelial_cell_Tm4sf1_high
Pancreas.Erythroblast_Hbb.bt...       COVAR   12577   -0.0018197  -0.00025833     0.073373      0.50989 Pancreas.Erythroblast_Hbb.bt_high
Pancreas.Erythroblast_Igkc_h...       COVAR   12577     0.058484    0.0053218       0.1087      0.29528 Pancreas.Erythroblast_Igkc_high
Pancreas.Granulocyte                  COVAR   12577    -0.071456    -0.012009     0.050781      0.92029 Pancreas.Granulocyte
Pancreas.Macrophage                   COVAR   12577     0.087691    0.0073887       0.1479      0.27663 Pancreas.Macrophage
Pancreas.Macrophage_Ly6c2_hi...       COVAR   12577    -0.079577   -0.0084858       0.1015      0.78346 Pancreas.Macrophage_Ly6c2_high
Pancreas.Smooth_muscle_cell_...1      COVAR   12577       -0.124    -0.013075     0.098957      0.89489 Pancreas.Smooth_muscle_cell_Acta2_high
Pancreas.Smooth_muscle_cell_...2      COVAR   12577   -0.0037395  -0.00036852     0.094153      0.51584 Pancreas.Smooth_muscle_cell_Rgs5_high
Pancreas.Stromal_cell_Fn1_hi...       COVAR   12577      0.03818    0.0044415     0.096551      0.34626 Pancreas.Stromal_cell_Fn1_high
Pancreas.Stromal_cell_Mfap4_...       COVAR   12577    -0.034352   -0.0046969     0.081983      0.66239 Pancreas.Stromal_cell_Mfap4_high
Pancreas.Stromal_cell_Smoc2_...       COVAR   12577   -0.0069666  -0.00076114      0.10403       0.5267 Pancreas.Stromal_cell_Smoc2_high
Pancreas.T_cell                       COVAR   12577    -0.066109    -0.006861     0.095785      0.75495 Pancreas.T_cell
Pancreas.β.cell                      COVAR   12577    -0.029078   -0.0039274     0.091192      0.62508 Pancreas.β.cell
Peripheral_Blood.B_cell_Igha...       COVAR   12577     0.023596    0.0037748     0.078264      0.38152 Peripheral_Blood.B_cell_Igha_high
Peripheral_Blood.B_cell_Ly6d...       COVAR   12577    -0.078537    -0.006307       0.1622      0.68588 Peripheral_Blood.B_cell_Ly6d_high
Peripheral_Blood.B_cell_Rps2...       COVAR   12577    -0.059334   -0.0046023       0.1272      0.67955 Peripheral_Blood.B_cell_Rps27rt_high
Peripheral_Blood.B_cell_Vpre...       COVAR   12577     -0.14098    -0.018258      0.10092      0.91876 Peripheral_Blood.B_cell_Vpreb3_high
Peripheral_Blood.Basophil_Pr...       COVAR   12577     0.082386    0.0091276      0.11963      0.24552 Peripheral_Blood.Basophil_Prss34_high
Peripheral_Blood.Dendritic_c...       COVAR   12577    -0.056496   -0.0058393      0.13303      0.66446 Peripheral_Blood.Dendritic_cell_Siglech_high
Peripheral_Blood.Erythroblas...1      COVAR   12577    -0.026177    -0.006536     0.049184      0.70271 Peripheral_Blood.Erythroblast_Car2_high
Peripheral_Blood.Erythroblas...2      COVAR   12577    -0.032661   -0.0055994     0.047129      0.75584 Peripheral_Blood.Erythroblast_Hba.a2_high
Peripheral_Blood.Macrophage_...1      COVAR   12577    -0.099511   -0.0087583      0.14441      0.75461 Peripheral_Blood.Macrophage_Ace_high
Peripheral_Blood.Macrophage_...2      COVAR   12577    -0.066869   -0.0073339      0.10501      0.73787 Peripheral_Blood.Macrophage_Flt.ps1_high
Peripheral_Blood.Macrophage_...3      COVAR   12577      0.10021      0.01352     0.065974     0.064404 Peripheral_Blood.Macrophage_Pf4_high
Peripheral_Blood.Macrophage_...4      COVAR   12577     0.063988    0.0062512      0.14618       0.3308 Peripheral_Blood.Macrophage_S100a4_high
Peripheral_Blood.Monocyte_El...       COVAR   12577    -0.075927    -0.014587      0.08038      0.82756 Peripheral_Blood.Monocyte_Elane_high
Peripheral_Blood.Monocyte_F1...       COVAR   12577    -0.032098   -0.0043616      0.10724      0.61764 Peripheral_Blood.Monocyte_F13a1_high
Peripheral_Blood.Neutrophil_...1      COVAR   12577    -0.079858   -0.0090211      0.10627       0.7738 Peripheral_Blood.Neutrophil_Camp_high
Peripheral_Blood.Neutrophil_...2      COVAR   12577    -0.086887   -0.0076954      0.12998      0.74808 Peripheral_Blood.Neutrophil_Il1b_high
Peripheral_Blood.Neutrophil_...3      COVAR   12577     -0.12672    -0.012648      0.10515      0.88592 Peripheral_Blood.Neutrophil_Ltf_high
Peripheral_Blood.Neutrophil_...4      COVAR   12577    -0.077036   -0.0095905     0.074937      0.84802 Peripheral_Blood.Neutrophil_Retnlg_high
Peripheral_Blood.NK_cell_Gzm...       COVAR   12577     -0.16693    -0.013873      0.16583      0.84294 Peripheral_Blood.NK_cell_Gzma_high
Peripheral_Blood.T_cell_Gm14...       COVAR   12577     0.021025    0.0016224      0.15103      0.44464 Peripheral_Blood.T_cell_Gm14303_high
Peripheral_Blood.T_cell_Trbc...       COVAR   12577     -0.14644    -0.012082      0.16753      0.80896 Peripheral_Blood.T_cell_Trbc2_high
Prostate.Dendritic_cell               COVAR   12577    -0.034498   -0.0020597      0.18456      0.57414 Prostate.Dendritic_cell
Prostate.Epithelial_cell              COVAR   12577      0.02226    0.0013762      0.20665      0.45711 Prostate.Epithelial_cell
Prostate.Glandular_epithelium         COVAR   12577    -0.058983   -0.0033092      0.21228      0.60943 Prostate.Glandular_epithelium
Prostate.Prostate_gland_cell          COVAR   12577     0.010313    0.0005571      0.23545      0.48253 Prostate.Prostate_gland_cell
Prostate.Stromal_cell                 COVAR   12577     -0.16423   -0.0088168      0.22572      0.76655 Prostate.Stromal_cell
Prostate.T_cell                       COVAR   12577      0.23106     0.014349      0.18491      0.10575 Prostate.T_cell
Small_Intestine.B_cell_Ighd_...       COVAR   12577     -0.20848    -0.020883      0.12182      0.95648 Small_Intestine.B_cell_Ighd_high
Small_Intestine.B_cell_Igkv1...       COVAR   12577    -0.064239   -0.0073669      0.11198       0.7169 Small_Intestine.B_cell_Igkv12.46_high
Small_Intestine.B_cell_Jchai...       COVAR   12577    -0.029899   -0.0028081      0.13596      0.58702 Small_Intestine.B_cell_Jchain_high
Small_Intestine.B_cell_Ms4a1...       COVAR   12577    -0.094381    -0.013158     0.098531      0.83093 Small_Intestine.B_cell_Ms4a1_high
Small_Intestine.Columnar_epi...       COVAR   12577    -0.015189    -0.002617     0.075719      0.57949 Small_Intestine.Columnar_epithelium
Small_Intestine.Dendritic_ce...       COVAR   12577    -0.062071   -0.0072898     0.098794      0.73509 Small_Intestine.Dendritic_cell_Siglech_high
Small_Intestine.Dendrtic_cel...       COVAR   12577     -0.10202    -0.012895      0.10519      0.83395 Small_Intestine.Dendrtic_cell_Cst3_high
Small_Intestine.Epithelial_c...1      COVAR   12577     0.084415     0.012583     0.094497      0.18585 Small_Intestine.Epithelial_cell_Kcne3_high
Small_Intestine.Epithelial_c...2      COVAR   12577     0.014625    0.0027233     0.064295      0.41003 Small_Intestine.Epithelial_cell_Sh2d6_high
Small_Intestine.Epithelium_o...1      COVAR   12577    0.0068732    0.0011774     0.065685      0.45833 Small_Intestine.Epithelium_of_small_intestinal_villi_Fabp1_high
Small_Intestine.Epithelium_o...2      COVAR   12577     0.053209    0.0091677     0.064996       0.2065 Small_Intestine.Epithelium_of_small_intestinal_villi_Fabp6_high
Small_Intestine.Epithelium_o...3      COVAR   12577     -0.10368   -0.0098867      0.10503       0.8382 Small_Intestine.Epithelium_of_small_intestinal_villi_Gm23935_high
Small_Intestine.Epithelium_o...5      COVAR   12577    0.0039478   0.00039862      0.08428      0.48132 Small_Intestine.Epithelium_of_small_intestinal_villi_mt.Nd1_high
Small_Intestine.Epithelium_o...4      COVAR   12577     -0.05846   -0.0065586     0.078115      0.77288 Small_Intestine.Epithelium_of_small_intestinal_villi_S100g_high
Small_Intestine.Erythroblast          COVAR   12577     -0.12474    -0.014241     0.079771      0.94104 Small_Intestine.Erythroblast
Small_Intestine.Macrophage_A...       COVAR   12577    -0.094168   -0.0092259      0.11517      0.79321 Small_Intestine.Macrophage_Apoe_high
Small_Intestine.Macrophage_C...       COVAR   12577    -0.024244   -0.0034882     0.061056      0.65434 Small_Intestine.Macrophage_Cxcl2_high
Small_Intestine.Macrophage_G...       COVAR   12577     -0.19078    -0.024326     0.085087      0.98751 Small_Intestine.Macrophage_G0s2_high
Small_Intestine.Mast_cell             COVAR   12577    -0.010496   -0.0016439     0.058412       0.5713 Small_Intestine.Mast_cell
Small_Intestine.Paneth_cell           COVAR   12577    -0.097188     -0.01288      0.10126       0.8314 Small_Intestine.Paneth_cell
Small_Intestine.S_cell_Chgb_...       COVAR   12577    -0.029612    -0.005915     0.053121      0.71138 Small_Intestine.S_cell_Chgb_high
Small_Intestine.S_cell_Gip_h...       COVAR   12577    -0.049348   -0.0077567     0.067945      0.76616 Small_Intestine.S_cell_Gip_high
Small_Intestine.Stromal_cell...1      COVAR   12577    -0.066064    -0.011929     0.063335      0.85154 Small_Intestine.Stromal_cell_Adamdec1_high
Small_Intestine.Stromal_cell...2      COVAR   12577     0.026378    0.0051893     0.055895       0.3185 Small_Intestine.Stromal_cell_Dcn_high
Small_Intestine.T_cell_Ccl5_...       COVAR   12577     -0.38393    -0.032296      0.16432      0.99026 Small_Intestine.T_cell_Ccl5_high
Small_Intestine.T_cell_Cd7_h...       COVAR   12577     -0.22383    -0.024576      0.13275      0.95409 Small_Intestine.T_cell_Cd7_high
Small_Intestine.T_cell_Icos_...       COVAR   12577     -0.29679    -0.034608      0.12446      0.99144 Small_Intestine.T_cell_Icos_high
Small_Intestine.T_cell_Ms4a4...       COVAR   12577     -0.14406    -0.018528     0.092485      0.94032 Small_Intestine.T_cell_Ms4a4b_high
Spleen.Dendritic_cell_S100a4...       COVAR   12577     -0.13265    -0.012826      0.13679      0.83391 Spleen.Dendritic_cell_S100a4_high
Spleen.Dendritic_cell_Siglec...       COVAR   12577    -0.022607   -0.0025002      0.10594      0.58449 Spleen.Dendritic_cell_Siglech_high
Spleen.Erythroblast                   COVAR   12577    -0.030106    -0.011723     0.031616      0.82951 Spleen.Erythroblast
Spleen.Granulocyte                    COVAR   12577    0.0021288   0.00019108      0.12023      0.49294 Spleen.Granulocyte
Spleen.Macrophage                     COVAR   12577     0.091452     0.011194     0.095134      0.16821 Spleen.Macrophage
Spleen.Marginal_zone_B_cell           COVAR   12577     -0.16097    -0.013839      0.16245      0.83912 Spleen.Marginal_zone_B_cell
Spleen.Monocyte                       COVAR   12577     -0.11707    -0.012003      0.13396      0.80892 Spleen.Monocyte
Spleen.Neutrophil                     COVAR   12577     -0.06269    -0.010018     0.069051      0.81802 Spleen.Neutrophil
Spleen.NK_cell                        COVAR   12577     -0.26798    -0.021233      0.15727      0.95579 Spleen.NK_cell
Spleen.Plasma_cell                    COVAR   12577    -0.055284   -0.0077494     0.092203      0.72561 Spleen.Plasma_cell
Spleen.T_cell                         COVAR   12577     -0.33378    -0.027362      0.17808      0.96955 Spleen.T_cell
Stomach.Antral_mucous_cell_           COVAR   12577     0.074194     0.012126     0.087591      0.19849 Stomach.Antral_mucous_cell_
Stomach.Dendritic_cell                COVAR   12577     0.052493      0.01033     0.062503       0.2005 Stomach.Dendritic_cell
Stomach.Dividing_cell                 COVAR   12577     0.078714      0.01687     0.066674       0.1189 Stomach.Dividing_cell
Stomach.Epithelial_cell_Gkn3...       COVAR   12577      0.12337     0.021724     0.078573     0.058201 Stomach.Epithelial_cell_Gkn3_high
Stomach.Epithelial_cell_Krt2...       COVAR   12577     0.071303     0.014306     0.063287      0.12995 Stomach.Epithelial_cell_Krt20_high
Stomach.Epithelial_cell_Pla2...       COVAR   12577    -0.015887   -0.0025842      0.06212      0.60092 Stomach.Epithelial_cell_Pla2g1b_high
Stomach.G_cell                        COVAR   12577     0.028177    0.0031586      0.11153      0.40028 Stomach.G_cell
Stomach.Gastric_mucosal_cell          COVAR   12577     0.020507     0.003413     0.077397      0.39552 Stomach.Gastric_mucosal_cell
Stomach.Macrophage                    COVAR   12577   -0.0019501  -0.00023205     0.090837      0.50856 Stomach.Macrophage
Stomach.Muscle_cell                   COVAR   12577     0.046551    0.0055681      0.09749      0.31651 Stomach.Muscle_cell
Stomach.Parietal_cell_                COVAR   12577    -0.043914    -0.011016     0.052134      0.80019 Stomach.Parietal_cell_
Stomach.Pit_cell_Gm26917_high         COVAR   12577       0.0876     0.013673     0.074562      0.12004 Stomach.Pit_cell_Gm26917_high
Stomach.Pit_cell_Ifrd1_high           COVAR   12577     0.099774     0.019861     0.065056      0.06257 Stomach.Pit_cell_Ifrd1_high
Stomach.Stomach_cell_Gkn2_hi...       COVAR   12577      0.10265      0.01482      0.08867      0.12352 Stomach.Stomach_cell_Gkn2_high
Stomach.Stomach_cell_Mt2_high         COVAR   12577     0.087168     0.017112     0.068395      0.10126 Stomach.Stomach_cell_Mt2_high
Stomach.Stomach_cell_Muc5ac_...       COVAR   12577     0.062873     0.011144     0.070236      0.18536 Stomach.Stomach_cell_Muc5ac_high
Stomach.Tuft_cell                     COVAR   12577     0.060214     0.012046     0.061215      0.16266 Stomach.Tuft_cell
Testis.Elongating_spermatid           COVAR   12577     -0.17292    -0.018184     0.085548      0.97837 Testis.Elongating_spermatid
Testis.Erythroblast_Hbb.bs_h...       COVAR   12577     -0.13161    -0.013455     0.081616      0.94656 Testis.Erythroblast_Hbb.bs_high
Testis.Leydig_cell                    COVAR   12577      -0.0978    -0.011477     0.085069      0.87485 Testis.Leydig_cell
Testis.Macrophage_Lyz2_high           COVAR   12577     -0.15463    -0.018928     0.077025      0.97764 Testis.Macrophage_Lyz2_high
Testis.Pre.Sertoli_cell_Cst9...       COVAR   12577     -0.16151    -0.017609     0.081726      0.97592 Testis.Pre.Sertoli_cell_Cst9_high
Testis.Pre.Sertoli_cell_Ctsl...       COVAR   12577    -0.051621   -0.0074032     0.060695      0.80247 Testis.Pre.Sertoli_cell_Ctsl_high
Testis.Preleptotene_spermato...       COVAR   12577     -0.13366    -0.016624     0.075548      0.96155 Testis.Preleptotene_spermatogonia
Testis.Sertoli_cell                   COVAR   12577     -0.11394    -0.013933     0.080323      0.92197 Testis.Sertoli_cell
Testis.Spermatids_1700016P04...       COVAR   12577     -0.22224    -0.021911     0.090136      0.99315 Testis.Spermatids_1700016P04Rik_high
Testis.Spermatids_Cst13_high          COVAR   12577    -0.081685    -0.014194     0.048714       0.9532 Testis.Spermatids_Cst13_high
Testis.Spermatids_Hmgb4_high          COVAR   12577    -0.061536    -0.010284       0.0483      0.89866 Testis.Spermatids_Hmgb4_high
Testis.Spermatids_Tnp1_high           COVAR   12577     -0.13364    -0.017648     0.065242      0.97972 Testis.Spermatids_Tnp1_high
Testis.Spermatocyte_1700001F...       COVAR   12577    -0.049339    -0.014931      0.02823      0.95973 Testis.Spermatocyte_1700001F09Rik_high
Testis.Spermatocyte_Cabs1_hi...       COVAR   12577     -0.17299    -0.021683      0.06771      0.99468 Testis.Spermatocyte_Cabs1_high
Testis.Spermatocyte_Calm2_hi...       COVAR   12577     -0.13953    -0.021602     0.061087      0.98881 Testis.Spermatocyte_Calm2_high
Testis.Spermatocyte_Mesp1_hi...       COVAR   12577     -0.18371    -0.023768     0.070159      0.99558 Testis.Spermatocyte_Mesp1_high
Testis.Spermatocyte_Slc2a3_h...       COVAR   12577    -0.066795    -0.017554     0.032382      0.98042 Testis.Spermatocyte_Slc2a3_high
Testis.Spermatogonia_1700001...       COVAR   12577     -0.13241    -0.017818     0.065476      0.97842 Testis.Spermatogonia_1700001P01Rik_high
Testis.Spermatogonia_Tbc1d23...       COVAR   12577    -0.046437    -0.014375     0.026822      0.95829 Testis.Spermatogonia_Tbc1d23_high
Thymus.abT_cell                       COVAR   12577     -0.26787     -0.02382      0.14061       0.9716 Thymus.abT_cell
Thymus.B_cell                         COVAR   12577     -0.26745    -0.026379      0.13182      0.97875 Thymus.B_cell
Thymus.DPT_cell                       COVAR   12577     -0.17586     -0.01499        0.142      0.89221 Thymus.DPT_cell
Thymus.gdT_cell_                      COVAR   12577     -0.18837    -0.021583      0.10555      0.96282 Thymus.gdT_cell_
Thymus.Pre_T_cell                     COVAR   12577    -0.022884   -0.0045774     0.051555      0.67143 Thymus.Pre_T_cell
Thymus.Proliferating_thymocy...       COVAR   12577     -0.11126     -0.01416     0.091963      0.88682 Thymus.Proliferating_thymocyte
Thymus.T_cell_Id2_high                COVAR   12577   -0.0087195   -0.0012272     0.083184      0.54174 Thymus.T_cell_Id2_high
Thymus.T_cell_Ms4a4b_high             COVAR   12577     -0.19693    -0.019787      0.13089      0.93377 Thymus.T_cell_Ms4a4b_high
Uterus.B_cell                         COVAR   12577     0.043001    0.0073803     0.063784      0.25011 Uterus.B_cell
Uterus.Dendritic_cell                 COVAR   12577      0.10065    0.0092314      0.15298      0.25528 Uterus.Dendritic_cell
Uterus.Endothelial_cell_Cldn...       COVAR   12577    0.0048648   0.00057079     0.093401      0.47923 Uterus.Endothelial_cell_Cldn5_high
Uterus.Endothelial_cell_Tm4s...       COVAR   12577      0.10622     0.010284      0.13162      0.20985 Uterus.Endothelial_cell_Tm4sf1_high
Uterus.Glandular_epithelium_...1      COVAR   12577    -0.063564   -0.0086872      0.10794      0.72202 Uterus.Glandular_epithelium_Ltf_high
Uterus.Glandular_epithelium_...2      COVAR   12577     0.076549     0.016998     0.069167      0.13422 Uterus.Glandular_epithelium_Sprr2f_high
Uterus.Granulocyte                    COVAR   12577     0.051344    0.0050462      0.11787      0.33156 Uterus.Granulocyte
Uterus.Keratinocyte                   COVAR   12577      0.12574     0.015374     0.091351     0.084349 Uterus.Keratinocyte
Uterus.Macrophage                     COVAR   12577     0.070705    0.0079557      0.12542      0.28648 Uterus.Macrophage
Uterus.Monocyte                       COVAR   12577     0.056864    0.0060473      0.12257      0.32135 Uterus.Monocyte
Uterus.Muscle_cell_Mgp_high           COVAR   12577    -0.062693   -0.0051199      0.14402      0.66833 Uterus.Muscle_cell_Mgp_high
Uterus.Muscle_cell_Pcp4_high          COVAR   12577    -0.065232   -0.0076916     0.088212      0.77019 Uterus.Muscle_cell_Pcp4_high
Uterus.NK_cell                        COVAR   12577      0.12716     0.013411       0.1321       0.1679 Uterus.NK_cell
Uterus.Smooth_muscle_cell_Rg...       COVAR   12577    -0.078339   -0.0071758      0.10779      0.76631 Uterus.Smooth_muscle_cell_Rgs5_high
Uterus.Stromal_cell_Ccl11_hi...       COVAR   12577     0.049957    0.0083584     0.072065      0.24409 Uterus.Stromal_cell_Ccl11_high
Uterus.Stromal_cell_Cxcl14_h...       COVAR   12577    -0.040446   -0.0032685      0.16341      0.59774 Uterus.Stromal_cell_Cxcl14_high
Uterus.Stromal_cell_Gm23935_...       COVAR   12577     0.068088    0.0078372        0.108      0.26421 Uterus.Stromal_cell_Gm23935_high
Uterus.Stromal_cell_Has1_high         COVAR   12577      0.09048       0.0162     0.068128     0.092088 Uterus.Stromal_cell_Has1_high
Uterus.Stromal_cell_Hsd11b2_...       COVAR   12577     0.086606    0.0091529      0.11333      0.22238 Uterus.Stromal_cell_Hsd11b2_high
