# MEAN_SAMPLE_SIZE = 54886
# TOTAL_GENES = 12577
# TEST_DIRECTION = one-sided, positive (set), one-sided, positive (covar)
# CONDITIONED_INTERNAL = gene size, gene density, sample size, inverse mac, log(gene size), log(gene density), log(sample size), log(inverse mac)
# CONDITIONED_HIDDEN = Average (covar)
VARIABLE                              TYPE  NGENES         BETA     BETA_STD           SE            P FULL_NAME
Neonatal_Calvaria.Dividng_ce...      COVAR   12577      0.26058     0.029874      0.11416     0.011237 Neonatal_Calvaria.Dividng_cell
Neonatal_Calvaria.Endothelia...      COVAR   12577      0.10678      0.01168      0.11839      0.18357 Neonatal_Calvaria.Endothelial_cell
Neonatal_Calvaria.Erythrobla...      COVAR   12577     0.040683     0.006851      0.05968      0.24773 Neonatal_Calvaria.Erythroblast
Neonatal_Calvaria.Granulocyt...      COVAR   12577    -0.046879   -0.0056707      0.10238      0.67648 Neonatal_Calvaria.Granulocyte_monocyte_progenitor_cell
Neonatal_Calvaria.Mast_cell          COVAR   12577      0.18072       0.0193      0.13535     0.090925 Neonatal_Calvaria.Mast_cell
Neonatal_Calvaria.Muscle_cel...1     COVAR   12577      0.18741     0.020375      0.11373     0.049699 Neonatal_Calvaria.Muscle_cell_Actc1_high
Neonatal_Calvaria.Muscle_cel...2     COVAR   12577      0.28271     0.031015      0.11626    0.0075217 Neonatal_Calvaria.Muscle_cell_Junb_high
Neonatal_Calvaria.Muscle_cel...3     COVAR   12577     0.043604    0.0041403      0.12147      0.35981 Neonatal_Calvaria.Muscle_cell_Myl9_high
Neonatal_Calvaria.Neuron             COVAR   12577      0.14419     0.012966      0.17592      0.20622 Neonatal_Calvaria.Neuron
Neonatal_Calvaria.Neutrophil         COVAR   12577      0.19202     0.021066      0.12279     0.058952 Neonatal_Calvaria.Neutrophil
Neonatal_Calvaria.Osteoblast.        COVAR   12577        0.259     0.026969      0.13748       0.0298 Neonatal_Calvaria.Osteoblast.
Neonatal_Calvaria.Preosteobl...      COVAR   12577      0.26211     0.028389      0.12689     0.019442 Neonatal_Calvaria.Preosteoblast.Osteoblast.Bone_cell.Cartilage_cell
Neonatal_Calvaria.Stromal_ce...1     COVAR   12577    -0.099498    -0.010322      0.15429      0.74049 Neonatal_Calvaria.Stromal_cell_Col1a1_high
Neonatal_Calvaria.Stromal_ce...2     COVAR   12577     0.093431    0.0091935      0.11318      0.20456 Neonatal_Calvaria.Stromal_cell_Col3a1_high
Neonatal_Heart.Atrial_cardio...1     COVAR   12577    -0.035964     -0.00419      0.11099      0.62704 Neonatal_Heart.Atrial_cardiomyocyte
Neonatal_Heart.Atrial_cardio...2     COVAR   12577     -0.38947    -0.033161      0.17264      0.98795 Neonatal_Heart.Atrial_cardiomyocyte_Acta2_high
Neonatal_Heart.Cardiac_muscl...      COVAR   12577    0.0022676    0.0002497     0.098603      0.49083 Neonatal_Heart.Cardiac_muscle_cell
Neonatal_Heart.Dendritic_cell        COVAR   12577     0.058221    0.0058453      0.13086       0.3282 Neonatal_Heart.Dendritic_cell
Neonatal_Heart.Dividing_cell         COVAR   12577     -0.18459    -0.018534      0.15219       0.8874 Neonatal_Heart.Dividing_cell
Neonatal_Heart.Endothelial_c...1     COVAR   12577     -0.16017    -0.022995     0.077962      0.98002 Neonatal_Heart.Endothelial_cell_Eln_high
Neonatal_Heart.Endothelial_c...2     COVAR   12577     -0.25812    -0.029132      0.11131      0.98979 Neonatal_Heart.Endothelial_cell_Enpp2_high
Neonatal_Heart.Endothelial_c...3     COVAR   12577      0.07695    0.0070469      0.17274      0.32799 Neonatal_Heart.Endothelial_cell_Igfbp5_high
Neonatal_Heart.Epithelial_ce...      COVAR   12577    -0.012904   -0.0014812      0.10157      0.55055 Neonatal_Heart.Epithelial_cell
Neonatal_Heart.Left_ventricl...      COVAR   12577     -0.05073    -0.005495      0.12195      0.66128 Neonatal_Heart.Left_ventricle_cardiomyocyte_Myl2_high
Neonatal_Heart.Macrophage            COVAR   12577     0.081273    0.0078735      0.14067      0.28171 Neonatal_Heart.Macrophage
Neonatal_Heart.Neutrophil_Ng...      COVAR   12577      0.13838     0.015544      0.10045     0.084181 Neonatal_Heart.Neutrophil_Ngp_high
Neonatal_Heart.Neutrophil_Re...      COVAR   12577     -0.05214   -0.0062405     0.089962      0.71889 Neonatal_Heart.Neutrophil_Retnlg_high
Neonatal_Heart.Smooth_muscle...      COVAR   12577      -0.1392    -0.013246      0.15569      0.81435 Neonatal_Heart.Smooth_muscle_cell
Neonatal_Heart.Stromal_cell_...1     COVAR   12577    -0.090987   -0.0075511      0.21032      0.66735 Neonatal_Heart.Stromal_cell_Col3a1_high
Neonatal_Heart.Stromal_cell_...2     COVAR   12577     -0.15336    -0.014035      0.18162      0.80078 Neonatal_Heart.Stromal_cell_Fmod_high
Neonatal_Heart.Vascular_endo...      COVAR   12577     -0.22015    -0.022317      0.13857      0.94392 Neonatal_Heart.Vascular_endothelial_cell
Neonatal_Heart.Ventricle_car...      COVAR   12577      -0.1486    -0.013423      0.14646      0.84483 Neonatal_Heart.Ventricle_cardiomyocyte_Kcnj8_high
Neonatal_Muscle.Adipocyte.           COVAR   12577    -0.067978   -0.0093295     0.098977      0.75389 Neonatal_Muscle.Adipocyte.
Neonatal_Muscle.B_cell               COVAR   12577       -0.245    -0.031219      0.10596      0.98961 Neonatal_Muscle.B_cell
Neonatal_Muscle.Brown_adipos...      COVAR   12577     -0.12373    -0.020532     0.073527      0.95378 Neonatal_Muscle.Brown_adipose_tissue
Neonatal_Muscle.Chondrocyte          COVAR   12577      0.36388     0.039007      0.14816    0.0070335 Neonatal_Muscle.Chondrocyte
Neonatal_Muscle.Dendritic_ce...      COVAR   12577    -0.037034   -0.0045026     0.097896      0.64739 Neonatal_Muscle.Dendritic_cell
Neonatal_Muscle.Endothelial_...      COVAR   12577     -0.22802    -0.025312      0.13298      0.95679 Neonatal_Muscle.Endothelial_cell
Neonatal_Muscle.Epithelial_c...      COVAR   12577     -0.21317    -0.022242      0.15315      0.91801 Neonatal_Muscle.Epithelial_cell
Neonatal_Muscle.Erythroblast...1     COVAR   12577     0.019451    0.0032168      0.07715      0.40048 Neonatal_Muscle.Erythroblast_Car2_high
Neonatal_Muscle.Erythroblast...2     COVAR   12577     0.026567    0.0032673     0.088903      0.38253 Neonatal_Muscle.Erythroblast_Hbb.bs_high
Neonatal_Muscle.Glial_cell           COVAR   12577    -0.034278   -0.0035769      0.12756      0.60592 Neonatal_Muscle.Glial_cell
Neonatal_Muscle.Macrophage_L...      COVAR   12577     0.087706    0.0088229      0.14604      0.27408 Neonatal_Muscle.Macrophage_Lyz2_high
Neonatal_Muscle.Macrophage_P...      COVAR   12577     0.063896    0.0068334      0.12986      0.31135 Neonatal_Muscle.Macrophage_Pf4_high
Neonatal_Muscle.Mast_cell            COVAR   12577    -0.027522   -0.0030159      0.11432      0.59512 Neonatal_Muscle.Mast_cell
Neonatal_Muscle.Mesenchymal_...      COVAR   12577     0.064611    0.0058761      0.19511      0.37027 Neonatal_Muscle.Mesenchymal_cell
Neonatal_Muscle.Muscle_cell_...1     COVAR   12577    -0.044918   -0.0046814      0.13473      0.63058 Neonatal_Muscle.Muscle_cell_Actc1_high
Neonatal_Muscle.Muscle_cell_...2     COVAR   12577     -0.38598    -0.039437      0.16446      0.99053 Neonatal_Muscle.Muscle_cell_Myl9_high
Neonatal_Muscle.Neuron               COVAR   12577  -0.00066704  -6.8108e-05      0.14514      0.50183 Neonatal_Muscle.Neuron
Neonatal_Muscle.Neutrophil_E...      COVAR   12577    -0.066386    -0.010457     0.087137      0.77692 Neonatal_Muscle.Neutrophil_Elane_high
Neonatal_Muscle.Neutrophil_H...      COVAR   12577      0.06068    0.0073963     0.082427      0.23082 Neonatal_Muscle.Neutrophil_Hmox1_high
Neonatal_Muscle.Neutrophil_S...      COVAR   12577     0.035813     0.003223      0.15519      0.40875 Neonatal_Muscle.Neutrophil_Stfa3_high
Neonatal_Muscle.Skeletal_mus...1     COVAR   12577    -0.015026   -0.0016072      0.14089      0.54247 Neonatal_Muscle.Skeletal_muscle_cell_Myl1_high
Neonatal_Muscle.Skeletal_mus...2     COVAR   12577      0.03136    0.0049026     0.067034      0.31996 Neonatal_Muscle.Skeletal_muscle_cell_Tnnc2_high
Neonatal_Muscle.Smooth_muscl...      COVAR   12577     -0.18189    -0.020579      0.13282      0.91457 Neonatal_Muscle.Smooth_muscle_cell_Mylk_high
Neonatal_Muscle.Stromal_cell...1     COVAR   12577     -0.19574    -0.018494      0.18709      0.85226 Neonatal_Muscle.Stromal_cell_Ndn_high
Neonatal_Muscle.Stromal_cell...2     COVAR   12577    -0.075032    -0.010937     0.073424      0.84657 Neonatal_Muscle.Stromal_cell_Spp1_high
Neonatal_Muscle.T_cell               COVAR   12577    -0.086313    -0.012023     0.086405      0.84108 Neonatal_Muscle.T_cell
Neonatal_Muscle.Tendon_stem....      COVAR   12577    -0.015852   -0.0017312      0.14115      0.54471 Neonatal_Muscle.Tendon_stem.progenitor_cell
Neonatal_Rib.B_cell                  COVAR   12577     -0.15987    -0.017558      0.13686      0.87861 Neonatal_Rib.B_cell
Neonatal_Rib.Cartilage_cell_...1     COVAR   12577      0.25419     0.030998      0.12037     0.017363 Neonatal_Rib.Cartilage_cell_Clu_high
Neonatal_Rib.Cartilage_cell_...2     COVAR   12577      0.19387     0.021702      0.13085     0.069242 Neonatal_Rib.Cartilage_cell_Col2a1_high
Neonatal_Rib.Cartilage_cell_...3     COVAR   12577       0.1742     0.024526      0.10113     0.042506 Neonatal_Rib.Cartilage_cell_Cxcl14_high
Neonatal_Rib.Cartilage_cell_...4     COVAR   12577       0.1242      0.01756       0.1052      0.11888 Neonatal_Rib.Cartilage_cell_Ppa1_high
Neonatal_Rib.Cartilage_cell_...5     COVAR   12577      0.17136     0.024358      0.10558     0.052313 Neonatal_Rib.Cartilage_cell_Prg4_high
Neonatal_Rib.Dividing_cell           COVAR   12577      0.10437     0.013933     0.094923      0.13578 Neonatal_Rib.Dividing_cell
Neonatal_Rib.Endothelial_cell        COVAR   12577     -0.18255    -0.024112      0.10107      0.96454 Neonatal_Rib.Endothelial_cell
Neonatal_Rib.Erythroblast_Hb...      COVAR   12577   -0.0061391  -0.00087925     0.099751      0.52454 Neonatal_Rib.Erythroblast_Hba.a1_high
Neonatal_Rib.Erythroblast_Tt...      COVAR   12577     0.017637    0.0016474      0.18225      0.46145 Neonatal_Rib.Erythroblast_Ttr_high
Neonatal_Rib.Granulocyte             COVAR   12577  -7.4618e-05  -8.8675e-06       0.1304      0.50023 Neonatal_Rib.Granulocyte
Neonatal_Rib.Macrophage_C1qc...      COVAR   12577     0.083853     0.011339      0.10217      0.20592 Neonatal_Rib.Macrophage_C1qc_high
Neonatal_Rib.Macrophage_Ctss...      COVAR   12577    -0.011252   -0.0013827      0.11794        0.538 Neonatal_Rib.Macrophage_Ctss_high
Neonatal_Rib.Muscle_cell             COVAR   12577     0.098413     0.010867      0.14738      0.25215 Neonatal_Rib.Muscle_cell
Neonatal_Rib.Muscle_cell_Act...1     COVAR   12577    -0.049473   -0.0060518      0.10019      0.68927 Neonatal_Rib.Muscle_cell_Acta2_high
Neonatal_Rib.Muscle_cell_Act...2     COVAR   12577     0.032185    0.0044256     0.078578      0.34106 Neonatal_Rib.Muscle_cell_Actc1_high
Neonatal_Rib.Neuron_Mpz_high         COVAR   12577    -0.074004   -0.0072663      0.11972      0.73176 Neonatal_Rib.Neuron_Mpz_high
Neonatal_Rib.Neuron_Stmn2_hi...      COVAR   12577    -0.046037   -0.0063928     0.085948      0.70389 Neonatal_Rib.Neuron_Stmn2_high
Neonatal_Rib.Neutrophil              COVAR   12577    -0.094173   -0.0099501      0.11826      0.78706 Neonatal_Rib.Neutrophil
Neonatal_Rib.Neutrophil_Elan...      COVAR   12577   -0.0025093  -0.00039537      0.09048      0.51106 Neonatal_Rib.Neutrophil_Elane_high
Neonatal_Rib.Oligodendrocyte         COVAR   12577    -0.040699   -0.0060437       0.0737       0.7096 Neonatal_Rib.Oligodendrocyte
Neonatal_Rib.Osteoblast              COVAR   12577     -0.14392    -0.021238     0.098031      0.92894 Neonatal_Rib.Osteoblast
Neonatal_Rib.Osteoclast              COVAR   12577   -0.0093713   -0.0016674     0.071438      0.55218 Neonatal_Rib.Osteoclast
Neonatal_Rib.Stromal_cell_Ac...      COVAR   12577     -0.08451   -0.0096223      0.15959      0.70178 Neonatal_Rib.Stromal_cell_Acta1_high
Neonatal_Rib.Stromal_cell_Tn...      COVAR   12577     -0.13415    -0.014099      0.15387      0.80833 Neonatal_Rib.Stromal_cell_Tnmd_high
Neonatal_Skin.Adipocyte              COVAR   12577      0.02159    0.0027553      0.10645      0.41964 Neonatal_Skin.Adipocyte
Neonatal_Skin.Brown_adipose_...1     COVAR   12577    -0.032838   -0.0059978      0.06689      0.68826 Neonatal_Skin.Brown_adipose_tissue_Cidea_high
Neonatal_Skin.Brown_adipose_...2     COVAR   12577   0.00091635   0.00013698     0.090818      0.49597 Neonatal_Skin.Brown_adipose_tissue_Cox8b_high
Neonatal_Skin.Brown_adipose_...3     COVAR   12577    -0.063334   -0.0094032     0.076571      0.79591 Neonatal_Skin.Brown_adipose_tissue_mt.Nd5_high
Neonatal_Skin.Dividing_cell          COVAR   12577    -0.071811   -0.0074077      0.15692      0.67639 Neonatal_Skin.Dividing_cell
Neonatal_Skin.Endothelial_ce...      COVAR   12577    -0.075524   -0.0088193      0.12276       0.7308 Neonatal_Skin.Endothelial_cell
Neonatal_Skin.Epithelial_cell        COVAR   12577     -0.11079    -0.010472      0.15952      0.75633 Neonatal_Skin.Epithelial_cell
Neonatal_Skin.Erythroblast           COVAR   12577   -0.0064233  -0.00065331        0.141      0.51817 Neonatal_Skin.Erythroblast
Neonatal_Skin.Keratinocyte           COVAR   12577      0.24259     0.027446      0.13234     0.033409 Neonatal_Skin.Keratinocyte
Neonatal_Skin.Lymphatic_vess...      COVAR   12577    -0.066466    -0.010323     0.081052      0.79389 Neonatal_Skin.Lymphatic_vessel_endothelial_cell
Neonatal_Skin.Macrophage_Cd7...      COVAR   12577    -0.096821    -0.015616     0.066301      0.92788 Neonatal_Skin.Macrophage_Cd74_high
Neonatal_Skin.Macrophage_Lyz...      COVAR   12577    -0.064105   -0.0076738     0.090586      0.76042 Neonatal_Skin.Macrophage_Lyz2_high
Neonatal_Skin.Macrophage_Pf4...      COVAR   12577     0.032734    0.0041074      0.10052      0.37235 Neonatal_Skin.Macrophage_Pf4_high
Neonatal_Skin.Mast_cell              COVAR   12577    -0.037429   -0.0042942      0.11367      0.62902 Neonatal_Skin.Mast_cell
Neonatal_Skin.Melanocyte             COVAR   12577     -0.19922    -0.021698      0.10929      0.96583 Neonatal_Skin.Melanocyte
Neonatal_Skin.Muscle_cell_Ac...      COVAR   12577     0.059472    0.0058335      0.13415      0.32877 Neonatal_Skin.Muscle_cell_Actc1_high
Neonatal_Skin.Muscle_cell_Lr...      COVAR   12577      0.12604     0.012628      0.16286       0.2195 Neonatal_Skin.Muscle_cell_Lrrc15_high
Neonatal_Skin.Neuron                 COVAR   12577     -0.25911    -0.025784      0.13349      0.97386 Neonatal_Skin.Neuron
Neonatal_Skin.Neutrophil             COVAR   12577    -0.025637   -0.0033573     0.072622      0.63796 Neonatal_Skin.Neutrophil
Neonatal_Skin.Osteoblast_Dlk...      COVAR   12577    -0.089561   -0.0083005      0.19132      0.68014 Neonatal_Skin.Osteoblast_Dlk1_high
Neonatal_Skin.Osteoblast_Ppi...      COVAR   12577     -0.36017    -0.032283      0.21563      0.95256 Neonatal_Skin.Osteoblast_Ppic_high
Neonatal_Skin.Smooth_muscle_...      COVAR   12577     -0.17443    -0.017216      0.14918      0.87883 Neonatal_Skin.Smooth_muscle_cell_Acta2_high
Neonatal_Skin.Stromal_cell_A...      COVAR   12577    -0.029996   -0.0031936      0.12843      0.59233 Neonatal_Skin.Stromal_cell_Akr1c18_high
Neonatal_Skin.Stromal_cell_G...      COVAR   12577     -0.24492    -0.023665      0.18692      0.90494 Neonatal_Skin.Stromal_cell_Gas6_high
