# MEAN_SAMPLE_SIZE = 54885
# TOTAL_GENES = 12856
# TEST_DIRECTION = one-sided, positive (set), one-sided, positive (covar)
# CONDITIONED_INTERNAL = gene size, gene density, sample size, inverse mac, log(gene size), log(gene density), log(sample size), log(inverse mac)
# CONDITIONED_HIDDEN = Average (covar)
VARIABLE                              TYPE  NGENES         BETA     BETA_STD           SE            P FULL_NAME
CB.Neuron_Slc17a7_Gabra6.1_1         COVAR   12856    -0.001169   -0.0032885    0.0069444      0.56684 CB.Neuron_Slc17a7_Gabra6.1_1
CB.Endothelial_Stalk_Flt1_Mg...      COVAR   12856   -0.0051764    -0.015346     0.003875      0.90918 CB.Endothelial_Stalk_Flt1_Mgp.10_1
CB.Endothelial_Stalk_Flt1_Ca...      COVAR   12856   -0.0035615     -0.01051    0.0039754      0.81483 CB.Endothelial_Stalk_Flt1_Car4.10_2
CB.Endothelial_Stalk_Flt1_Lr...      COVAR   12856    -0.002047   -0.0060863    0.0039788      0.69654 CB.Endothelial_Stalk_Flt1_Lrg1.10_3
CB.Endothelial_Tip_Dcn_Nnat....      COVAR   12856    0.0071079     0.020492    0.0037081     0.027642 CB.Endothelial_Tip_Dcn_Nnat.11_1
CB.Endothelial_Tip_Dcn_Apod....      COVAR   12856   -0.0034852    -0.010314    0.0033445       0.8513 CB.Endothelial_Tip_Dcn_Apod.11_2
CB.Mural_Acta2Rgs5_Acta2.11_3        COVAR   12856   -0.0012861   -0.0039035    0.0034888       0.6438 CB.Mural_Acta2Rgs5_Acta2.11_3
CB.Mural_Acta2Rgs5_Kcnj8.11_4        COVAR   12856    0.0027505    0.0087278     0.002969      0.17712 CB.Mural_Acta2Rgs5_Kcnj8.11_4
CB.Mural_Acta2Rgs5_Rgs5.11_5         COVAR   12856  -0.00042254   -0.0013247    0.0029785       0.5564 CB.Mural_Acta2Rgs5_Rgs5.11_5
CB.Neuron_Gad1Gad2_Pcp2.2_1          COVAR   12856    0.0014733    0.0042054    0.0054702      0.39384 CB.Neuron_Gad1Gad2_Pcp2.2_1
CB.Neuron_Gad1Gad2_Pvalb-Nef...      COVAR   12856    0.0017766    0.0050498    0.0063263      0.38942 CB.Neuron_Gad1Gad2_Pvalb-Nefh.3_1
CB.Neuron_Gad1Gad2_Pvalb-Rab...      COVAR   12856   -0.0024405   -0.0071094    0.0059564      0.65899 CB.Neuron_Gad1Gad2_Pvalb-Rab3b.3_2
CB.Neuron_Gad1Gad2_Pvalb-Cad...      COVAR   12856    0.0013212    0.0039694    0.0051665      0.39908 CB.Neuron_Gad1Gad2_Pvalb-Cadm1.3_3
CB.Neuron_Gad1Gad2_Pvalb-Chr...      COVAR   12856   0.00068355    0.0020369    0.0052985      0.44868 CB.Neuron_Gad1Gad2_Pvalb-Chrm2.3_4
CB.Neuron_Slc17a6_Sln.4_1            COVAR   12856    0.0030009    0.0088072     0.005415      0.28973 CB.Neuron_Slc17a6_Sln.4_1
CB.Neuron_Gad1Gad2_Lgi2.4_2          COVAR   12856   -0.0031366   -0.0091684    0.0055899      0.71263 CB.Neuron_Gad1Gad2_Lgi2.4_2
CB.Neuron_Slc17a6_Nrgn.4_3           COVAR   12856  -0.00015531  -0.00048253    0.0045327      0.51367 CB.Neuron_Slc17a6_Nrgn.4_3
CB.Microglia_C1qb_Mrc1-Tmem1...      COVAR   12856    0.0034205     0.010564    0.0032507      0.14636 CB.Microglia_C1qb_Mrc1-Tmem119.5_1
CB.Oligodendroyte_Trf_Il33.6...      COVAR   12856     0.001139    0.0031391    0.0052351      0.41388 CB.Oligodendroyte_Trf_Il33.6_1
CB.Oligodendrocyte_Trf_Klk6....      COVAR   12856   -0.0012811   -0.0037219    0.0039473      0.62724 CB.Oligodendrocyte_Trf_Klk6.6_2
CB.Polydendrocyte_Tnr_Tnr.6_3        COVAR   12856   -0.0020865   -0.0064522    0.0033232      0.73495 CB.Polydendrocyte_Tnr_Tnr.6_3
CB.Astrocyte_Gja_Slc1a3.7_1          COVAR   12856   -0.0026636   -0.0072256    0.0053462      0.69083 CB.Astrocyte_Gja_Slc1a3.7_1
CB.Gja1_Gfap.8_1                     COVAR   12856  -0.00018736  -0.00058469    0.0032859      0.52273 CB.Gja1_Gfap.8_1
CB.Gja1_Htra1.8_2                    COVAR   12856    0.0032214    0.0091253    0.0046636      0.24487 CB.Gja1_Htra1.8_2
CB.Choroid_Plexus_Ttr.9_1            COVAR   12856    0.0016189    0.0044713    0.0040651      0.34523 CB.Choroid_Plexus_Ttr.9_1
FC.Neuron_Gad1Gad2_Cplx3.1_1         COVAR   12856    0.0026261    0.0072282    0.0084167      0.37752 FC.Neuron_Gad1Gad2_Cplx3.1_1
FC.Neuron_Gad1Gad2-Slc17a8_S...      COVAR   12856    0.0047534     0.013187    0.0078425      0.27223 FC.Neuron_Gad1Gad2-Slc17a8_Synpr-Sncg-Yjefn3.1_10
FC.Neuron_Gad1Gad2_Synpr-Snc...      COVAR   12856    0.0019494    0.0054412    0.0077661      0.40091 FC.Neuron_Gad1Gad2_Synpr-Sncg.1_11
FC.Neuron_Gad1Gad2_Cplx3-Rel...      COVAR   12856    0.0014502     0.004012    0.0085607      0.43274 FC.Neuron_Gad1Gad2_Cplx3-Reln.1_2
FC.Neuron_Gad1Gad2_Synpr-Nna...      COVAR   12856   -0.0021157   -0.0061435    0.0064697      0.62817 FC.Neuron_Gad1Gad2_Synpr-Nnat.1_3
FC.Neuron_Gad1Gad2_Synpr-Cri...      COVAR   12856    0.0099493     0.027858    0.0076488     0.096681 FC.Neuron_Gad1Gad2_Synpr-Crispld2.1_4
FC.Neuron_Gad1Gad2-Chat_Synp...      COVAR   12856    0.0057446     0.015807    0.0084485      0.24828 FC.Neuron_Gad1Gad2-Chat_Synpr-Slc5a7.1_5
FC.Neuron_Gad1Gad2_Synpr-Pcd...      COVAR   12856    0.0035078    0.0096641    0.0085554       0.3409 FC.Neuron_Gad1Gad2_Synpr-Pcdh11x.1_6
FC.Neuron_Gad1Gad2_Synpr-Dpy...      COVAR   12856  -0.00068163   -0.0019464    0.0070068      0.53875 FC.Neuron_Gad1Gad2_Synpr-Dpy19l1.1_7
FC.Neuron_Gad1Gad2_Cplx3-Dpy...      COVAR   12856    0.0055376     0.016414    0.0057028      0.16578 FC.Neuron_Gad1Gad2_Cplx3-Dpy19l1.1_8
FC.Neuron_Gad1Gad2_Cplx3-Cri...      COVAR   12856   -0.0023327    -0.006676    0.0069732      0.63101 FC.Neuron_Gad1Gad2_Cplx3-Crim1.1_9
FC.Polydendrocyte_Tnr_Cspg5....      COVAR   12856     0.011696      0.03181    0.0071897       0.0519 FC.Polydendrocyte_Tnr_Cspg5.10_1
FC.Polydendrocyte_Tnr_Dlx1.1...      COVAR   12856   -0.0054657    -0.015597    0.0051163      0.85729 FC.Polydendrocyte_Tnr_Dlx1.10_2
FC.Polydendrocyte_Tnr_Pdgfa....      COVAR   12856   -0.0013755   -0.0038229    0.0059162      0.59192 FC.Polydendrocyte_Tnr_Pdgfa.10_3
FC.Polydendrocyte_Tnr_Opalin...      COVAR   12856   -0.0049729    -0.014134    0.0048316      0.84831 FC.Polydendrocyte_Tnr_Opalin.10_4
FC.Polydendrocyte_Tnr_Bmp4-_...      COVAR   12856   -0.0010028    -0.002784    0.0062161      0.56408 FC.Polydendrocyte_Tnr_Bmp4-_Ptgds.10_5
FC.Polydendrocyte_Tnr_Bmp4-G...      COVAR   12856    0.0060105     0.017012    0.0061897      0.16577 FC.Polydendrocyte_Tnr_Bmp4-Gpr17.10_6
FC.Microglia_C1qb_Tmem119.11...      COVAR   12856   -0.0038087   -0.0099762    0.0060149       0.7367 FC.Microglia_C1qb_Tmem119.11_1
FC.Neuron_Slc17a6_Reln.11_2          COVAR   12856    -0.001849   -0.0059056    0.0037317      0.68987 FC.Neuron_Slc17a6_Reln.11_2
FC.Macrophage_C1qb_Mrc1.11_3         COVAR   12856   -0.0040053    -0.011185    0.0045038      0.81307 FC.Macrophage_C1qb_Mrc1.11_3
FC.Microglia_C1qb_Tmem119-Fo...      COVAR   12856   -0.0038501    -0.012245     0.002959      0.90338 FC.Microglia_C1qb_Tmem119-Fos.11_4
FC.Endothelial_Stalk_Flt1_Gk...      COVAR   12856    -0.004674    -0.012388    0.0057577      0.79153 FC.Endothelial_Stalk_Flt1_Gkn3.12_1
FC.Endothelial_Stalk_Flt1_Mg...      COVAR   12856   -0.0054555    -0.015486    0.0044604      0.88934 FC.Endothelial_Stalk_Flt1_Mgp.12_2
FC.Endothelial_Stalk_Flt1_Ca...      COVAR   12856   -0.0027807   -0.0074062    0.0058035      0.68408 FC.Endothelial_Stalk_Flt1_Car4.12_3
FC.Endothelial_Stalk_Flt1_Cf...      COVAR   12856   -0.0050645     -0.01357    0.0055725      0.81827 FC.Endothelial_Stalk_Flt1_Cfh.12_4
FC.Endothelial_Stalk_Flt1_Lr...      COVAR   12856   -0.0029718   -0.0089578    0.0037857      0.78377 FC.Endothelial_Stalk_Flt1_Lrg1.12_5
FC.Mural_Rgs5Acta2_Cnn1.13_1         COVAR   12856   -0.0029886   -0.0079278    0.0055593      0.70456 FC.Mural_Rgs5Acta2_Cnn1.13_1
FC.Mural_Rgs5Acta2_Ccnd1.13_2        COVAR   12856   -0.0027415   -0.0073178     0.005612       0.6874 FC.Mural_Rgs5Acta2_Ccnd1.13_2
FC.Mural_Rgs5Acta2_Abcc9.13_3        COVAR   12856     0.011105     0.031466    0.0050658     0.014192 FC.Mural_Rgs5Acta2_Abcc9.13_3
FC.Mural_Rgs5Acta2_Col3a1.13...      COVAR   12856   -0.0028214   -0.0083281    0.0040413      0.75745 FC.Mural_Rgs5Acta2_Col3a1.13_4
FC.Endothelial_Tip_Dcn_15000...      COVAR   12856    0.0043864     0.012328    0.0047663      0.17872 FC.Endothelial_Tip_Dcn_1500015O10Rik.14_1
FC.Endothelial_Tip_Dcn_Dapl1...      COVAR   12856    0.0049014     0.013797    0.0045064      0.13839 FC.Endothelial_Tip_Dcn_Dapl1.14_2
FC.Endothelial_Tip_Dcn_Coch....      COVAR   12856    0.0015713    0.0045363    0.0042446      0.35563 FC.Endothelial_Tip_Dcn_Coch.14_3
FC.Endothelial_Tip_Dcn_Col15...      COVAR   12856    0.0082166     0.022506    0.0053102     0.060904 FC.Endothelial_Tip_Dcn_Col15a1.14_4
FC.Endothelial_Tip_Dcn_Inmt....      COVAR   12856    0.0034321     0.010627    0.0034479      0.15978 FC.Endothelial_Tip_Dcn_Inmt.14_5
FC.Neuron_Gad1Gad2_Sst-Chodl...      COVAR   12856   -0.0046262    -0.013184    0.0062703      0.76967 FC.Neuron_Gad1Gad2_Sst-Chodl.2_1
FC.Neuron_Gad1Gad2-Th_Nr4a2....      COVAR   12856   -0.0026129   -0.0073021    0.0072935      0.63992 FC.Neuron_Gad1Gad2-Th_Nr4a2.2_10
FC.Neuron_Gad1Gad2_Sst-Pdyn....      COVAR   12856   -0.0033609   -0.0092837    0.0076903      0.66895 FC.Neuron_Gad1Gad2_Sst-Pdyn.2_2
FC.Neuron_Gad1Gad2_Sst-Calb2...      COVAR   12856    -0.011527     -0.03258    0.0072719      0.94352 FC.Neuron_Gad1Gad2_Sst-Calb2.2_3
FC.Neuron_Gad1Gad2_Sst-Crh.2...      COVAR   12856  -5.6852e-05  -0.00015735    0.0079678      0.50285 FC.Neuron_Gad1Gad2_Sst-Crh.2_4
FC.Neuron_Gad1Gad2_Sst-Nr2f2...      COVAR   12856   -0.0033141   -0.0092308    0.0076795      0.66696 FC.Neuron_Gad1Gad2_Sst-Nr2f2.2_5
FC.Neuron_Gad1Gad2_Pvalb-Unc...      COVAR   12856  -0.00065392   -0.0018868    0.0063831       0.5408 FC.Neuron_Gad1Gad2_Pvalb-Unc5b.2_6
FC.Neuron_Gad1Gad2_Pvalb.2_7         COVAR   12856   -0.0032889   -0.0090422    0.0082576      0.65479 FC.Neuron_Gad1Gad2_Pvalb.2_7
FC.Neuron_Gad1Gad2_Pvalb-Nef...      COVAR   12856   -0.0066781    -0.018344    0.0077682      0.80501 FC.Neuron_Gad1Gad2_Pvalb-Nefm.2_8
FC.Neuron_Gad1Gad2_Pvalb-Nec...      COVAR   12856   -0.0081198    -0.022187    0.0083325      0.83508 FC.Neuron_Gad1Gad2_Pvalb-Necab1.2_9
FC.Neuron_Slc17a7_Syt6-Sema5...      COVAR   12856   -0.0020088   -0.0055145    0.0084946      0.59347 FC.Neuron_Slc17a7_Syt6-Sema5a.3_1
FC.Neuron_Slc17a7-Slc17a8_Sy...      COVAR   12856    0.0017286    0.0048042    0.0079777      0.41423 FC.Neuron_Slc17a7-Slc17a8_Syt6-Cplx3.3_10
FC.Neuron_Slc17a7_Syt6-Bdnf....      COVAR   12856   -0.0035123    -0.010186    0.0063451      0.71005 FC.Neuron_Slc17a7_Syt6-Bdnf.3_11
FC.Neuron_Slc17a7_Syt6-Kit.3...      COVAR   12856   -0.0029658   -0.0082017    0.0085546      0.63558 FC.Neuron_Slc17a7_Syt6-Kit.3_12
FC.Neuron_Slc17a7_Syt6-Fos.3...      COVAR   12856   -0.0075719    -0.021111     0.008108       0.8248 FC.Neuron_Slc17a7_Syt6-Fos.3_13
FC.Neuron_Slc17a7_Syt6-Etv1....      COVAR   12856   -0.0034776   -0.0098257    0.0077371      0.67345 FC.Neuron_Slc17a7_Syt6-Etv1.3_2
FC.Neuron_Slc17a7_Syt6-Efna5...      COVAR   12856   -0.0019284   -0.0052931    0.0084868      0.58987 FC.Neuron_Slc17a7_Syt6-Efna5.3_3
FC.Neuron_Slc17a7_Syt6-Cyp26...      COVAR   12856   0.00033714   0.00092984    0.0083696      0.48394 FC.Neuron_Slc17a7_Syt6-Cyp26b1.3_4
FC.Neuron_Slc17a7_Syt6-Slc30...      COVAR   12856   -0.0026478   -0.0072933    0.0080032      0.62961 FC.Neuron_Slc17a7_Syt6-Slc30a3.3_5
FC.Neuron_Slc17a7_Syt6-Slc24...      COVAR   12856    0.0044349     0.012422    0.0064795      0.24685 FC.Neuron_Slc17a7_Syt6-Slc24a2.3_6
FC.Neuron_Slc17a7_Syt6-Lypd1...      COVAR   12856    -0.003509   -0.0096534    0.0084541      0.66095 FC.Neuron_Slc17a7_Syt6-Lypd1.3_7
FC.NeuronSlc17a7-Slc17a6_Syt...      COVAR   12856    -0.012437    -0.034331    0.0086136      0.92559 FC.NeuronSlc17a7-Slc17a6_Syt6-Nnat.3_8
FC.Neuron_Slc17a7_Syt6-Sema3...      COVAR   12856    0.0010156    0.0028051    0.0083182      0.45141 FC.Neuron_Slc17a7_Syt6-Sema3c.3_9
FC.Neuron_Slc17a6-Slc17a7-Sl...      COVAR   12856    -0.014064    -0.038623    0.0090237      0.94044 FC.Neuron_Slc17a6-Slc17a7-Slc17a8_Fezf2_Slc17a8.4_1
FC.Neuron_Slc17a6-Slc17a7_Fe...      COVAR   12856   -0.0032017   -0.0091183     0.006983       0.6767 FC.Neuron_Slc17a6-Slc17a7_Fezf2_3110035E14Rik.4_2
FC.Neuron_Slc17a6-Slc17a7_Nr...      COVAR   12856   -0.0068849    -0.018855    0.0084095      0.79351 FC.Neuron_Slc17a6-Slc17a7_Nr4a2.5_1
FC.Neuron_Slc17a7_Nptxr-Calb...      COVAR   12856    -0.012897    -0.035101    0.0083914      0.93784 FC.Neuron_Slc17a7_Nptxr-Calb1.6_1
FC.Neuron_Slc17a7_Nptxr-Ndst...      COVAR   12856   -0.0088817    -0.024509    0.0081834       0.8611 FC.Neuron_Slc17a7_Nptxr-Ndst4.6_2
FC.Neuron_Slc17a7-Slc17a6_Np...      COVAR   12856    -0.012996    -0.035392    0.0086856      0.93269 FC.Neuron_Slc17a7-Slc17a6_Nptxr-Rorb.6_3
FC.Neuron_Slc17a7_Nptxr-Dept...      COVAR   12856    -0.013786    -0.037549    0.0088138       0.9411 FC.Neuron_Slc17a7_Nptxr-Deptor.6_4
FC.Neuron_Slc17a7_Nptxr-Fos....      COVAR   12856     -0.01201    -0.033057    0.0082117      0.92818 FC.Neuron_Slc17a7_Nptxr-Fos.6_5
FC.Neuron_Slc17a7_Nptxr-Drd1...      COVAR   12856  -0.00094493   -0.0030004    0.0029705      0.62479 FC.Neuron_Slc17a7_Nptxr-Drd1.6_6
FC.Neuron_Slc17a7_Parm1_Ndnf...      COVAR   12856    -0.005771    -0.015979    0.0080154      0.76423 FC.Neuron_Slc17a7_Parm1_Ndnf.7_1
FC.Neuron_Slc17a7_Parm1_Nnat...      COVAR   12856  -0.00034007   -0.0009478    0.0079269      0.51711 FC.Neuron_Slc17a7_Parm1_Nnat.7_2
FC.Neuron_Slc17a7_Parm1_Lsam...      COVAR   12856   -0.0059601    -0.016293    0.0084436      0.75986 FC.Neuron_Slc17a7_Parm1_Lsamp.7_3
FC.Neuron_Slc17a7_Parm1_Fos....      COVAR   12856    -0.007369     -0.02274    0.0046046      0.94522 FC.Neuron_Slc17a7_Parm1_Fos.7_4
FC.Neuron_Slc17a7_Parm1_Cadm...      COVAR   12856    0.0042875     0.011992     0.006047      0.23916 FC.Neuron_Slc17a7_Parm1_Cadm2.7_5
FC.Neuron_Slc17a7_Parm1_Nefm...      COVAR   12856   -0.0020518   -0.0055939    0.0084638      0.59577 FC.Neuron_Slc17a7_Parm1_Nefm.7_6
FC.Neuron_Slc17a7_Parm1_Tshz...      COVAR   12856   -0.0028826   -0.0080443    0.0074193      0.65118 FC.Neuron_Slc17a7_Parm1_Tshz2.7_7
FC.Astrocyte_Gja1.8_1                COVAR   12856    0.0050217     0.012894    0.0068914       0.2331 FC.Astrocyte_Gja1.8_1
FC.Astrocyte_Gja1_Myoc.8_2           COVAR   12856    0.0063902     0.016499    0.0065766      0.16562 FC.Astrocyte_Gja1_Myoc.8_2
FC.Oligodendrocyte_Tnf_Igsf8...2     COVAR   12856    0.0051626      0.01355    0.0065862      0.21657 FC.Oligodendrocyte_Tnf_Igsf8.9_1
FC.Oligodendrocyte_Tnf_Igsf8...1     COVAR   12856  -0.00033025  -0.00091085    0.0053649      0.52454 FC.Oligodendrocyte_Tnf_Igsf8-Ctps.9_2
FC.Oligodendrocyte_Tnf_Kif5b...      COVAR   12856    0.0062482     0.016432    0.0069573      0.18458 FC.Oligodendrocyte_Tnf_Kif5b.9_3
FC.Oligodendrocyte_Tnf_Ptgds...      COVAR   12856    0.0078521      0.02043    0.0072935      0.14084 FC.Oligodendrocyte_Tnf_Ptgds.9_4
FC.Oligodendrocyte_Tnf_Klk6....      COVAR   12856    0.0028415     0.007534    0.0066589       0.3348 FC.Oligodendrocyte_Tnf_Klk6.9_5
PC.Neuron_Slc17a7_Syt6-Cplx3...      COVAR   12856   -0.0008488    -0.002381    0.0078304      0.54316 PC.Neuron_Slc17a7_Syt6-Cplx3.1_1
PC.Neuron_Slc17a7-Slc17a8_Sy...      COVAR   12856    0.0016312     0.004868     0.005473      0.38284 PC.Neuron_Slc17a7-Slc17a8_Syt6-Lancl3.1_2
PC.Neuron_Slc17a7_Syt6-Tshz2...      COVAR   12856    0.0048132     0.013417     0.008394      0.28319 PC.Neuron_Slc17a7_Syt6-Tshz2-Nrep.1_3
PC.Neuron_Slc17a7_Syt6-Sla.1...      COVAR   12856   -0.0013204   -0.0036613    0.0087672      0.55986 PC.Neuron_Slc17a7_Syt6-Sla.1_4
PC.Neuron_Slc17a7_Syt6-Nnat....      COVAR   12856    0.0086636     0.024627    0.0073599      0.11958 PC.Neuron_Slc17a7_Syt6-Nnat.1_5
PC.Neuron_Slc17a7_Syt6-Slc24...      COVAR   12856   -0.0056746    -0.016505    0.0056507      0.84236 PC.Neuron_Slc17a7_Syt6-Slc24a2.1_6
PC.Neuron_Slc17a7_Syt6-Tox.1...      COVAR   12856    0.0010795    0.0030196    0.0084033      0.44889 PC.Neuron_Slc17a7_Syt6-Tox.1_7
PC.Neuron_Slc17a7_Syt6-Nefm....      COVAR   12856    0.0031034    0.0086107    0.0085201      0.35784 PC.Neuron_Slc17a7_Syt6-Nefm.1_8
PC.Neuron_Slc17a7_Syt6-Fos.1...      COVAR   12856   0.00063817    0.0017846    0.0082079      0.46901 PC.Neuron_Slc17a7_Syt6-Fos.1_9
PC.Polydendrocyte_Tnr_Cspg5....      COVAR   12856    0.0016519    0.0045506    0.0068826      0.40516 PC.Polydendrocyte_Tnr_Cspg5.10_1
PC.Polydendrocyte_Tnr_Dlx1.1...      COVAR   12856    0.0049156     0.014774    0.0042809      0.12544 PC.Polydendrocyte_Tnr_Dlx1.10_2
PC.Polydendrocyte_Tnr_Tmsb4x...      COVAR   12856    0.0015829    0.0044653    0.0061238      0.39802 PC.Polydendrocyte_Tnr_Tmsb4x.10_3
PC.Polydendrocyte_Tnr_Lims2-...      COVAR   12856    0.0016707    0.0049745    0.0051589      0.37303 PC.Polydendrocyte_Tnr_Lims2-Tmsb4x.10_4
PC.Microglia_C1qb_Tmem119.11...      COVAR   12856   -0.0032131   -0.0085718    0.0060093      0.70356 PC.Microglia_C1qb_Tmem119.11_1
PC.Macrophage_C1qb_Mrc1.11_2         COVAR   12856    0.0024263    0.0069657    0.0044819      0.29413 PC.Macrophage_C1qb_Mrc1.11_2
PC.Microglia_C1qb_Tmem119-Fo...      COVAR   12856    0.0044485     0.013623     0.002801     0.056141 PC.Microglia_C1qb_Tmem119-Fos.11_3
PC.Microglia_C1qb_Tmem119-Ju...      COVAR   12856   -0.0027965   -0.0079103    0.0028675      0.83527 PC.Microglia_C1qb_Tmem119-Junb.11_4
PC.Endothelial_Stalk_Flt1_Ca...      COVAR   12856   -0.0059353    -0.016215    0.0054802      0.86059 PC.Endothelial_Stalk_Flt1_Car4.12_1
PC.Endothelial_Stalk_Flt1_Vw...      COVAR   12856   -0.0040758    -0.011206    0.0051138      0.78727 PC.Endothelial_Stalk_Flt1_Vwf.12_2
PC.Endothelial_Stalk_Flt1_Gm...      COVAR   12856   -0.0028861   -0.0077712     0.005591      0.69714 PC.Endothelial_Stalk_Flt1_Gm9946.12_3
PC.Endothelial_Stalk_Flt1_Gk...      COVAR   12856   -0.0079839    -0.022219    0.0048773      0.94917 PC.Endothelial_Stalk_Flt1_Gkn3.12_4
PC.Mural_Acta2Rgs5_Acta2.13_1        COVAR   12856   0.00023967   0.00065646    0.0051867      0.48157 PC.Mural_Acta2Rgs5_Acta2.13_1
PC.Mural_Acta2Rgs5_Fos.13_2          COVAR   12856   0.00067915    0.0020988    0.0031948      0.41583 PC.Mural_Acta2Rgs5_Fos.13_2
PC.Mural_Acta2Rgs5Rgs5.13_3          COVAR   12856   -0.0014418   -0.0040285    0.0049824      0.61385 PC.Mural_Acta2Rgs5Rgs5.13_3
PC.Mural_Acta2Rgs5_Kcnj8-Abc...      COVAR   12856    0.0068708     0.021023     0.003849     0.037139 PC.Mural_Acta2Rgs5_Kcnj8-Abcc9.13_4
PC.Mural_Acta2Rgs5_Abcc9.13_5        COVAR   12856   -0.0019907    -0.006293    0.0033379      0.72454 PC.Mural_Acta2Rgs5_Abcc9.13_5
PC.Endothelial_Tip_Dcn_Mgp-P...      COVAR   12856    0.0031778    0.0086238    0.0055354      0.28296 PC.Endothelial_Tip_Dcn_Mgp-Penk.14_1
PC.Endothelial_Tip_Dcn_Mgp-C...      COVAR   12856    0.0017251    0.0048473    0.0047845      0.35922 PC.Endothelial_Tip_Dcn_Mgp-Clu.14_2
PC.Endothelial_Tip_Dcn_Nnat....      COVAR   12856    0.0079921     0.022394    0.0043101     0.031862 PC.Endothelial_Tip_Dcn_Nnat.14_3
PC.Endothelial_Tip_Dcn_Coch....      COVAR   12856    0.0079231     0.021939    0.0047786     0.048668 PC.Endothelial_Tip_Dcn_Coch.14_4
PC.Endothelial_Tip_Dcn_Inmt....      COVAR   12856    0.0031438    0.0094946    0.0036912       0.1972 PC.Endothelial_Tip_Dcn_Inmt.14_5
PC.Neuron_Sc17a7_Calb1-Ddit4...      COVAR   12856   -0.0019256   -0.0052883    0.0082929      0.59181 PC.Neuron_Sc17a7_Calb1-Ddit4l.2_1
PC.Neuron_Slc17a7-Slc17a6_Ro...      COVAR   12856   -0.0046584    -0.012881    0.0084815      0.70858 PC.Neuron_Slc17a7-Slc17a6_Rorb-Pcdh20.2_10
PC.Neuron_Sc17a7_Rorb-Gpr83....      COVAR   12856   -0.0073315    -0.020179    0.0087531      0.79886 PC.Neuron_Sc17a7_Rorb-Gpr83.2_11
PC.Neuron_Sc17a7_Fermt1.2_12         COVAR   12856   -0.0047538    -0.013103    0.0083876      0.71456 PC.Neuron_Sc17a7_Fermt1.2_12
PC.Neuron_Slc17a7-Slc17a6_Ca...      COVAR   12856   -0.0047714    -0.013148    0.0089481      0.70306 PC.Neuron_Slc17a7-Slc17a6_Calb1-Rorb-Il1rapl2.2_13
PC.Neuron_Slc17a7-Slc17a6_Ts...7     COVAR   12856   -0.0048467    -0.013366     0.008886      0.70727 PC.Neuron_Slc17a7-Slc17a6_Tshz2.2_14
PC.Neuron_Sc17a7_Oprk1.2_15          COVAR   12856   -0.0005727   -0.0016002    0.0074548      0.53062 PC.Neuron_Sc17a7_Oprk1.2_15
PC.Neuron_Sc17a7_Crym.2_16           COVAR   12856   -0.0093904    -0.025716    0.0084976      0.86542 PC.Neuron_Sc17a7_Crym.2_16
PC.Neuron_Sc17a7_Sema3e-Nnat...      COVAR   12856   -0.0079118    -0.021798    0.0088123      0.81535 PC.Neuron_Sc17a7_Sema3e-Nnat.2_17
PC.Neuron_Sc17a7_Sema3e-Onec...      COVAR   12856   -0.0038834    -0.010736    0.0084514      0.67706 PC.Neuron_Sc17a7_Sema3e-Onecut2.2_18
PC.Neuron_Sc17a7_Calb1-Tshz2...      COVAR   12856    -0.013643    -0.037747    0.0085416      0.94488 PC.Neuron_Sc17a7_Calb1-Tshz2.2_2
PC.Neuron_Sc17a7_Tshz2-Smoc1...      COVAR   12856    -0.010892    -0.030568     0.007683      0.92185 PC.Neuron_Sc17a7_Tshz2-Smoc1.2_3
PC.Neuron_Sc17a7_Calb1-Fos.2...      COVAR   12856    -0.010496    -0.028967    0.0078824      0.90848 PC.Neuron_Sc17a7_Calb1-Fos.2_4
PC.Neuron_Sc17a7_Calb1-Lpl.2...      COVAR   12856    -0.009607    -0.026325    0.0083833      0.87408 PC.Neuron_Sc17a7_Calb1-Lpl.2_5
PC.Neuron_Sc17a7_Calb1-Otof....      COVAR   12856    -0.005759    -0.015758    0.0082363      0.75778 PC.Neuron_Sc17a7_Calb1-Otof.2_6
PC.Neuron_Sc17a7_Calb1-Lpl-P...      COVAR   12856    -0.011606    -0.031982    0.0079265      0.92841 PC.Neuron_Sc17a7_Calb1-Lpl-Penk.2_7
PC.Neuron_Sc17a7_Calb1-Lpl-C...      COVAR   12856   -0.0048729    -0.013987    0.0057154      0.80305 PC.Neuron_Sc17a7_Calb1-Lpl-Cadm2.2_8
PC.Neuron_Sc17a7_Rorb-BC0069...      COVAR   12856    -0.010751     -0.02971     0.008524      0.89639 PC.Neuron_Sc17a7_Rorb-BC006965.2_9
PC.Neuron_Slc17a7_Bcl6-Cbln1...      COVAR   12856   -0.0099853    -0.027798    0.0078703      0.89772 PC.Neuron_Slc17a7_Bcl6-Cbln1.3_1
PC.Neuron_Slc17a7_Bcl6-Npnt....      COVAR   12856   9.3299e-05   0.00026116    0.0077824      0.49522 PC.Neuron_Slc17a7_Bcl6-Npnt.3_10
PC.Neuron_Slc17a7_Bcl6-Dditl...      COVAR   12856   -0.0077125      -0.0217    0.0078806      0.83612 PC.Neuron_Slc17a7_Bcl6-Dditl.3_2
PC.Neuron_Slc17a7_Bcl6-C1ql2...      COVAR   12856   -0.0061158     -0.01701    0.0080373      0.77664 PC.Neuron_Slc17a7_Bcl6-C1ql2.3_3
PC.Neuron_Slc17a7_Bcl6-Tcerg...      COVAR   12856   -0.0017518   -0.0048512     0.008544      0.58122 PC.Neuron_Slc17a7_Bcl6-Tcerg1l.3_4
PC.Neuron_Slc17a7_Bcl6-Fos.3...      COVAR   12856   0.00071101    0.0019783    0.0078669      0.46399 PC.Neuron_Slc17a7_Bcl6-Fos.3_5
PC.Neuron_Slc17a7_Bcl6-Ndst4...      COVAR   12856   -0.0048954     -0.01501    0.0046674      0.85286 PC.Neuron_Slc17a7_Bcl6-Ndst4.3_6
PC.Neuron_Slc17a7_Bcl6-Ptgfr...      COVAR   12856   -0.0048504    -0.015482    0.0038828      0.89419 PC.Neuron_Slc17a7_Bcl6-Ptgfr.3_7
PC.Neuron_Slc17a7_Bcl6-Tshz2...      COVAR   12856   -0.0017852   -0.0049833    0.0074311      0.59492 PC.Neuron_Slc17a7_Bcl6-Tshz2-Syt2.3_8
PC.Neuron_Slc17a7_Bcl6-Pvalb...      COVAR   12856    0.0034305    0.0095204    0.0077994      0.33003 PC.Neuron_Slc17a7_Bcl6-Pvalb.3_9
PC.Neuron_Gad1Gad2_Cplx3-Rel...      COVAR   12856    0.0019822    0.0055213    0.0083094      0.40573 PC.Neuron_Gad1Gad2_Cplx3-Reln.4_1
PC.Neuron_Gad1Gad2_Cplx3-Npy...      COVAR   12856   -0.0046133    -0.013016     0.007493      0.73094 PC.Neuron_Gad1Gad2_Cplx3-Npy.4_2
PC.Neuron_Gad1Gad2_Cplx3-Egl...      COVAR   12856    0.0078787     0.022525     0.007253      0.13869 PC.Neuron_Gad1Gad2_Cplx3-Egln3.4_3
PC.Neuron_Gad1Gad2-Slc17a8_S...      COVAR   12856   -0.0044859     -0.01289    0.0064809      0.75558 PC.Neuron_Gad1Gad2-Slc17a8_Synpr-Sncg-Yjefn3.4_4
PC.Neuron_Gad1Gad2_Synpr-Snc...      COVAR   12856     0.005523     0.016045    0.0064141      0.19461 PC.Neuron_Gad1Gad2_Synpr-Sncg.4_5
PC.Neuron_Gad1Gad2_Synpr-Nna...      COVAR   12856    0.0070492     0.021345    0.0053867     0.095344 PC.Neuron_Gad1Gad2_Synpr-Nnat.4_6
PC.Neuron_Gad1Gad2_Synpr-Cri...      COVAR   12856    0.0075066     0.021441    0.0067773      0.13403 PC.Neuron_Gad1Gad2_Synpr-Crispld2.4_7
PC.Neuron_Gad1Gad2-Chat_Synp...      COVAR   12856     0.023237     0.064779    0.0081255    0.0021238 PC.Neuron_Gad1Gad2-Chat_Synpr-Slc5a7.4_8
PC.Neuron_Gad1Gad2_Synpr-Pcd...      COVAR   12856    0.0019688     0.005506     0.007968      0.40242 PC.Neuron_Gad1Gad2_Synpr-Pcdh11x.4_9
PC.Neuron_Gad1Gad2_Pvalb-Unc...      COVAR   12856    0.0015953    0.0049276    0.0044578      0.36023 PC.Neuron_Gad1Gad2_Pvalb-Unc5b.5_1
PC.Neuron_Gad1Gad2_Pvalb-Nef...      COVAR   12856    -0.010656    -0.029146    0.0079435       0.9101 PC.Neuron_Gad1Gad2_Pvalb-Nefm.5_2
PC.Neuron_Gad1Gad2_Pvalb-Car...      COVAR   12856   -0.0034972   -0.0096354    0.0080274      0.66845 PC.Neuron_Gad1Gad2_Pvalb-Cartpt.5_3
PC.Neuron_Gad1Gad2-Th_Nr4a2....      COVAR   12856   -0.0081449    -0.024847    0.0047732      0.95602 PC.Neuron_Gad1Gad2-Th_Nr4a2.5_4
PC.Neuron_Gad1Gad2_Sst-Crh.5...      COVAR   12856  -0.00046925   -0.0013244     0.007103      0.52634 PC.Neuron_Gad1Gad2_Sst-Crh.5_5
PC.Neuron_Gad1Gad2_Sst-Pdyn....      COVAR   12856    -0.007051    -0.019365    0.0077998      0.81699 PC.Neuron_Gad1Gad2_Sst-Pdyn.5_6
PC.Neuron_Gad1Gad2_Sst-Nr2f2...      COVAR   12856    0.0010056    0.0029764    0.0055167      0.42768 PC.Neuron_Gad1Gad2_Sst-Nr2f2.5_7
PC.Neuron_Slc17a7-Slc17a6_Sh...      COVAR   12856   -0.0022676    -0.006253    0.0091068      0.59832 PC.Neuron_Slc17a7-Slc17a6_Shisa8.6_1
PC.Neuron_Slc17a7-Slc17a6_Ts...2     COVAR   12856   -0.0039198    -0.011914      0.00518      0.77538 PC.Neuron_Slc17a7-Slc17a6_Tshz2-Fos.6_2
PC.Neuron_Slc17a7-Slc17a6_Ts...6     COVAR   12856   -0.0074031     -0.02113    0.0073895      0.84178 PC.Neuron_Slc17a7-Slc17a6_Tshz2-Rasd1.6_3
PC.Neuron_Slc17a7-Slc17a6_Ts...3     COVAR   12856   -0.0063482    -0.018572    0.0061531      0.84889 PC.Neuron_Slc17a7-Slc17a6_Tshz2-Nnat.6_4
PC.Neuron_Slc17a7-Slc17a6_Ts...1     COVAR   12856    0.0028965    0.0079971     0.008439      0.36572 PC.Neuron_Slc17a7-Slc17a6_Tshz2-Cabp7.6_5
PC.Neuron_Slc17a7-Slc17a6_Ts...4     COVAR   12856   -0.0034602   -0.0095718     0.008687       0.6548 PC.Neuron_Slc17a7-Slc17a6_Tshz2-Npnt.6_6
PC.Neuron_Slc17a7-Slc17a6_Ts...5     COVAR   12856   -0.0015629   -0.0044189    0.0076876      0.58055 PC.Neuron_Slc17a7-Slc17a6_Tshz2-Prlr.6_7
PC.Neuron_Slc17a7-Slc17a8_Fe...      COVAR   12856    -0.010782    -0.030393    0.0079513      0.91244 PC.Neuron_Slc17a7-Slc17a8_Fezf2-Slc17a8.7_1
PC.Neuron_Slc17a7-Slc17a6_Fe...2     COVAR   12856    -0.006517    -0.018134    0.0082503       0.7852 PC.Neuron_Slc17a7-Slc17a6_Fezf2-Htr2c.7_2
PC.Neuron_Slc17a7-Slc17a6_Fe...1     COVAR   12856     0.001652    0.0047368    0.0071099      0.40813 PC.Neuron_Slc17a7-Slc17a6_Fezf2-3110035E14Rik.7_3
PC.Astrocyte_Gja1_Igfbp2.8_1         COVAR   12856    0.0096156      0.02499    0.0066197     0.073184 PC.Astrocyte_Gja1_Igfbp2.8_1
PC.Astrocyte_Gja1_Myoc.8_2           COVAR   12856    0.0065702     0.017018    0.0066577      0.16187 PC.Astrocyte_Gja1_Myoc.8_2
PC.Astrocyte_Gja1_Sparc.8_3          COVAR   12856    0.0083225     0.021944     0.006419     0.097406 PC.Astrocyte_Gja1_Sparc.8_3
PC.Oligodendrocyte_Tfr_Ctps....      COVAR   12856    0.0056063      0.01496    0.0065116      0.19463 PC.Oligodendrocyte_Tfr_Ctps.9_1
PC.Oligodendrocyte_Tfr_Tmem2...      COVAR   12856   -0.0060119     -0.01814    0.0042128      0.92321 PC.Oligodendrocyte_Tfr_Tmem2.9_2
PC.Oligodendrocyte_Tfr_Klk6....      COVAR   12856    0.0089331     0.024327     0.006071     0.070601 PC.Oligodendrocyte_Tfr_Klk6.9_3
PC.Oligodendrocyte_Tfr_Il33....      COVAR   12856    0.0081706     0.021647    0.0070128        0.122 PC.Oligodendrocyte_Tfr_Il33.9_4
PC.Oligodendrocyte_Tfr_Sez6....      COVAR   12856    0.0080198     0.022007    0.0059027     0.087139 PC.Oligodendrocyte_Tfr_Sez6.9_5
ENT.Oligodendrocyte_Trf_Serp...      COVAR   12856    0.0030412    0.0081638    0.0055233      0.29095 ENT.Oligodendrocyte_Trf_Serpinb1a.1_1
ENT.Oligodendrocyte_Trf_Klk6...      COVAR   12856    0.0014487    0.0038949    0.0053759      0.39378 ENT.Oligodendrocyte_Trf_Klk6.1_2
ENT.Oligodendrocyte_Trf_Ndrg...1     COVAR   12856    0.0057343     0.015369    0.0057042      0.15739 ENT.Oligodendrocyte_Trf_Ndrg2.1_3
ENT.Oligodendrocyte_Trf_Il33...      COVAR   12856    0.0056026     0.014995     0.005584      0.15786 ENT.Oligodendrocyte_Trf_Il33.1_4
ENT.Oligodendrocyte_Trf_Ctps...      COVAR   12856    0.0018054    0.0049503     0.005135      0.36257 ENT.Oligodendrocyte_Trf_Ctps.1_5
ENT.Endothelial_Stalk_Flt1_C...      COVAR   12856   -0.0022945   -0.0064325    0.0045779      0.69188 ENT.Endothelial_Stalk_Flt1_Car4.2_1
ENT.Endothelial_Stalk_Flt1_V...      COVAR   12856   -0.0019264   -0.0055917    0.0040498      0.68284 ENT.Endothelial_Stalk_Flt1_Vwf.2_2
ENT.Endothelial_Stalk_Flt1_T...      COVAR   12856   -0.0036171    -0.010227    0.0044814       0.7902 ENT.Endothelial_Stalk_Flt1_Tgfb2.2_3
ENT.Endothelial_Stalk_Flt1_G...      COVAR   12856   -0.0029181   -0.0082122    0.0044444      0.74426 ENT.Endothelial_Stalk_Flt1_Gkn3.2_4
ENT.Mural_Rgs5Acta2_Kcnj8.3_1        COVAR   12856     0.005048     0.015405    0.0035575     0.077969 ENT.Mural_Rgs5Acta2_Kcnj8.3_1
ENT.Endothelial_Tip_Dcn.3_2          COVAR   12856    0.0020143    0.0061342    0.0033842      0.27586 ENT.Endothelial_Tip_Dcn.3_2
ENT.Mural_Rgs5Acta2_Pdgfa.3_3        COVAR   12856    -0.001048   -0.0032705    0.0032624      0.62599 ENT.Mural_Rgs5Acta2_Pdgfa.3_3
ENT.Mural_Rgs5Acta2_Ccnd1.3_4        COVAR   12856   -0.0040078    -0.011627    0.0040404      0.83938 ENT.Mural_Rgs5Acta2_Ccnd1.3_4
ENT.Mural_Rgs5Acta2_Cnn1.3_5         COVAR   12856   -0.0015955   -0.0046955    0.0038209      0.66187 ENT.Mural_Rgs5Acta2_Cnn1.3_5
ENT.Mural_Rgs5Acta2_Junb.3_6         COVAR   12856  -0.00071619   -0.0021913     0.002916        0.597 ENT.Mural_Rgs5Acta2_Junb.3_6
ENT.Neuron_Slc17a7_Zbtb20.4_1        COVAR   12856   -0.0041894    -0.013064    0.0042989      0.83509 ENT.Neuron_Slc17a7_Zbtb20.4_1
ENT.Neuron_Gad1Gad2_Pmch.4_10        COVAR   12856   -0.0014489   -0.0046271    0.0033792      0.66594 ENT.Neuron_Gad1Gad2_Pmch.4_10
ENT.Neuron_Gad1Gad2_Otx2.4_11        COVAR   12856    -0.002082   -0.0068481    0.0033149      0.73502 ENT.Neuron_Gad1Gad2_Otx2.4_11
ENT.Neuron_Gad1Gad2-Chat.4_12        COVAR   12856    0.0028162    0.0090182    0.0034119      0.20458 ENT.Neuron_Gad1Gad2-Chat.4_12
ENT.Neuron_Gad1Gad2_Six3-Pva...      COVAR   12856    0.0037529     0.010759    0.0067505      0.28913 ENT.Neuron_Gad1Gad2_Six3-Pvalb.4_2
ENT.Neuron_Gad1Gad2-Slc17a6_...      COVAR   12856    0.0042129     0.012154    0.0061432      0.24643 ENT.Neuron_Gad1Gad2-Slc17a6_Cbln1.4_3
ENT.Neuron_Gad1Gad2_Dlk1.4_4         COVAR   12856     0.005443     0.014783    0.0086408      0.26438 ENT.Neuron_Gad1Gad2_Dlk1.4_4
ENT.Neuron_Gad1Gad2_Tcf7l2.4...      COVAR   12856   0.00019615   0.00058269    0.0056859      0.48624 ENT.Neuron_Gad1Gad2_Tcf7l2.4_5
ENT.Neuron_Slc17a6_Pitx2.4_6         COVAR   12856   -0.0012126   -0.0033183    0.0076779      0.56274 ENT.Neuron_Slc17a6_Pitx2.4_6
ENT.Neuron_Gad1Gad2_Pvalb-Gf...      COVAR   12856    0.0076416     0.020971    0.0081124      0.17311 ENT.Neuron_Gad1Gad2_Pvalb-Gfra2.4_7
ENT.Neuron_Gad1Gad2_Pvalb-Nt...      COVAR   12856    0.0079387     0.022684     0.006062     0.095181 ENT.Neuron_Gad1Gad2_Pvalb-Ntng1.4_8
ENT.Neuron_Gad1Gad2_Pvalb-Sp...      COVAR   12856   -0.0041825    -0.012236    0.0051363      0.79226 ENT.Neuron_Gad1Gad2_Pvalb-Spp1.4_9
ENT.Polydendrocyte_Tnr_Bmp4....      COVAR   12856    0.0066805     0.019494    0.0049795     0.089876 ENT.Polydendrocyte_Tnr_Bmp4.5_1
ENT.Polydendrocyte_Tnr_Pdgfa...      COVAR   12856    0.0034926    0.0099617    0.0048804      0.23711 ENT.Polydendrocyte_Tnr_Pdgfa.5_2
ENT.Polydendrocyte_Tnr_Ctps....      COVAR   12856    0.0063612     0.017986    0.0047031     0.088112 ENT.Polydendrocyte_Tnr_Ctps.5_3
ENT.Polydendrocyte_Tnr_Cspg5...      COVAR   12856    0.0027494     0.007863    0.0055605       0.3105 ENT.Polydendrocyte_Tnr_Cspg5.6_1
ENT.Astrocyte_Gja1_Myoc.7_1          COVAR   12856    0.0074757     0.022037    0.0040189     0.031446 ENT.Astrocyte_Gja1_Myoc.7_1
ENT.Astrocyte_Gja1_Htra1.7_2         COVAR   12856    0.0055296     0.015008    0.0052696      0.14702 ENT.Astrocyte_Gja1_Htra1.7_2
ENT.Oligodendrocyte_Trf_Cldn...      COVAR   12856   0.00017697   0.00050486    0.0042307      0.48332 ENT.Oligodendrocyte_Trf_Cldn11.8_1
ENT.Oligodendrocyte_Trf_Ndrg...2     COVAR   12856    0.0047149     0.012633    0.0044573      0.14508 ENT.Oligodendrocyte_Trf_Ndrg2.8_2
GP.Neuron_Chat-Gad1Gad2-Slc1...2     COVAR   12856   -0.0049238    -0.013458    0.0073174      0.74948 GP.Neuron_Chat-Gad1Gad2-Slc17a8_Ngfr.1_1
GP.Neuron_Chat-Gad1Gad2-Slc1...1     COVAR   12856   -0.0017273   -0.0048795    0.0064252      0.60597 GP.Neuron_Chat-Gad1Gad2-Slc17a8_Nefm.1_2
GP.Oligodendrocyte_Trf_Mbp.1...      COVAR   12856    0.0050194     0.013216    0.0064638      0.21872 GP.Oligodendrocyte_Trf_Mbp.10_1
GP.Oligodendrocyte_Trf_Klk6....      COVAR   12856  -4.1628e-05  -0.00011077    0.0059268       0.5028 GP.Oligodendrocyte_Trf_Klk6.10_2
GP.Oligodendrocyte_Trf_Ttyh1...      COVAR   12856    0.0055765     0.014857    0.0059671      0.17502 GP.Oligodendrocyte_Trf_Ttyh1.10_3
GP.Oligodendrocyte_Trf_Ctps....      COVAR   12856    0.0069168     0.018888    0.0052362     0.093273 GP.Oligodendrocyte_Trf_Ctps.10_4
GP.Oligodendrocyte_Trf_Il33....      COVAR   12856    0.0057565     0.015259    0.0062695      0.17928 GP.Oligodendrocyte_Trf_Il33.10_5
GP.Oligodendrocyte_Trf_Kif5b...      COVAR   12856    0.0079867     0.021036    0.0063133      0.10294 GP.Oligodendrocyte_Trf_Kif5b.10_6
GP.Microglia_C1qb_Tmem119.11...      COVAR   12856    0.0037156      0.01037    0.0043225      0.19501 GP.Microglia_C1qb_Tmem119.11_1
GP.Macrophage_C1qb_Mrc1.11_2         COVAR   12856    0.0053934     0.015185    0.0041244     0.095503 GP.Macrophage_C1qb_Mrc1.11_2
GP.Neuron_Gad1Gad2_Tac1.2_1          COVAR   12856    -0.005334    -0.015219    0.0064283      0.79666 GP.Neuron_Gad1Gad2_Tac1.2_1
GP.Neuron_Gad1Gad2_Cadm2.2_10        COVAR   12856  -0.00033819  -0.00097958    0.0048399      0.52785 GP.Neuron_Gad1Gad2_Cadm2.2_10
GP.Neuron_Slc17a7_Neurod2-Ro...      COVAR   12856   0.00061529     0.001722    0.0066333      0.46305 GP.Neuron_Slc17a7_Neurod2-Rorb.2_11
GP.Neuron_Slc17a7_Neurod2-C1...      COVAR   12856   -0.0042799    -0.012189    0.0056882      0.77409 GP.Neuron_Slc17a7_Neurod2-C1ql3.2_12
GP.Neuron_Gad1Gad2_Grem.2_13         COVAR   12856   0.00064081    0.0017489    0.0081205      0.46855 GP.Neuron_Gad1Gad2_Grem.2_13
GP.Neuron_Gad1Gad2_Scn4b.2_14        COVAR   12856     0.012438     0.033163    0.0073721     0.045795 GP.Neuron_Gad1Gad2_Scn4b.2_14
GP.Neuron_Gad1Gad2_Fibcd1.2_...      COVAR   12856    0.0082531      0.02188     0.008268       0.1591 GP.Neuron_Gad1Gad2_Fibcd1.2_15
GP.Neuron_Gad1Gad2_Trdn.2_16         COVAR   12856    0.0010436    0.0028209    0.0074847      0.44455 GP.Neuron_Gad1Gad2_Trdn.2_16
GP.Neuron_Gad1Gad2_Elfn1-Gri...      COVAR   12856   -0.0037797    -0.010351    0.0076334      0.68975 GP.Neuron_Gad1Gad2_Elfn1-Grik3.2_17
GP.Neuron_Gad1Gad2_Pappa.2_18        COVAR   12856   -0.0083226    -0.023008    0.0073209      0.87218 GP.Neuron_Gad1Gad2_Pappa.2_18
GP.Neuron_Gad1Gad2_Cyp26b1.2...      COVAR   12856    0.0079697     0.021719    0.0086909      0.17958 GP.Neuron_Gad1Gad2_Cyp26b1.2_19
GP.Neuron_Slc17a6_Cck.2_2            COVAR   12856    0.0022554    0.0061488     0.007096      0.37531 GP.Neuron_Slc17a6_Cck.2_2
GP.Neuron_Gad1Gad2_Six3-Pval...      COVAR   12856   -0.0060049    -0.016729    0.0070141      0.80402 GP.Neuron_Gad1Gad2_Six3-Pvalb.2_20
GP.Neuron_Gad1Gad2_Vip.2_21          COVAR   12856  -5.9874e-06  -1.6853e-05    0.0067476      0.50035 GP.Neuron_Gad1Gad2_Vip.2_21
GP.Neuron_Gad1Gad2_Lamp5-Cpl...      COVAR   12856   0.00080476    0.0025286    0.0040925      0.42205 GP.Neuron_Gad1Gad2_Lamp5-Cplx3.2_22
GP.Neuron_Gad1Gad2_Trh.2_23          COVAR   12856    0.0019123    0.0056165    0.0053975      0.36157 GP.Neuron_Gad1Gad2_Trh.2_23
GP.Neuron_Gad1Gad2_Igfbp4_Rg...      COVAR   12856   -0.0011273   -0.0031619     0.006938      0.56454 GP.Neuron_Gad1Gad2_Igfbp4_Rgs4.2_24
GP.Neuron_Gad1Gad2_Igfbp4_Ad...      COVAR   12856   -0.0020639   -0.0058935    0.0064566      0.62538 GP.Neuron_Gad1Gad2_Igfbp4_Adora1.2_25
GP.Neuron_Gad1Gad2_Tac2.2_3          COVAR   12856   0.00012114   0.00032258    0.0082706      0.49416 GP.Neuron_Gad1Gad2_Tac2.2_3
GP.Neuron_Gad1Gad2_Hpcal4.2_4        COVAR   12856    0.0054478     0.014534    0.0081045      0.25074 GP.Neuron_Gad1Gad2_Hpcal4.2_4
GP.Neuron_Gad1Gad2_Sst.2_5           COVAR   12856   -0.0091464    -0.025089    0.0078356      0.87844 GP.Neuron_Gad1Gad2_Sst.2_5
GP.Neuron_Gad1Gad2_Satb1.2_6         COVAR   12856     0.003284    0.0089714    0.0076958      0.33479 GP.Neuron_Gad1Gad2_Satb1.2_6
GP.Neuron_Gad1Gad2-Slc17a6_C...      COVAR   12856     0.012904     0.035431    0.0076029     0.044841 GP.Neuron_Gad1Gad2-Slc17a6_Cbln1.2_7
GP.Neuron_Slc17a6_Tcf7l2.2_8         COVAR   12856    0.0051375     0.013916    0.0076673      0.25142 GP.Neuron_Slc17a6_Tcf7l2.2_8
GP.Neuron_Slc17a6_Rspo3.2_9          COVAR   12856    0.0077271     0.021082    0.0079316      0.16499 GP.Neuron_Slc17a6_Rspo3.2_9
GP.Neuron_Gad1Gad2_Drd1-Nefm...      COVAR   12856    0.0037548     0.010138    0.0076673      0.31217 GP.Neuron_Gad1Gad2_Drd1-Nefm.3_1
GP.Neuron_Gad1Gad2_Vipr2.3_10        COVAR   12856   -0.0013288   -0.0039796     0.004776      0.60958 GP.Neuron_Gad1Gad2_Vipr2.3_10
GP.Neuron_Gad1Gad2_Drd1-Pdyn...      COVAR   12856    0.0023553    0.0064923    0.0072651       0.3729 GP.Neuron_Gad1Gad2_Drd1-Pdyn.3_2
GP.Neuron_Gad1Gad2_Adora2a.3...      COVAR   12856   -0.0013939   -0.0037815    0.0074185      0.57452 GP.Neuron_Gad1Gad2_Adora2a.3_3
GP.Neuron_Gad1Gad2_Cadm2.3_4         COVAR   12856    0.0047253     0.013041    0.0063037      0.22675 GP.Neuron_Gad1Gad2_Cadm2.3_4
GP.Neuron_Gad1Gad2_Drd1-Pde1...      COVAR   12856    0.0072983     0.020135    0.0073207      0.15941 GP.Neuron_Gad1Gad2_Drd1-Pde1c.3_5
GP.Neuron_Gad1Gad2_Adora2a-P...      COVAR   12856    0.0073949     0.020294    0.0074206       0.1595 GP.Neuron_Gad1Gad2_Adora2a-Pde1c.3_6
GP.Neuron_Gad1Gad2_Sphkap-Tm...      COVAR   12856   -0.0050752    -0.013864     0.008264      0.73043 GP.Neuron_Gad1Gad2_Sphkap-Tmem255a.3_7
GP.Neuron_Gad1Gad2_Sphkap-Cp...      COVAR   12856    -0.007058    -0.019798    0.0066307      0.85643 GP.Neuron_Gad1Gad2_Sphkap-Cpne4.3_8
GP.Neuron_Gad1Gad2-Th_Adora2...      COVAR   12856   0.00063517    0.0017289     0.007975      0.46826 GP.Neuron_Gad1Gad2-Th_Adora2a-Th.3_9
GP.Polydendrocyte_Tnr_Pdgfa-...1     COVAR   12856    0.0023782    0.0066483    0.0056598      0.33718 GP.Polydendrocyte_Tnr_Pdgfa-Pik3r3.4_1
GP.Polydendrocyte_Tnr_Pdgfa-...2     COVAR   12856    0.0035536    0.0099073    0.0051783      0.24628 GP.Polydendrocyte_Tnr_Pdgfa-Tmem2.4_2
GP.Polydendrocyte_Tnr_Opalin...      COVAR   12856    0.0034039    0.0096187    0.0046382      0.23151 GP.Polydendrocyte_Tnr_Opalin.4_3
GP.Polydendrocyte_Tnr_Bmp4.4...      COVAR   12856    0.0081987     0.022831    0.0061232     0.090307 GP.Polydendrocyte_Tnr_Bmp4.4_4
GP.Polydendrocyte_Tnr_Cspg5....      COVAR   12856     0.008275     0.022586    0.0068141      0.11231 GP.Polydendrocyte_Tnr_Cspg5.4_5
GP.Mitotic_MkI67.4_6                 COVAR   12856    0.0021618    0.0070862    0.0031472      0.24608 GP.Mitotic_MkI67.4_6
GP.Polydendrocyte_Tnr_Cyth3....      COVAR   12856   0.00017813   0.00054768    0.0028503      0.47508 GP.Polydendrocyte_Tnr_Cyth3.4_7
GP.Astrocyte_Gja1_Gfap.5_1           COVAR   12856    0.0030106    0.0078248    0.0061117      0.31115 GP.Astrocyte_Gja1_Gfap.5_1
GP.Astrocyte_Gja1_Crym.5_2           COVAR   12856    0.0046843     0.012283    0.0058898      0.21322 GP.Astrocyte_Gja1_Crym.5_2
GP.Ependymal_Ccdc153.6_1             COVAR   12856   -0.0036031    -0.010524    0.0037094       0.8343 GP.Ependymal_Ccdc153.6_1
GP.Endothelial_Stalk_Flt1_Ap...      COVAR   12856   -0.0041081    -0.011406    0.0047752      0.80518 GP.Endothelial_Stalk_Flt1_Apold1.7_1
GP.Endothelial_Stalk_Flt1_Cd...      COVAR   12856   -0.0057841    -0.015749    0.0049835       0.8771 GP.Endothelial_Stalk_Flt1_Cdkn1c.7_2
GP.Endothelial_Stalk_Flt1_Mg...      COVAR   12856   -0.0039825    -0.011123    0.0045493      0.80931 GP.Endothelial_Stalk_Flt1_Mgp.7_3
GP.Endothelial_Stalk_Flt1_Lc...      COVAR   12856   -0.0034542   -0.0096496    0.0046097      0.77317 GP.Endothelial_Stalk_Flt1_Lcn2.7_4
GP.Endothelial_Stalk_Flt1_Ca...      COVAR   12856   -0.0013083   -0.0035855    0.0049969      0.60327 GP.Endothelial_Stalk_Flt1_Car4.7_5
GP.Endothelial_Stalk_Flt1_An...      COVAR   12856   -0.0030833   -0.0084624    0.0049504       0.7333 GP.Endothelial_Stalk_Flt1_Angpt2.7_6
GP.Mural_Rgs5Acta2_Acta2.8_1         COVAR   12856   -0.0040427    -0.010923    0.0049949      0.79084 GP.Mural_Rgs5Acta2_Acta2.8_1
GP.Mural_Rgs5Acta2_Kcnj8.8_2         COVAR   12856    0.0033451    0.0098157    0.0041974      0.21275 GP.Mural_Rgs5Acta2_Kcnj8.8_2
GP.Mural_Rgs5Acta2_Lmcd1.8_3         COVAR   12856   -0.0043489    -0.013385    0.0034332      0.89736 GP.Mural_Rgs5Acta2_Lmcd1.8_3
GP.Mural_Rgs5Acta2_Rgs5.8_4          COVAR   12856   -0.0021714   -0.0059126    0.0050498      0.66639 GP.Mural_Rgs5Acta2_Rgs5.8_4
GP.Mural_Rgs5Acta2_Pappa2.8_5        COVAR   12856   -0.0005715    -0.001805    0.0029543       0.5767 GP.Mural_Rgs5Acta2_Pappa2.8_5
GP.Endothelial_Tip_Dcn_Mgp.9...      COVAR   12856    0.0080327     0.022902    0.0043467     0.032314 GP.Endothelial_Tip_Dcn_Mgp.9_1
GP.Endothelial_Tip_Dcn_Col15...      COVAR   12856    0.0014128    0.0040636    0.0041133      0.36563 GP.Endothelial_Tip_Dcn_Col15a1.9_2
GP.Endothelial_Tip_Dcn_Ifitm...      COVAR   12856   -0.0018585   -0.0052535    0.0041215      0.67397 GP.Endothelial_Tip_Dcn_Ifitm1.9_3
HC.Neuron_Gad1Gad2_Pvalb_C1q...      COVAR   12856  -0.00089736    -0.002555    0.0071663      0.54982 HC.Neuron_Gad1Gad2_Pvalb_C1ql1.1_1
HC.Neuron_Gad1Gad2_Sst_Pcdh1...      COVAR   12856    -0.008479    -0.024486    0.0067789      0.89448 HC.Neuron_Gad1Gad2_Sst_Pcdh11x.1_10
HC.Gad1Gad2_Cplx3_Rxfp1.1_11         COVAR   12856   -0.0036023     -0.01027    0.0076347      0.68147 HC.Gad1Gad2_Cplx3_Rxfp1.1_11
HC.Gad1Gad2_Cplx3_Tox.1_12           COVAR   12856   -0.0018788   -0.0054342    0.0070432      0.60517 HC.Gad1Gad2_Cplx3_Tox.1_12
HC.Gad1Gad2_Id2_Tac1.1_13            COVAR   12856    -0.006858    -0.019739    0.0068752      0.84073 HC.Gad1Gad2_Id2_Tac1.1_13
HC.Gad1Gad2_Id2_Bcl11b.1_14          COVAR   12856    0.0036411     0.010252    0.0081119      0.32677 HC.Gad1Gad2_Id2_Bcl11b.1_14
HC.Gad1Gad2_Id2_Prlr.1_15            COVAR   12856   -0.0031402   -0.0088947    0.0077684      0.65697 HC.Gad1Gad2_Id2_Prlr.1_15
HC.Gad1Gad2_Htr3a_Nnat.1_16          COVAR   12856   -0.0099566    -0.029369    0.0062617      0.94408 HC.Gad1Gad2_Htr3a_Nnat.1_16
HC.Gad1Gad2Chat_Htr3a_Chat.1...      COVAR   12856    0.0039172     0.011023    0.0081185      0.31473 HC.Gad1Gad2Chat_Htr3a_Chat.1_17
HC.Gad1Gad2_Htr3a_Phlda1.1_18        COVAR   12856   0.00031096   0.00089139    0.0070344      0.48237 HC.Gad1Gad2_Htr3a_Phlda1.1_18
HC.Gad1Gad2_Htr3a_Efba5.1_19         COVAR   12856   -0.0016492   -0.0048219    0.0062537        0.604 HC.Gad1Gad2_Htr3a_Efba5.1_19
HC.Neuron_Gad1Gad2_Id2_Sfrp2...      COVAR   12856   0.00040835    0.0012116    0.0059135      0.47247 HC.Neuron_Gad1Gad2_Id2_Sfrp2.1_2
HC.Gad1Gad2_Htr3a_Cpne5.1_20         COVAR   12856    -0.014134    -0.040007    0.0074782      0.97061 HC.Gad1Gad2_Htr3a_Cpne5.1_20
HC.Gad1Gad2_Htr3a_Ecel1.1_21         COVAR   12856   -0.0039014    -0.011162    0.0070272      0.71061 HC.Gad1Gad2_Htr3a_Ecel1.1_21
HC.Gad1Gad2_Htr3a_Ibsp.1_22          COVAR   12856   -0.0033584   -0.0096493    0.0069891      0.68457 HC.Gad1Gad2_Htr3a_Ibsp.1_22
HC.Gad1Gad2_Htr3a_Krt73.1_23         COVAR   12856   -0.0018118   -0.0050911    0.0080006      0.58958 HC.Gad1Gad2_Htr3a_Krt73.1_23
HC.Gad1Gad2Slc17a8_Htr3a_Ktc...      COVAR   12856   -0.0015916   -0.0044886      0.00781      0.58074 HC.Gad1Gad2Slc17a8_Htr3a_Ktcd12.1_24
HC.Gad1Gad2_Htr3a_Chrm2.1_25         COVAR   12856    0.0048668     0.014231    0.0063615      0.22213 HC.Gad1Gad2_Htr3a_Chrm2.1_25
HC.Gad1Gad2_Htr3a_Htr1b.1_26         COVAR   12856   -0.0067788    -0.019279    0.0074743      0.81777 HC.Gad1Gad2_Htr3a_Htr1b.1_26
HC.Gad1Gad2_Htr3a_Sema3c.1_27        COVAR   12856    -0.010461    -0.030648    0.0064543      0.94746 HC.Gad1Gad2_Htr3a_Sema3c.1_27
HC.Neuron_Gad1Gad2_Sst_Atp2b...      COVAR   12856     -0.00427    -0.012904     0.005072      0.80006 HC.Neuron_Gad1Gad2_Sst_Atp2b4.1_3
HC.Neuron_Gad1Gad2Slc17a8_Ss...      COVAR   12856    0.0033246    0.0093006    0.0077254      0.33348 HC.Neuron_Gad1Gad2Slc17a8_Sst_Ncam2.1_4
HC.Neuron_Gad1Gad2_Sst_Spon1...      COVAR   12856   -0.0046257    -0.013017    0.0071026      0.74256 HC.Neuron_Gad1Gad2_Sst_Spon1.1_5
HC.Neuron_Gad1Gad2_Pvalb_Tac...      COVAR   12856    0.0038774     0.010774    0.0079645      0.31319 HC.Neuron_Gad1Gad2_Pvalb_Tac1.1_6
HC.Neuron_Gad1Gad2_Pvalb_Gfr...      COVAR   12856    0.0034515    0.0097496    0.0068671      0.30762 HC.Neuron_Gad1Gad2_Pvalb_Gfra1.1_7
HC.Neuron_Gad1Gad2_Sst_Rbp4....      COVAR   12856    0.0014844    0.0042061    0.0072716      0.41912 HC.Neuron_Gad1Gad2_Sst_Rbp4.1_8
HC.Neuron_Gad1Gad2_Sst_Grm1....      COVAR   12856     0.007054     0.019912    0.0072705      0.16598 HC.Neuron_Gad1Gad2_Sst_Grm1.1_9
HC.Microglia_C1qb_Tmem119.10...      COVAR   12856   -0.0014711   -0.0039497    0.0050839      0.61385 HC.Microglia_C1qb_Tmem119.10_1
HC.Macrophage_C1qb_Mrc1.10_2         COVAR   12856    0.0006348    0.0018671    0.0037641      0.43304 HC.Macrophage_C1qb_Mrc1.10_2
HC.Ependymal_Ccdc153.11_1            COVAR   12856    0.0018294    0.0047686    0.0048451      0.35288 HC.Ependymal_Ccdc153.11_1
HC.Choroid_Plexus_Ttr.12_1           COVAR   12856    0.0034594    0.0092747    0.0044884      0.22044 HC.Choroid_Plexus_Ttr.12_1
HC.Neurogenesis_Sox4_Efhd2.1...      COVAR   12856  -0.00025487     -0.00074    0.0046577      0.52182 HC.Neurogenesis_Sox4_Efhd2.13_1
HC.Neurogenesis_Sox4_Hist1h2...      COVAR   12856    0.0025525    0.0073326     0.004728      0.29465 HC.Neurogenesis_Sox4_Hist1h2al.13_2
HC.Neurogenesis_Sox4_Cdc20.1...      COVAR   12856    0.0025494    0.0075633    0.0041125      0.26766 HC.Neurogenesis_Sox4_Cdc20.13_3
HC.Neurogenesis_Sox4_Gad2.13...      COVAR   12856   -0.0008289   -0.0026354    0.0034915      0.59383 HC.Neurogenesis_Sox4_Gad2.13_4
HC.Neurogenesis_Sox4_Gabra5....      COVAR   12856    0.0027237     0.007776    0.0060695      0.32681 HC.Neurogenesis_Sox4_Gabra5.13_5
HC.Neurogenesis_Sox4_Ppp2r2b...      COVAR   12856    0.0020139    0.0059422    0.0049358      0.34163 HC.Neurogenesis_Sox4_Ppp2r2b.13_6
HC.Neuron_Slc17a6_Lhx1.14_1          COVAR   12856     0.013334     0.037011    0.0072883     0.033673 HC.Neuron_Slc17a6_Lhx1.14_1
HC.Endothelial_Stalk_Flt1_Cd...      COVAR   12856   -0.0024429   -0.0065699    0.0052856      0.67802 HC.Endothelial_Stalk_Flt1_Cdkn2b.15_1
HC.Endothelial_Stalk_Flt1_Lc...      COVAR   12856   -0.0023569   -0.0066306    0.0045014      0.69971 HC.Endothelial_Stalk_Flt1_Lcn2.15_2
HC.Mural_Rgs5Acta2_Cnn1.16_1         COVAR   12856  -0.00097118    -0.002603    0.0052497      0.57338 HC.Mural_Rgs5Acta2_Cnn1.16_1
HC.Mural_Rgs5Acta2_Ccnd1.16_2        COVAR   12856   -0.0017737   -0.0049138    0.0048761      0.64198 HC.Mural_Rgs5Acta2_Ccnd1.16_2
HC.Mural_Rgs5Acta2_Kcnj8.16_3        COVAR   12856    0.0037166     0.010821    0.0043543      0.19669 HC.Mural_Rgs5Acta2_Kcnj8.16_3
HC.Mural_Rgs5Acta2_Col3a1.16...      COVAR   12856    0.0017316    0.0054102    0.0032957      0.29965 HC.Mural_Rgs5Acta2_Col3a1.16_4
HC.Endothelial_Tip_Dcn_Rbp4....      COVAR   12856  -0.00027172  -0.00073996    0.0047832      0.52265 HC.Endothelial_Tip_Dcn_Rbp4.17_1
HC.Endothelial_Tip_Dcn_Agt.1...      COVAR   12856    0.0053786     0.016038     0.003373     0.055413 HC.Endothelial_Tip_Dcn_Agt.17_2
HC.Endothelial_Tip_Dcn_Mgp.1...      COVAR   12856   0.00099298    0.0028595     0.004157      0.40561 HC.Endothelial_Tip_Dcn_Mgp.17_3
HC.Endothelial_Tip_Dcn_Il33....      COVAR   12856  -0.00012142   -0.0003559    0.0038984      0.51242 HC.Endothelial_Tip_Dcn_Il33.17_4
HC.Neuron_Slc17a7_Cbln4.2_1          COVAR   12856    0.0019608    0.0055636    0.0075338      0.39733 HC.Neuron_Slc17a7_Cbln4.2_1
HC.Neuron_Slc17a6_Htr1a.2_2          COVAR   12856    -0.009264    -0.026381    0.0072273      0.90003 HC.Neuron_Slc17a6_Htr1a.2_2
HC.Neuron_Slc17a6_Nts.2_3            COVAR   12856    -0.013049    -0.037623    0.0068939       0.9708 HC.Neuron_Slc17a6_Nts.2_3
HC.Neuron_Slc17a6_Nnat.2_4           COVAR   12856   -0.0088004    -0.025248    0.0071532      0.89069 HC.Neuron_Slc17a6_Nnat.2_4
HC.Neuron_Slc17a6_Nell1.2_5          COVAR   12856  -0.00032037  -0.00088905    0.0084143      0.51519 HC.Neuron_Slc17a6_Nell1.2_5
HC.Neuron_Slc17a6_Nefm.2_6           COVAR   12856    -0.001333    -0.003696    0.0084184       0.5629 HC.Neuron_Slc17a6_Nefm.2_6
HC.Neuron_Slc17a6_Grp.2_7            COVAR   12856   -0.0020869   -0.0058006    0.0082124      0.60029 HC.Neuron_Slc17a6_Grp.2_7
HC.Neuron_Slc17a7-Slc17a6_Nx...3     COVAR   12856      0.00139    0.0040062     0.006973        0.421 HC.Neuron_Slc17a7-Slc17a6_Nxph3-Nts.3_1
HC.Neuron_Slc17a7_Nxph3-Sema...      COVAR   12856   -0.0012358   -0.0034676    0.0082382      0.55962 HC.Neuron_Slc17a7_Nxph3-Sema3c.3_10
HC.Neuron_Slc17a7_Nxph3-Ajap...      COVAR   12856   -0.0022682   -0.0064981    0.0070023        0.627 HC.Neuron_Slc17a7_Nxph3-Ajap1.3_11
HC.Neuron_Slc17a7-Slc17a6_Nx...1     COVAR   12856   -0.0016958   -0.0047207    0.0079836       0.5841 HC.Neuron_Slc17a7-Slc17a6_Nxph3-Cbln2-Htr2c.3_2
HC.Neuron_Slc17a7-Slc17a6_Nx...2     COVAR   12856   0.00072472    0.0020238    0.0078673       0.4633 HC.Neuron_Slc17a7-Slc17a6_Nxph3-Cbln2-Kcnh8.3_3
HC.Neuron_Slc17a7_Nxph3-Hpca...4     COVAR   12856    -0.010709    -0.033646    0.0042104      0.99451 HC.Neuron_Slc17a7_Nxph3-Hpcal1-Tpbg.3_4
HC.Neuron_Slc17a7_Nxph3-Hpca...3     COVAR   12856    0.0023105    0.0070544    0.0049212      0.31936 HC.Neuron_Slc17a7_Nxph3-Hpcal1-Fos.3_5
HC.Neuron_Slc17a7_Nxph3-Hpca...1     COVAR   12856  -0.00024674  -0.00068598    0.0086605      0.51136 HC.Neuron_Slc17a7_Nxph3-Hpcal-Igfbp4.3_6
HC.Neuron_Slc17a7_Nxph3-Hpca...2     COVAR   12856   -0.0088744    -0.024702    0.0082551      0.85881 HC.Neuron_Slc17a7_Nxph3-Hpcal-Krt12.3_7
HC.Neuron_Slc17a7_Nxph3-Cplx...1     COVAR   12856   -0.0032726   -0.0092524    0.0074416      0.66994 HC.Neuron_Slc17a7_Nxph3-Cplx3-Hs6st2.3_8
HC.Neuron_Slc17a7_Nxph3-Cplx...2     COVAR   12856    0.0028099    0.0081654    0.0060749      0.32185 HC.Neuron_Slc17a7_Nxph3-Cplx3-Pappa2.3_9
HC.Neuron_Slc17a7_C1ql2-Cck....      COVAR   12856  -0.00069592   -0.0019295    0.0078339      0.53539 HC.Neuron_Slc17a7_C1ql2-Cck.4_1
HC.Neuron_Slc17a7_C1ql2-Penk...      COVAR   12856   -0.0013518   -0.0037491    0.0080768      0.56646 HC.Neuron_Slc17a7_C1ql2-Penk.4_2
HC.Neuron_Slc17a7_Fibcd1-Lyp...      COVAR   12856    0.0041456     0.011536    0.0084067      0.31097 HC.Neuron_Slc17a7_Fibcd1-Lypd1.5_1
HC.Neuron_Slc17a7_Reln.5_10          COVAR   12856   8.9547e-05   0.00025893    0.0061933      0.49423 HC.Neuron_Slc17a7_Reln.5_10
HC.Neuron_Slc17a7_Cbln1-Gpr8...      COVAR   12856    0.0011435     0.003162    0.0083539      0.44556 HC.Neuron_Slc17a7_Cbln1-Gpr88.5_11
HC.Neuron_Slc17a7_Cbln1-Trps...      COVAR   12856    0.0058076     0.016614    0.0068275       0.1975 HC.Neuron_Slc17a7_Cbln1-Trps1.5_12
HC.Neuron_Slc17a7_Ptgfr.5_13         COVAR   12856   -0.0078879    -0.023591     0.005609      0.92017 HC.Neuron_Slc17a7_Ptgfr.5_13
HC.Neuron_Slc17a7_Fezf2-Efna...      COVAR   12856    0.0043659     0.012061    0.0081088      0.29515 HC.Neuron_Slc17a7_Fezf2-Efna5.5_14
HC.Neuron_Slc17a7_Fezf2-Rxfp...      COVAR   12856    0.0067828     0.018977    0.0075936      0.18588 HC.Neuron_Slc17a7_Fezf2-Rxfp1.5_15
HC.Neuron_Slc17a7_Fibcd1-Nri...      COVAR   12856    0.0063649     0.017844    0.0077847       0.2068 HC.Neuron_Slc17a7_Fibcd1-Nrip3.5_2
HC.Neuron_Slc17a7_Fibcd1-Npt...      COVAR   12856   -0.0036663     -0.01019    0.0081176      0.67423 HC.Neuron_Slc17a7_Fibcd1-Nptx2.5_3
HC.Neuron_Slc17a7_Fibcd1-Kit...      COVAR   12856    0.0036291     0.010113    0.0079464      0.32395 HC.Neuron_Slc17a7_Fibcd1-Kitl.5_4
HC.Neuron_Slc17a7_Fibcd1-Grm...      COVAR   12856    0.0023411    0.0066902     0.005655      0.33945 HC.Neuron_Slc17a7_Fibcd1-Grm5.5_5
HC.Neuron_Slc17a7_Dcn-Pou3f1...      COVAR   12856     0.002167    0.0059903    0.0085016      0.39941 HC.Neuron_Slc17a7_Dcn-Pou3f1.5_6
HC.Neuron_Slc17a7_FIbcd1-Inh...      COVAR   12856   -0.0017593   -0.0048954    0.0081356       0.5856 HC.Neuron_Slc17a7_FIbcd1-Inhba.5_7
HC.Neuron_Slc17a7_Fibcd1-Fos...      COVAR   12856    0.0056856     0.016069     0.007618      0.22774 HC.Neuron_Slc17a7_Fibcd1-Fos.5_8
HC.Neuron_Slc17a7_Dcn-Camk2d...      COVAR   12856   0.00045839    0.0012797    0.0073719      0.47521 HC.Neuron_Slc17a7_Dcn-Camk2d.5_9
HC.Neuron_Slc17a7_Pvrl3-Nos1...      COVAR   12856   -0.0039688    -0.010973    0.0080379      0.68926 HC.Neuron_Slc17a7_Pvrl3-Nos1.6_1
HC.Neuron_Slc17a7_Pvrl3-Grm5...      COVAR   12856    0.0030567    0.0084323    0.0066496      0.32288 HC.Neuron_Slc17a7_Pvrl3-Grm5.6_2
HC.Neuron_Slc17a7_Pvrl3-St18...      COVAR   12856    0.0030918    0.0085011     0.007801      0.34593 HC.Neuron_Slc17a7_Pvrl3-St18.6_3
HC.Neuron_Slc17a7_Rgs14.6_4          COVAR   12856    0.0069205     0.019264     0.007216      0.16878 HC.Neuron_Slc17a7_Rgs14.6_4
HC.Neuron_Slc17a7_Calb2-Vgll...      COVAR   12856   0.00099358    0.0027827    0.0068809      0.44259 HC.Neuron_Slc17a7_Calb2-Vgll3.6_5
HC.Neuron_Slc17a7_Calb2-Adcy...      COVAR   12856   -0.0010389   -0.0028476    0.0077591      0.55325 HC.Neuron_Slc17a7_Calb2-Adcyap1.6_6
HC.Neuron_Slc17a7_Pvrl3-Inhb...      COVAR   12856   -0.0075093    -0.020854    0.0076954      0.83541 HC.Neuron_Slc17a7_Pvrl3-Inhba.6_7
HC.Neuron_Slc17a7_Pvrl3-Fos....      COVAR   12856    0.0019131    0.0053852    0.0072979      0.39661 HC.Neuron_Slc17a7_Pvrl3-Fos.6_8
HC.Astrocyte_Gja1_Nnat.7_1           COVAR   12856    0.0090553     0.023317    0.0063803     0.077924 HC.Astrocyte_Gja1_Nnat.7_1
HC.Astrocyte_Gja1_Myoc.7_2           COVAR   12856    0.0069565     0.018157    0.0060658      0.12574 HC.Astrocyte_Gja1_Myoc.7_2
HC.Astrocyte_Gja1_Fabp7.7_3          COVAR   12856    0.0031814    0.0085659    0.0056779      0.28764 HC.Astrocyte_Gja1_Fabp7.7_3
HC.Oligodendrocyte_Trf_Plin3...      COVAR   12856    0.0046272     0.012402    0.0060027       0.2204 HC.Oligodendrocyte_Trf_Plin3.8_1
HC.Oligodendrocyte_Trf_Ndrg2...      COVAR   12856    0.0075273     0.020273    0.0060783       0.1078 HC.Oligodendrocyte_Trf_Ndrg2.8_2
HC.Oligodendrocyte_Trf_Il33....      COVAR   12856    0.0067734     0.017885    0.0065865       0.1519 HC.Oligodendrocyte_Trf_Il33.8_3
HC.Oligodendrocyte_Trf_Man1a...      COVAR   12856    0.0093374     0.025104    0.0059802     0.059231 HC.Oligodendrocyte_Trf_Man1a.8_4
HC.Oligodendrocyte_Trf_Ctps....      COVAR   12856    0.0042309     0.012551     0.003842      0.13541 HC.Oligodendrocyte_Trf_Ctps.8_5
HC.Polydendrocyte_Tnr_Pdgfa....      COVAR   12856    0.0042159     0.011665     0.005868      0.23625 HC.Polydendrocyte_Tnr_Pdgfa.9_1
HC.Polydendrocyte_Tnr_Bmp4.9...      COVAR   12856    0.0018891    0.0053904    0.0057781      0.37186 HC.Polydendrocyte_Tnr_Bmp4.9_2
HC.Polydendrocyte_Tnr_Cspg5....      COVAR   12856     0.003117    0.0086139     0.006546      0.31698 HC.Polydendrocyte_Tnr_Cspg5.9_3
HC.Polydendrocyte_Tnr_Ptprz1...      COVAR   12856    0.0041065     0.011476    0.0063464       0.2588 HC.Polydendrocyte_Tnr_Ptprz1.9_4
STR.Ependyma_Ccdc153_Ccdc153...      COVAR   12856    -0.002934   -0.0076227    0.0049366      0.72385 STR.Ependyma_Ccdc153_Ccdc153.1_1
STR.Neuron_Gad1Gad2_Drd1-Fos...      COVAR   12856    -0.005419    -0.015179     0.007147      0.77583 STR.Neuron_Gad1Gad2_Drd1-Fos.10_1
STR.Neuron_Gad1Gad2_Drd1-Lyp...      COVAR   12856    -0.010513    -0.029273    0.0072662      0.92601 STR.Neuron_Gad1Gad2_Drd1-Lypd1.10_2
STR.Neuron_Gad1Gad2_Drd1-Pde...      COVAR   12856   -0.0025289   -0.0070723    0.0074123      0.63351 STR.Neuron_Gad1Gad2_Drd1-Pde1a.10_3
STR.Neuron_Gad1Gad2_Drd1-Nef...      COVAR   12856   -0.0075857    -0.021121    0.0073407      0.84928 STR.Neuron_Gad1Gad2_Drd1-Nefm.10_4
STR.Neuron_Gad1Gad2_Drd1-Cxc...      COVAR   12856    -0.010245    -0.028821    0.0067604      0.93515 STR.Neuron_Gad1Gad2_Drd1-Cxcl14.10_5
STR.Neuron_Gad1Gad2_Adora2a-...2     COVAR   12856   -0.0085316    -0.023703    0.0073027      0.87864 STR.Neuron_Gad1Gad2_Adora2a-Nefm.11_1
STR.Neuron_Gad1Gad2_Adora2a-...3     COVAR   12856   -0.0077373    -0.021474    0.0074604      0.85015 STR.Neuron_Gad1Gad2_Adora2a-Nnat.11_2
STR.Neuron_Gad1Gad2_Adora2a-...1     COVAR   12856   -0.0080195    -0.022494    0.0070533      0.87222 STR.Neuron_Gad1Gad2_Adora2a-Fos.11_3
STR.Neuron_Gad1Gad2-Chat-Slc...      COVAR   12856   -0.0093864    -0.026185    0.0078788      0.88323 STR.Neuron_Gad1Gad2-Chat-Slc17a8_Chat.12_1
STR.Neuron_Gad1Gad2_Drd1-Tpb...      COVAR   12856    -0.010179    -0.028665    0.0073342       0.9174 STR.Neuron_Gad1Gad2_Drd1-Tpbg.13_1
STR.Neuron_Gad1Gad2_Drd1-Nfi...      COVAR   12856    -0.012619    -0.038227    0.0050818      0.99348 STR.Neuron_Gad1Gad2_Drd1-Nfib.13_10
STR.Neuron_Gad1Gad2_Sgol2a.1...      COVAR   12856   -0.0024878   -0.0078789    0.0029974      0.79672 STR.Neuron_Gad1Gad2_Sgol2a.13_11
STR.Neuron_Gad1Gad2_Drd1-Oto...2     COVAR   12856   -0.0058719    -0.016522    0.0070473      0.79763 STR.Neuron_Gad1Gad2_Drd1-Otof-Sorcs1.13_2
STR.Neuron_Gad1Gad2_Drd1-Oto...1     COVAR   12856   -0.0091998    -0.026185    0.0066826      0.91568 STR.Neuron_Gad1Gad2_Drd1-Otof-Lmo2.13_3
STR.Neuron_Gad1Gad2_Adora2a-...4     COVAR   12856   -0.0058457    -0.016561    0.0068318       0.8039 STR.Neuron_Gad1Gad2_Adora2a-Otof.13_4
STR.Neuron_Gad1Gad2_Adora2a-...5     COVAR   12856   -0.0039364    -0.011531    0.0058538      0.74934 STR.Neuron_Gad1Gad2_Adora2a-Th.13_5
STR.Neuron_Slc17a6_Oprk1.13_6        COVAR   12856   -0.0083634    -0.027257    0.0035499      0.99075 STR.Neuron_Slc17a6_Oprk1.13_6
STR.Neuron_Slc17a7_Cplx3.13_7        COVAR   12856    -0.015116    -0.045267    0.0052892      0.99786 STR.Neuron_Slc17a7_Cplx3.13_7
STR.Neuron_Slc17a7_Dkk3.13_8         COVAR   12856    -0.012979    -0.040554    0.0043973      0.99842 STR.Neuron_Slc17a7_Dkk3.13_8
STR.Neuron_Gad1Gad2_Resp18.1...      COVAR   12856    0.0093075      0.02626    0.0072054     0.098236 STR.Neuron_Gad1Gad2_Resp18.13_9
STR.Neuron_Gad1Gad2_Pvalb_Pv...      COVAR   12856   -0.0093526    -0.025984    0.0082165      0.87249 STR.Neuron_Gad1Gad2_Pvalb_Pvalb-Megf11.14_1
STR.Neuron_Gad1Gad2_Pnoc.14_2        COVAR   12856   -0.0019681   -0.0061119     0.004569      0.66667 STR.Neuron_Gad1Gad2_Pnoc.14_2
STR.Neuron_Gad1Gad2_Pvalb-Rg...      COVAR   12856   -0.0018277   -0.0052173     0.007075      0.60192 STR.Neuron_Gad1Gad2_Pvalb-Rgs12.14_3
STR.Neuron_Gad1Gad2-Th_Trh.1...      COVAR   12856  -0.00041878   -0.0011943    0.0069826      0.52391 STR.Neuron_Gad1Gad2-Th_Trh.14_4
STR.Neuron_Gad1Gad2_Chodl.15...      COVAR   12856   -0.0071561    -0.019546     0.007987      0.81486 STR.Neuron_Gad1Gad2_Chodl.15_1
STR.Neurogenesis_Sox4_Ung.2_1        COVAR   12856    -0.003552    -0.010135    0.0047517      0.77262 STR.Neurogenesis_Sox4_Ung.2_1
STR.Neurogenesis_Sox4_Stmn2....      COVAR   12856   -0.0046141    -0.013717    0.0044029      0.85266 STR.Neurogenesis_Sox4_Stmn2.2_2
STR.Neurogenesis_Sox4_Tuba1c...      COVAR   12856   -0.0047879     -0.01364    0.0046252       0.8497 STR.Neurogenesis_Sox4_Tuba1c.2_3
STR.Neurogenesis_Sox4_Stmn2-...      COVAR   12856   -0.0057614    -0.017161    0.0040513      0.92249 STR.Neurogenesis_Sox4_Stmn2-Csrp2.2_4
STR.Neurogenesis_Sox4_Hist1h...      COVAR   12856   -0.0040005    -0.011255    0.0047908      0.79814 STR.Neurogenesis_Sox4_Hist1h2al.2_5
STR.Neurogenesis_Sox4_Notum....      COVAR   12856   -0.0027223    -0.008194    0.0039494      0.75467 STR.Neurogenesis_Sox4_Notum.2_6
STR.Oligodendrocyte_Trf_Klk6...      COVAR   12856   -0.0002921  -0.00078535    0.0056172      0.52074 STR.Oligodendrocyte_Trf_Klk6.3_1
STR.Oligodendrocyte_Trf_Il33...      COVAR   12856    0.0034822    0.0091636    0.0064305      0.29408 STR.Oligodendrocyte_Trf_Il33.3_2
STR.Oligodendrocyte_Trf_Ctps...      COVAR   12856   5.6253e-05   0.00015193    0.0055019      0.49592 STR.Oligodendrocyte_Trf_Ctps.3_3
STR.Astrocyte_Gja1_Htra1.4_1         COVAR   12856  -0.00040976     -0.00106    0.0058658      0.52785 STR.Astrocyte_Gja1_Htra1.4_1
STR.Astrocyte_Gja1_Sparc-Car...      COVAR   12856   -0.0032161    -0.008371    0.0058114         0.71 STR.Astrocyte_Gja1_Sparc-Car2.4_2
STR.Astrocyte_Gja1_Notum.4_3         COVAR   12856   -0.0037856    -0.010318    0.0051664      0.76813 STR.Astrocyte_Gja1_Notum.4_3
STR.Polydendrocye_Tnr_Cspg5....      COVAR   12856   -0.0017843   -0.0049279    0.0063506      0.61063 STR.Polydendrocye_Tnr_Cspg5.5_1
STR.Polydendrocye_Tnr_Bmp4.5...      COVAR   12856    0.0022989    0.0066899    0.0049254      0.32035 STR.Polydendrocye_Tnr_Bmp4.5_2
STR.Polydendrocye_Tnr_Pdgfa....      COVAR   12856   -0.0067044    -0.019481    0.0046749      0.92422 STR.Polydendrocye_Tnr_Pdgfa.5_3
STR.Polydendrocye_Tnr_Ctps.5...      COVAR   12856    0.0021407    0.0064271    0.0034778       0.2691 STR.Polydendrocye_Tnr_Ctps.5_4
STR.Macrophage_C1qb_Mrc1.6_1         COVAR   12856    0.0026208    0.0080066    0.0032462      0.20974 STR.Macrophage_C1qb_Mrc1.6_1
STR.Microglia_C1qb_Tmem119.6...      COVAR   12856   -0.0061596    -0.016461     0.005093      0.88674 STR.Microglia_C1qb_Tmem119.6_2
STR.Endothelial_Stalk_Flt1_C...      COVAR   12856   -0.0050096    -0.013627    0.0052164      0.83155 STR.Endothelial_Stalk_Flt1_Car4.7_1
STR.Endothelial_Stalk_Flt1_G...      COVAR   12856   -0.0063945    -0.017656    0.0048368      0.90691 STR.Endothelial_Stalk_Flt1_Gkn3.7_2
STR.Mural_Rgs5Acta2_Olfr558....      COVAR   12856   -0.0022101   -0.0063952    0.0041422      0.70318 STR.Mural_Rgs5Acta2_Olfr558.8_1
STR.Mural_Rgs5Acta2_Cnn1.8_2         COVAR   12856   -0.0055008    -0.016218     0.003776       0.9274 STR.Mural_Rgs5Acta2_Cnn1.8_2
STR.Mural_Rgs5Acta2_Ccnd1.8_3        COVAR   12856   -0.0069974    -0.020159    0.0042989       0.9482 STR.Mural_Rgs5Acta2_Ccnd1.8_3
STR.Mural_Rgs5Acta2_Kcnj8.8_4        COVAR   12856   -0.0012597   -0.0037823    0.0038223      0.62913 STR.Mural_Rgs5Acta2_Kcnj8.8_4
STR.Mural_Rgs5Acta2_Col3a1.8...      COVAR   12856  -0.00062737   -0.0019792     0.003215      0.57736 STR.Mural_Rgs5Acta2_Col3a1.8_5
STR.Endothelial_Tip_Dcn.9_1          COVAR   12856   -0.0061271    -0.017107    0.0049544      0.89189 STR.Endothelial_Tip_Dcn.9_1
SN.Neuron_Slc17a7_C1ql3.1_1          COVAR   12856   -0.0009193   -0.0027984    0.0048163      0.57569 SN.Neuron_Slc17a7_C1ql3.1_1
SN.Oligodendrocyte_Tfr_Slco3...      COVAR   12856     0.002779    0.0072538    0.0061094      0.32461 SN.Oligodendrocyte_Tfr_Slco3a1.10_1
SN.Oligodendrocyte_Tfr_Plin3...      COVAR   12856  -0.00016608  -0.00043878    0.0056708      0.51168 SN.Oligodendrocyte_Tfr_Plin3.10_2
SN.Oligodendrocyte_Tfr_Ndrg2...      COVAR   12856    0.0056289     0.014699    0.0059619      0.17256 SN.Oligodendrocyte_Tfr_Ndrg2.10_3
SN.Oligodendrocyte_Tfr_Il33....      COVAR   12856    0.0066258     0.017238    0.0061948      0.14242 SN.Oligodendrocyte_Tfr_Il33.10_4
SN.Oligodendrocyte_Tfr_Ctps....      COVAR   12856    0.0074069     0.019591     0.005815      0.10139 SN.Oligodendrocyte_Tfr_Ctps.10_5
SN.Oligodendrocyte_Tnr_Rps24...      COVAR   12856    0.0068941     0.017602    0.0050837     0.087544 SN.Oligodendrocyte_Tnr_Rps24.11_1
SN.Endothelial_Stalk_Flt1_Cd...      COVAR   12856   -0.0040487    -0.010974    0.0049346      0.79402 SN.Endothelial_Stalk_Flt1_Cdkn1c.12_1
SN.Endothelial_Stalk_Flt1_Gk...      COVAR   12856  -0.00011363  -0.00033565    0.0039709      0.51141 SN.Endothelial_Stalk_Flt1_Gkn3.12_2
SN.Endothelial_Stalk_Flt1_Ca...      COVAR   12856   -0.0026537   -0.0072106    0.0049755       0.7031 SN.Endothelial_Stalk_Flt1_Car4.12_3
SN.Endothelial_Stalk_Flt1_Vw...      COVAR   12856   -0.0010996   -0.0030327    0.0047454      0.59162 SN.Endothelial_Stalk_Flt1_Vwf.12_4
SN.Mural_Rgs5Acta2_Rgs5.13_1         COVAR   12856   0.00066163    0.0018163    0.0047113      0.44416 SN.Mural_Rgs5Acta2_Rgs5.13_1
SN.Mural_Rgs5Acta2_Kcnj8.13_2        COVAR   12856    0.0036683     0.011384    0.0032036       0.1261 SN.Mural_Rgs5Acta2_Kcnj8.13_2
SN.Mural_Rgs5Acta2_Cd9.13_3          COVAR   12856   -0.0015783   -0.0042373    0.0049231      0.62574 SN.Mural_Rgs5Acta2_Cd9.13_3
SN.Mural_Rgs5Acta2_Cbr2.13_4         COVAR   12856    0.0019231    0.0053705     0.004271      0.32626 SN.Mural_Rgs5Acta2_Cbr2.13_4
SN.Mural_Rgs5Acta2_Fos.13_5          COVAR   12856    0.0023148    0.0066615    0.0038965      0.27623 SN.Mural_Rgs5Acta2_Fos.13_5
SN.Endothelial_Tip_Dcn_Mgp.1...      COVAR   12856   0.00068928    0.0019481    0.0040959      0.43318 SN.Endothelial_Tip_Dcn_Mgp.14_1
SN.Endothelial_Tip_Dcn_Ifitm...      COVAR   12856    0.0004041    0.0011327    0.0039994      0.45976 SN.Endothelial_Tip_Dcn_Ifitm1.14_2
SN.Endothelial_Tip_Dcn_Alcam...      COVAR   12856    0.0040121      0.01202    0.0029167     0.084493 SN.Endothelial_Tip_Dcn_Alcam.14_3
SN.Neuron_Slc17a6.2_1                COVAR   12856   0.00093528    0.0026112    0.0069224      0.44626 SN.Neuron_Slc17a6.2_1
SN.Neuron_Gad1Gad2_Nfib-Satb...      COVAR   12856    0.0087304     0.024424    0.0069212       0.1036 SN.Neuron_Gad1Gad2_Nfib-Satb1.3_1
SN.Neuron_Slc17a6_Cacna2d1.3...      COVAR   12856  -1.4545e-05   -3.816e-05    0.0088986      0.50065 SN.Neuron_Slc17a6_Cacna2d1.3_10
SN.Neuron_Slc17a6_Shox2.3_11         COVAR   12856   -0.0044197    -0.012116    0.0072986      0.72759 SN.Neuron_Slc17a6_Shox2.3_11
SN.Neuron_Slc17a6_Nkx6-1.3_12        COVAR   12856    0.0012998    0.0035374    0.0078717      0.43442 SN.Neuron_Slc17a6_Nkx6-1.3_12
SN.Neuron_Gad1Gad2_Sema3e.3_...      COVAR   12856    0.0022768    0.0061159     0.008136       0.3898 SN.Neuron_Gad1Gad2_Sema3e.3_13
SN.Neuron_Gad1Gad2_Ttn.3_14          COVAR   12856   -0.0021744   -0.0059298    0.0082981      0.60335 SN.Neuron_Gad1Gad2_Ttn.3_14
SN.Neuron_Slc17a6_C1ql2.3_15         COVAR   12856   0.00098461    0.0026306    0.0079698      0.45084 SN.Neuron_Slc17a6_C1ql2.3_15
SN.Neuron_Gad1Gad2_Gad2-Kcnc...      COVAR   12856     0.003707     0.010208    0.0064854       0.2838 SN.Neuron_Gad1Gad2_Gad2-Kcnc3.3_16
SN.Neuron_Gad1Gad2_Sema3e-Kc...      COVAR   12856    0.0073842     0.020779     0.005648     0.095551 SN.Neuron_Gad1Gad2_Sema3e-Kcng4.3_17
SN.Neuron_Gad1Gad2_Pax5.3_18         COVAR   12856    0.0009518     0.002539    0.0079697      0.45247 SN.Neuron_Gad1Gad2_Pax5.3_18
SN.Neuron_Gad1Gad2_Tmem132c....      COVAR   12856   -0.0063734    -0.017951    0.0061642      0.84941 SN.Neuron_Gad1Gad2_Tmem132c.3_19
SN.Neuron_Gad1Gad2_Otx2-Chrn...      COVAR   12856    0.0090379     0.026534    0.0061001     0.069238 SN.Neuron_Gad1Gad2_Otx2-Chrna3.3_2
SN.Neuron_Gad1Gad2_Gad2.3_3          COVAR   12856    0.0060449     0.016041    0.0092771      0.25734 SN.Neuron_Gad1Gad2_Gad2.3_3
SN.Neuron_Gad1Gad2_Ndnf.3_4          COVAR   12856   -0.0044886    -0.013274    0.0056087      0.78822 SN.Neuron_Gad1Gad2_Ndnf.3_4
SN.Neuron_Gad1Gad2_Rln3.3_5          COVAR   12856   -0.0075387    -0.022903    0.0047536      0.94361 SN.Neuron_Gad1Gad2_Rln3.3_5
SN.Neuron_Slc17a6_Tcf4.3_6           COVAR   12856    -0.010895    -0.030027    0.0071659      0.93578 SN.Neuron_Slc17a6_Tcf4.3_6
SN.Neuron_Slc17a6-Gad2-Th_Cr...      COVAR   12856   -0.0015156   -0.0042236    0.0070069      0.58562 SN.Neuron_Slc17a6-Gad2-Th_Crhbp.3_7
SN.Neuron_Gad1Gad2_Gad2-Fos....      COVAR   12856   0.00019035   0.00055857    0.0055422       0.4863 SN.Neuron_Gad1Gad2_Gad2-Fos.3_8
SN.Neuron_Slc17a6_Nts.3_9            COVAR   12856    0.0043328     0.012134    0.0070088      0.26823 SN.Neuron_Slc17a6_Nts.3_9
SN.Neuron_Th-Slc17a6-Lpl.4_1         COVAR   12856   -0.0043576     -0.01209    0.0066339      0.74436 SN.Neuron_Th-Slc17a6-Lpl.4_1
SN.Neuron_Th_Cbln1.4_2               COVAR   12856   -0.0030026   -0.0087361     0.005449      0.70919 SN.Neuron_Th_Cbln1.4_2
SN.Neuron_Th_Cyp26b1.4_3             COVAR   12856   -0.0066593     -0.01864    0.0064569       0.8488 SN.Neuron_Th_Cyp26b1.4_3
SN.Neuron_Th_C1ql3.4_4               COVAR   12856   -0.0042868    -0.012294    0.0057841      0.77069 SN.Neuron_Th_C1ql3.4_4
SN.Neuron_Th_Vcan.4_5                COVAR   12856    0.0023959    0.0066563    0.0065771      0.35783 SN.Neuron_Th_Vcan.4_5
SN.Neuron_Th_Cadm2.4_6               COVAR   12856   0.00060147    0.0018553    0.0034472      0.43075 SN.Neuron_Th_Cadm2.4_6
SN.Neuron_Th_Nefl.4_7                COVAR   12856   -0.0022512    -0.006233    0.0065292      0.63487 SN.Neuron_Th_Nefl.4_7
SN.Neuron_Th_Aldh1a1.4_8             COVAR   12856    0.0031303      0.00859    0.0069852      0.32703 SN.Neuron_Th_Aldh1a1.4_8
SN.Neuron_Th_Grin2c.4_9              COVAR   12856    0.0016083    0.0043973    0.0069166      0.40806 SN.Neuron_Th_Grin2c.4_9
SN.Polydendrocyte_Tnr_Bmp4.5...      COVAR   12856    0.0051847     0.014966    0.0050906      0.15423 SN.Polydendrocyte_Tnr_Bmp4.5_1
SN.Polydendrocyte_Tnr_Tmem2....      COVAR   12856    0.0017242    0.0048486    0.0051531      0.36897 SN.Polydendrocyte_Tnr_Tmem2.5_2
SN.Polydendrocyte_Tnr_Opalin...      COVAR   12856    0.0049184     0.013672    0.0049417      0.15981 SN.Polydendrocyte_Tnr_Opalin.5_3
SN.Polydendrocyte_Tnr_Cspg5....      COVAR   12856    0.0080205     0.025176    0.0036043     0.013042 SN.Polydendrocyte_Tnr_Cspg5.6_1
SN.Polydendrocyte_Tnr_Cspg5-...      COVAR   12856    0.0091827     0.026695    0.0052333     0.039673 SN.Polydendrocyte_Tnr_Cspg5-Dad1.6_2
SN.Astrocyte_Gja1_Myoc.7_1           COVAR   12856   0.00023608   0.00065095    0.0049137      0.48084 SN.Astrocyte_Gja1_Myoc.7_1
SN.Astrocyte_Gja1_Cst3.7_2           COVAR   12856    0.0063509     0.016387     0.006037      0.14641 SN.Astrocyte_Gja1_Cst3.7_2
SN.Astrocyte_Gja1_Igfbp2.7_3         COVAR   12856    0.0013904    0.0041844    0.0032044      0.33218 SN.Astrocyte_Gja1_Igfbp2.7_3
SN.Ependyma_Ccdc153.8_1              COVAR   12856    0.0015524    0.0048275    0.0032141      0.31455 SN.Ependyma_Ccdc153.8_1
SN.Macrophage_C1qb_Mrc1.9_1          COVAR   12856    0.0025788    0.0074081    0.0040637      0.26285 SN.Macrophage_C1qb_Mrc1.9_1
SN.Microglia_C1qb_Tmem119.9_2        COVAR   12856   0.00018737   0.00057979    0.0029875        0.475 SN.Microglia_C1qb_Tmem119.9_2
TH.Neuron_Slc17a7_Tac2_Chat....      COVAR   12856    0.0019669    0.0056697    0.0061468      0.37449 TH.Neuron_Slc17a7_Tac2_Chat.1_1
TH.Neuron_Slc17a7_Tac2_Syt15...      COVAR   12856    -0.011857    -0.033648    0.0064111      0.96779 TH.Neuron_Slc17a7_Tac2_Syt15.1_2
TH.Neuron_Slc17a7_Tac2_Wif1....      COVAR   12856     -0.00177    -0.004962    0.0067682      0.60315 TH.Neuron_Slc17a7_Tac2_Wif1.1_3
TH.Neuron_Slc17a7_Tac2_Htr2c...      COVAR   12856   0.00015853    0.0004973    0.0042463      0.48511 TH.Neuron_Slc17a7_Tac2_Htr2c.1_4
TH.Ependymal_Ccdc153.10_1            COVAR   12856    0.0015953    0.0041869    0.0047782      0.36924 TH.Ependymal_Ccdc153.10_1
TH.Astrocyte_Gja1_Myoc.11_1          COVAR   12856    0.0051327     0.014682    0.0044529      0.12454 TH.Astrocyte_Gja1_Myoc.11_1
TH.Astrocyte_Gja1_Vegfa.11_2         COVAR   12856     0.010935     0.027308     0.006129     0.037219 TH.Astrocyte_Gja1_Vegfa.11_2
TH.Polydendrocyte_Tnr_Pdgfa....      COVAR   12856  -0.00065355   -0.0018591     0.005065      0.55133 TH.Polydendrocyte_Tnr_Pdgfa.12_1
TH.Polydendrocyte_Tnr_Ctps.1...      COVAR   12856    0.0036627     0.010185    0.0050766      0.23531 TH.Polydendrocyte_Tnr_Ctps.12_2
TH.Polydendrocyte_Tnr_Bmp4.1...      COVAR   12856    0.0073566     0.020699    0.0057387     0.099946 TH.Polydendrocyte_Tnr_Bmp4.12_3
TH.Polydendrocyte_Tnr_Cspg5....      COVAR   12856     0.010911     0.032764    0.0046665    0.0096977 TH.Polydendrocyte_Tnr_Cspg5.12_4
TH.Neuron_Slc17a6_Rora_Atp2b...      COVAR   12856    0.0032095    0.0086193    0.0076636      0.33768 TH.Neuron_Slc17a6_Rora_Atp2b4.2_1
TH.Neuron_Slc17a6_Rora_Cacng...      COVAR   12856     0.002324     0.006223    0.0073626      0.37614 TH.Neuron_Slc17a6_Rora_Cacng4.2_10
TH.Neuron_Slc17a6_Rora_Pvalb...      COVAR   12856    0.0025669    0.0069336    0.0072148      0.36101 TH.Neuron_Slc17a6_Rora_Pvalb.2_11
TH.Neuron_Slc17a6_Rora_Nptxr...      COVAR   12856    -0.003919    -0.010448    0.0078459      0.69128 TH.Neuron_Slc17a6_Rora_Nptxr.2_2
TH.Neuron_Slc17a6_Rora_Calca...      COVAR   12856    0.0019668    0.0053018    0.0076639      0.39873 TH.Neuron_Slc17a6_Rora_Calca.2_3
TH.Neuron_Slc17a6_Rora_Nrp2....      COVAR   12856    0.0077987     0.021123    0.0076044      0.15256 TH.Neuron_Slc17a6_Rora_Nrp2.2_4
TH.Neuron_Slc17a6_Rora_C1ql2...      COVAR   12856     0.017483     0.047641    0.0068328    0.0052598 TH.Neuron_Slc17a6_Rora_C1ql2.2_5
TH.Neuron_Slc17a6_Rora_Fgf10...      COVAR   12856    0.0036892     0.009872    0.0072172      0.30462 TH.Neuron_Slc17a6_Rora_Fgf10.2_6
TH.Neuron_Slc17a6_Rora_Lypd6...      COVAR   12856    0.0020771    0.0055723    0.0073469       0.3887 TH.Neuron_Slc17a6_Rora_Lypd6.2_7
TH.Neuron_Slc17a6_Rora_Cbln2...      COVAR   12856    0.0037901     0.010169    0.0073214      0.30235 TH.Neuron_Slc17a6_Rora_Cbln2.2_8
TH.Neuron_Slc17a6_Rora_Lrrtm...      COVAR   12856   0.00069964    0.0018811    0.0064121      0.45656 TH.Neuron_Slc17a6_Rora_Lrrtm2.2_9
TH.Neuron_Gad1Gad2_Six3-Adcy...      COVAR   12856    0.0081207     0.021351    0.0072645      0.13182 TH.Neuron_Gad1Gad2_Six3-Adcy1.3_1
TH.Neuron_Slc17a6_Ebf1.3_10          COVAR   12856    0.0025792    0.0069752      0.00752      0.36581 TH.Neuron_Slc17a6_Ebf1.3_10
TH.Neuron_Gad1Gad2_Ttn.3_11          COVAR   12856    0.0082185     0.023268    0.0060539     0.087315 TH.Neuron_Gad1Gad2_Ttn.3_11
TH.Neuron_Gad1Gad2_Six3-Sst....      COVAR   12856    -0.013452    -0.037209    0.0080589      0.95245 TH.Neuron_Gad1Gad2_Six3-Sst.3_2
TH.Neuron_Gad1Gad2_Pou6f2-Pa...      COVAR   12856    0.0079027     0.021108    0.0086673      0.18095 TH.Neuron_Gad1Gad2_Pou6f2-Pax6.3_3
TH.Neuron_Slc17a6_Pitx2.3_4          COVAR   12856   -0.0037357    -0.010428    0.0073758      0.69374 TH.Neuron_Slc17a6_Pitx2.3_4
TH.Neuron_Gad1Gad2_Chrnb3.3_5        COVAR   12856    0.0084886      0.02404    0.0072911      0.12218 TH.Neuron_Gad1Gad2_Chrnb3.3_5
TH.Neuron_Gad1Gad2_Gata3.3_6         COVAR   12856     0.011247      0.03062    0.0080344     0.080787 TH.Neuron_Gad1Gad2_Gata3.3_6
TH.Neuron_Slc17a6-Gad1Gad2_A...      COVAR   12856   -0.0039539    -0.010881    0.0081572      0.68605 TH.Neuron_Slc17a6-Gad1Gad2_Asb4.3_7
TH.Neuron_Gad1Gad2_Col25a1.3...      COVAR   12856    0.0040565     0.010619    0.0086788      0.32011 TH.Neuron_Gad1Gad2_Col25a1.3_8
TH.Neuron_Slc17a6_Nrgn.3_9           COVAR   12856    0.0058996     0.015688    0.0074385      0.21386 TH.Neuron_Slc17a6_Nrgn.3_9
TH.Endothelial_Stalk_Flt1_Gk...      COVAR   12856   -0.0029894   -0.0080958    0.0050229      0.72412 TH.Endothelial_Stalk_Flt1_Gkn3.4_1
TH.Endothelial_Stalk_Flt1_Pi...      COVAR   12856   0.00082257    0.0025963    0.0031228      0.39612 TH.Endothelial_Stalk_Flt1_Pi16.4_2
TH.Endothelial_Stalk_Flt1_Ca...      COVAR   12856   -0.0027111   -0.0073377    0.0050829      0.70311 TH.Endothelial_Stalk_Flt1_Car4.4_3
TH.Endothelial_Stalk_Flt1_Vw...      COVAR   12856   -0.0031968   -0.0088756    0.0046597      0.75365 TH.Endothelial_Stalk_Flt1_Vwf.4_4
TH.Mural_Rgs5Acta2_Cnn1.5_1          COVAR   12856   -0.0051912    -0.013823    0.0051463      0.84344 TH.Mural_Rgs5Acta2_Cnn1.5_1
TH.Mural_Rgs5Acta2_Car4.5_2          COVAR   12856    0.0031004    0.0082339    0.0053599      0.28149 TH.Mural_Rgs5Acta2_Car4.5_2
TH.Endothelial_Tip_Dcn.6_1           COVAR   12856    0.0045127      0.01261    0.0044154      0.15339 TH.Endothelial_Tip_Dcn.6_1
TH.Endothelial_Tip_Dcn_Nenf....      COVAR   12856     0.001786     0.005072    0.0041448      0.33327 TH.Endothelial_Tip_Dcn_Nenf.6_2
TH.Macrophage_C1qb_Mrc1.7_1          COVAR   12856   -0.0018878   -0.0054366    0.0039827      0.68225 TH.Macrophage_C1qb_Mrc1.7_1
TH.Microglia_C1qb_Tmem119.7_2        COVAR   12856     0.002077    0.0058212    0.0046503      0.32757 TH.Microglia_C1qb_Tmem119.7_2
TH.Oligodendrocyte_Trf_Klk6....      COVAR   12856     0.001052    0.0027993    0.0056928       0.4267 TH.Oligodendrocyte_Trf_Klk6.8_1
TH.Oligodendrocyte_Trf_Il33....      COVAR   12856     0.005536     0.014506    0.0063697       0.1924 TH.Oligodendrocyte_Trf_Il33.8_2
TH.Oligodendrocyte_Trf_Ctps....      COVAR   12856    0.0050042     0.013326    0.0059217      0.19905 TH.Oligodendrocyte_Trf_Ctps.8_3
TH.Oligodendrocyte_Trf_Ndrg2...1     COVAR   12856    0.0083251      0.02196    0.0060917     0.085883 TH.Oligodendrocyte_Trf_Ndrg2.8_4
TH.Oligodendrocyte_Trf_Ndrg2...2     COVAR   12856    0.0065215      0.01666    0.0053563      0.11171 TH.Oligodendrocyte_Trf_Ndrg2.9_1
