Welcome to MAGMA v1.10 (linux/s)
Using flags:
	--gene-results /new_data/users_data/celltype/527208/magma.genes.raw
	--gene-covar /data/MAGMA/celltype/Linnarsson_GSE78845_Mouse_Ganglia.txt
	--model condition-hide=Average direction=greater
	--out /new_data/users_data/celltype/527208/magma_celltype_Linnarsson_GSE78845_Mouse_Ganglia

Start time is 01:52:59, Saturday 21 Sep 2024

Reading file /new_data/users_data/celltype/527208/magma.genes.raw... 
	15564 genes read from file
Loading gene-level covariates...
Reading file /data/MAGMA/celltype/Linnarsson_GSE78845_Mouse_Ganglia.txt... 
	detected 9 variables in file (using all)
	found 9 valid gene covariates, for 11230 genes defined in genotype data
Processing missing values...
	found 4334 genes not present in all input files: removing these from analysis
	11230 genes remaining in analysis
Preparing variables for analysis...
	truncating Z-scores 3 points below zero or 6 standard deviations above the mean
	truncating covariate values more than 5 standard deviations from the mean
	total variables available for analysis: 9 gene covariates

Parsing model specifications...
Inverting gene-gene correlation matrix...
Performing regression analysis...
	testing direction: one-sided, positive (sets), one-sided, positive (covar)
	conditioning on internal variables:
		gene size, log(gene size)
		gene density, log(gene density)
		sample size, log(sample size)
		inverse mac, log(inverse mac)
	conditioning on input variables (no output):
		Average (covar)
	analysing individual variables

	analysing single-variable models (number of models: 8)
	WARNING: analysis failed for 'Noradrenergic3' (covar); could not invert variable design matrix: variable is collinear with conditioned covariates
	writing results to file /new_data/users_data/celltype/527208/magma_celltype_Linnarsson_GSE78845_Mouse_Ganglia.gsa.out

End time is 01:53:03, Saturday 21 Sep 2024 (elapsed: 00:00:04)
