# MEAN_SAMPLE_SIZE = 54886
# TOTAL_GENES = 12577
# TEST_DIRECTION = one-sided, positive (set), one-sided, positive (covar)
# CONDITIONED_INTERNAL = gene size, gene density, sample size, inverse mac, log(gene size), log(gene density), log(sample size), log(inverse mac)
# CONDITIONED_HIDDEN = Average (covar)
VARIABLE                               TYPE  NGENES         BETA     BETA_STD           SE            P FULL_NAME
Mammary_Gland_Involution.B_c...1      COVAR   12577    -0.075461   -0.0070792      0.12249      0.73106 Mammary_Gland_Involution.B_cell_Cd79a_high
Mammary_Gland_Involution.B_c...2      COVAR   12577    -0.016987   -0.0016977      0.11615      0.55814 Mammary_Gland_Involution.B_cell_Jchain_high
Mammary_Gland_Involution.Den...1      COVAR   12577    -0.097322    -0.010553        0.105        0.823 Mammary_Gland_Involution.Dendritic_cell_Ccl22_high
Mammary_Gland_Involution.Den...2      COVAR   12577    -0.076181   -0.0090514     0.088926      0.80418 Mammary_Gland_Involution.Dendritic_cell_Il1b_high
Mammary_Gland_Involution.Den...3      COVAR   12577      -0.0795   -0.0091609     0.078877      0.84324 Mammary_Gland_Involution.Dendritic_cell_Siglech_high
Mammary_Gland_Involution.End...1      COVAR   12577    0.0066288   0.00073604     0.099643      0.47348 Mammary_Gland_Involution.Endothelial_cell_Aqp1_high
Mammary_Gland_Involution.End...3      COVAR   12577     -0.11438    -0.010687      0.12516       0.8196 Mammary_Gland_Involution.Endothelial_cell_Fabp4_high
Mammary_Gland_Involution.End...2      COVAR   12577    -0.023262   -0.0030322     0.078924       0.6159 Mammary_Gland_Involution.Endothelial_cell_Fabp4.Aqp1_high
Mammary_Gland_Involution.End...4      COVAR   12577     0.087112    0.0090856      0.10086      0.19389 Mammary_Gland_Involution.Endothelial_cell_Glycam1_high
Mammary_Gland_Involution.Lum...       COVAR   12577    -0.053858   -0.0059926      0.12904      0.66179 Mammary_Gland_Involution.Luminal_cell
Mammary_Gland_Involution.Mac...1      COVAR   12577     0.036616    0.0039549       0.1083      0.36765 Mammary_Gland_Involution.Macrophage_Apoe_high
Mammary_Gland_Involution.Mac...2      COVAR   12577      0.12415     0.011672      0.13025      0.17026 Mammary_Gland_Involution.Macrophage_Pf4_high
Mammary_Gland_Involution.Mac...3      COVAR   12577    0.0060863   0.00071626       0.1074      0.47741 Mammary_Gland_Involution.Macrophage_Plbd1_high
Mammary_Gland_Involution.Mac...4      COVAR   12577      0.14114     0.015649       0.1228      0.12521 Mammary_Gland_Involution.Macrophage_Retnla_high
Mammary_Gland_Involution.Mas...       COVAR   12577   -0.0086238   -0.0010493     0.072463      0.54737 Mammary_Gland_Involution.Mast_cell
Mammary_Gland_Involution.Mus...1      COVAR   12577    -0.017055   -0.0016827      0.11102      0.56104 Mammary_Gland_Involution.Muscle_cell_Inmt_high
Mammary_Gland_Involution.Mus...2      COVAR   12577    -0.063927   -0.0065912      0.11336       0.7136 Mammary_Gland_Involution.Muscle_cell_Pi16_high
Mammary_Gland_Involution.NK_...1      COVAR   12577    -0.031117   -0.0027921      0.13213      0.59309 Mammary_Gland_Involution.NK_cell_Cd8b1_high
Mammary_Gland_Involution.NK_...2      COVAR   12577     -0.14097    -0.014995      0.10638      0.90743 Mammary_Gland_Involution.NK_cell_Gzma_high
Mammary_Gland_Involution.Sec...1      COVAR   12577      0.13439     0.017395       0.1087      0.10818 Mammary_Gland_Involution.Secretory_alveoli_cell_Csn2_high
Mammary_Gland_Involution.Sec...2      COVAR   12577     0.097117     0.010203      0.14877      0.25695 Mammary_Gland_Involution.Secretory_alveoli_cell_Trf_high
Mammary_Gland_Involution.Str...       COVAR   12577    -0.010904   -0.0010184      0.12784      0.53399 Mammary_Gland_Involution.Stromal_cell
Mammary_Gland_Involution.T_c...1      COVAR   12577    -0.028025   -0.0025559      0.12266      0.59036 Mammary_Gland_Involution.T_cell_Icos_high
Mammary_Gland_Involution.T_c...2      COVAR   12577     -0.10818    -0.012873      0.11091      0.83531 Mammary_Gland_Involution.T_cell_Pclaf_high
Mammary_Gland_Lactation.Adio...       COVAR   12577     0.046142    0.0023081      0.26691      0.43138 Mammary_Gland_Lactation.Adiocyte_cell
Mammary_Gland_Lactation.B_ce...1      COVAR   12577     0.096095    0.0060031      0.19674      0.31263 Mammary_Gland_Lactation.B_cell_Igkv6.15_high
Mammary_Gland_Lactation.B_ce...2      COVAR   12577     -0.19407    -0.013805      0.14276      0.91298 Mammary_Gland_Lactation.B_cell_Igkv6.23_high
Mammary_Gland_Lactation.B_ce...3      COVAR   12577      0.34232      0.01503      0.34914      0.16344 Mammary_Gland_Lactation.B_cell_Jchain_high
Mammary_Gland_Lactation.Dend...       COVAR   12577      0.08782    0.0052449      0.21652      0.34252 Mammary_Gland_Lactation.Dendritic_cell
Mammary_Gland_Lactation.Macr...1      COVAR   12577     0.013238   0.00083022      0.17945       0.4706 Mammary_Gland_Lactation.Macrophage_C1qb_high
Mammary_Gland_Lactation.Macr...2      COVAR   12577       0.1292    0.0060493      0.33276      0.34891 Mammary_Gland_Lactation.Macrophage_Cd74_high
Mammary_Gland_Lactation.Musc...1      COVAR   12577      0.11767    0.0076104      0.16281      0.23492 Mammary_Gland_Lactation.Muscel_cell
Mammary_Gland_Lactation.Musc...2      COVAR   12577     -0.34155    -0.021062      0.20744      0.95016 Mammary_Gland_Lactation.Muscle__cell
Mammary_Gland_Lactation.Musc...3      COVAR   12577     -0.18654   -0.0096871      0.21825      0.80364 Mammary_Gland_Lactation.Muscle_cell
Mammary_Gland_Lactation.Natu...       COVAR   12577      0.13614    0.0076264      0.24113      0.28618 Mammary_Gland_Lactation.Natural_kill_cell
Mammary_Gland_Lactation.Secr...2      COVAR   12577     0.087912    0.0054136       0.1913      0.32292 Mammary_Gland_Lactation.Secretory_alveoli_cell_Actb_high
Mammary_Gland_Lactation.Secr...3      COVAR   12577    -0.080515    -0.005536      0.20029      0.65615 Mammary_Gland_Lactation.Secretory_alveoli_cell_Apod_high
Mammary_Gland_Lactation.Secr...4      COVAR   12577    -0.017652   -0.0010418       0.2134      0.53296 Mammary_Gland_Lactation.Secretory_alveoli_cell_Atf3_high
Mammary_Gland_Lactation.Secr...1      COVAR   12577      0.30774      0.01983         0.17     0.035144 Mammary_Gland_Lactation.Secretory_alveoli_cell_AW112010_high
Mammary_Gland_Lactation.Secr...5      COVAR   12577     -0.13128   -0.0078901      0.24364      0.70499 Mammary_Gland_Lactation.Secretory_alveoli_cell_Bckdha_high
Mammary_Gland_Lactation.Secr...6      COVAR   12577      0.03227    0.0022657      0.21522      0.44041 Mammary_Gland_Lactation.Secretory_alveoli_cell_Ccng1_high
Mammary_Gland_Lactation.Secr...7      COVAR   12577      0.34068      0.02245      0.17081     0.023058 Mammary_Gland_Lactation.Secretory_alveoli_cell_Cd63_high
Mammary_Gland_Lactation.Secr...8      COVAR   12577    -0.050422   -0.0034483      0.15149      0.63037 Mammary_Gland_Lactation.Secretory_alveoli_cell_Cd83_high
Mammary_Gland_Lactation.Secr...9      COVAR   12577      -0.1405   -0.0091696      0.20562      0.75279 Mammary_Gland_Lactation.Secretory_alveoli_cell_Cfd_high
Mammary_Gland_Lactation.Secr...10     COVAR   12577     -0.24118     -0.01497      0.24042       0.8421 Mammary_Gland_Lactation.Secretory_alveoli_cell_Cgrrf1_high
Mammary_Gland_Lactation.Secr...11     COVAR   12577    -0.083687   -0.0056636      0.14351       0.7201 Mammary_Gland_Lactation.Secretory_alveoli_cell_Cide.Wfdc3.Wap_high
Mammary_Gland_Lactation.Secr...13     COVAR   12577      -0.1968    -0.011187      0.21097      0.82454 Mammary_Gland_Lactation.Secretory_alveoli_cell_Cidea_high
Mammary_Gland_Lactation.Secr...12     COVAR   12577       0.1482    0.0093281      0.14924      0.16036 Mammary_Gland_Lactation.Secretory_alveoli_cell_Cidea.Elovl5_high
Mammary_Gland_Lactation.Secr...14     COVAR   12577     -0.20892    -0.015577      0.13185      0.94345 Mammary_Gland_Lactation.Secretory_alveoli_cell_Clu_high
Mammary_Gland_Lactation.Secr...15     COVAR   12577    -0.063413    -0.003882       0.1746      0.64176 Mammary_Gland_Lactation.Secretory_alveoli_cell_Cnp_high
Mammary_Gland_Lactation.Secr...16     COVAR   12577    -0.075365   -0.0057219      0.11137       0.7507 Mammary_Gland_Lactation.Secretory_alveoli_cell_Crip1_high
Mammary_Gland_Lactation.Secr...17     COVAR   12577   -0.0018712  -0.00014089      0.12739      0.50586 Mammary_Gland_Lactation.Secretory_alveoli_cell_Cyb561_high
Mammary_Gland_Lactation.Secr...18     COVAR   12577     -0.23023    -0.014999      0.21273      0.86042 Mammary_Gland_Lactation.Secretory_alveoli_cell_Dnajb1_high
Mammary_Gland_Lactation.Secr...19     COVAR   12577      0.17515     0.012112      0.17865      0.16346 Mammary_Gland_Lactation.Secretory_alveoli_cell_Ehf_high
Mammary_Gland_Lactation.Secr...20     COVAR   12577     0.025775    0.0022168      0.10868      0.40626 Mammary_Gland_Lactation.Secretory_alveoli_cell_Fcer1g_high
Mammary_Gland_Lactation.Secr...23     COVAR   12577     -0.24067    -0.015544      0.15257      0.94264 Mammary_Gland_Lactation.Secretory_alveoli_cell_Fth1_high
Mammary_Gland_Lactation.Secr...21     COVAR   12577     -0.10918    -0.011931     0.076324       0.9237 Mammary_Gland_Lactation.Secretory_alveoli_cell_Fth1.Cib1_high
Mammary_Gland_Lactation.Secr...22     COVAR   12577      0.19599      0.01441      0.14174      0.08339 Mammary_Gland_Lactation.Secretory_alveoli_cell_Fth1.Wfdc3_high
Mammary_Gland_Lactation.Secr...24     COVAR   12577     0.064066    0.0038585      0.22329      0.38709 Mammary_Gland_Lactation.Secretory_alveoli_cell_Gadd45b_high
Mammary_Gland_Lactation.Secr...25     COVAR   12577     0.021227    0.0013148      0.18878      0.45524 Mammary_Gland_Lactation.Secretory_alveoli_cell_Ggnbp2_high
Mammary_Gland_Lactation.Secr...26     COVAR   12577    0.0073257   0.00043963      0.23359      0.48749 Mammary_Gland_Lactation.Secretory_alveoli_cell_Gm1673_high
Mammary_Gland_Lactation.Secr...27     COVAR   12577    -0.063379   -0.0036913      0.22112       0.6128 Mammary_Gland_Lactation.Secretory_alveoli_cell_Gpx3_high
Mammary_Gland_Lactation.Secr...28     COVAR   12577      -0.2258    -0.013489      0.23636      0.83029 Mammary_Gland_Lactation.Secretory_alveoli_cell_Hes1_high
Mammary_Gland_Lactation.Secr...29     COVAR   12577     -0.23264    -0.014972      0.19623      0.88209 Mammary_Gland_Lactation.Secretory_alveoli_cell_Hsp90aa1_high
Mammary_Gland_Lactation.Secr...30     COVAR   12577      0.27542     0.016481      0.22542       0.1109 Mammary_Gland_Lactation.Secretory_alveoli_cell_Hspa1a_high
Mammary_Gland_Lactation.Secr...31     COVAR   12577     -0.15453    -0.014285      0.11123      0.91761 Mammary_Gland_Lactation.Secretory_alveoli_cell_Ifi27l2a_high
Mammary_Gland_Lactation.Secr...32     COVAR   12577     -0.15335   -0.0097823       0.2137      0.76349 Mammary_Gland_Lactation.Secretory_alveoli_cell_Ifi35_high
Mammary_Gland_Lactation.Secr...33     COVAR   12577    -0.058778   -0.0040523      0.16602      0.63834 Mammary_Gland_Lactation.Secretory_alveoli_cell_Igfbp7_high
Mammary_Gland_Lactation.Secr...34     COVAR   12577     -0.12234   -0.0072982      0.22309      0.70828 Mammary_Gland_Lactation.Secretory_alveoli_cell_Ighm1_high
Mammary_Gland_Lactation.Secr...36     COVAR   12577     -0.31348    -0.021371      0.14718       0.9834 Mammary_Gland_Lactation.Secretory_alveoli_cell_Igkv1.110_high
Mammary_Gland_Lactation.Secr...35     COVAR   12577       0.0283    0.0018392      0.15997      0.42979 Mammary_Gland_Lactation.Secretory_alveoli_cell_Igkv1.110.P4hb_high
Mammary_Gland_Lactation.Secr...37     COVAR   12577      0.47783     0.030664      0.16244    0.0016361 Mammary_Gland_Lactation.Secretory_alveoli_cell_Igkv1.117_high
Mammary_Gland_Lactation.Secr...38     COVAR   12577     0.070247    0.0044849      0.18291      0.35047 Mammary_Gland_Lactation.Secretory_alveoli_cell_Iglc1_high
Mammary_Gland_Lactation.Secr...39     COVAR   12577     -0.17634    -0.011397      0.18284      0.83259 Mammary_Gland_Lactation.Secretory_alveoli_cell_Igsf8_high
Mammary_Gland_Lactation.Secr...40     COVAR   12577     0.022355    0.0013757      0.22419      0.46029 Mammary_Gland_Lactation.Secretory_alveoli_cell_Kif5b_high
Mammary_Gland_Lactation.Secr...41     COVAR   12577      0.13105    0.0077543       0.2018      0.25804 Mammary_Gland_Lactation.Secretory_alveoli_cell_Klf2_high
Mammary_Gland_Lactation.Secr...42     COVAR   12577    -0.079265   -0.0048035      0.23443      0.63236 Mammary_Gland_Lactation.Secretory_alveoli_cell_Klf6_high
Mammary_Gland_Lactation.Secr...43     COVAR   12577     -0.11691   -0.0076784      0.15042      0.78148 Mammary_Gland_Lactation.Secretory_alveoli_cell_Lgals1_high
Mammary_Gland_Lactation.Secr...44     COVAR   12577   -0.0048256  -0.00033396      0.15363      0.51253 Mammary_Gland_Lactation.Secretory_alveoli_cell_Ly6a_high
Mammary_Gland_Lactation.Secr...45     COVAR   12577    -0.012325  -0.00087078      0.18316      0.52682 Mammary_Gland_Lactation.Secretory_alveoli_cell_Lyz2_high
Mammary_Gland_Lactation.Secr...46     COVAR   12577     0.024059    0.0015003      0.19052      0.44976 Mammary_Gland_Lactation.Secretory_alveoli_cell_Malat1_high
Mammary_Gland_Lactation.Secr...47     COVAR   12577    -0.043912   -0.0026371      0.19376      0.58964 Mammary_Gland_Lactation.Secretory_alveoli_cell_Mat2a_high
Mammary_Gland_Lactation.Secr...48     COVAR   12577    -0.055884   -0.0033095      0.19693       0.6117 Mammary_Gland_Lactation.Secretory_alveoli_cell_Mrpl15_high
Mammary_Gland_Lactation.Secr...73     COVAR   12577    -0.049371   -0.0028807      0.24374      0.58026 Mammary_Gland_Lactation.Secretory_alveoli_cell_mt.Tp_high
Mammary_Gland_Lactation.Secr...49     COVAR   12577     0.027577    0.0017784       0.1582      0.43081 Mammary_Gland_Lactation.Secretory_alveoli_cell_Naxd_high
Mammary_Gland_Lactation.Secr...50     COVAR   12577    -0.060043    -0.003632      0.23108       0.6025 Mammary_Gland_Lactation.Secretory_alveoli_cell_Pa2g4_high
Mammary_Gland_Lactation.Secr...51     COVAR   12577     -0.16061    -0.011478      0.15209       0.8545 Mammary_Gland_Lactation.Secretory_alveoli_cell_Prkcsh_high
Mammary_Gland_Lactation.Secr...52     COVAR   12577     -0.15312   -0.0097307      0.20655      0.77074 Mammary_Gland_Lactation.Secretory_alveoli_cell_Ptpn18_high
Mammary_Gland_Lactation.Secr...53     COVAR   12577     -0.18715    -0.011632       0.1728      0.86058 Mammary_Gland_Lactation.Secretory_alveoli_cell_Rac2_high
Mammary_Gland_Lactation.Secr...54     COVAR   12577    -0.083714     -0.00529      0.17531       0.6835 Mammary_Gland_Lactation.Secretory_alveoli_cell_Retnla_high
Mammary_Gland_Lactation.Secr...55     COVAR   12577     -0.01086  -0.00073352      0.15774      0.52744 Mammary_Gland_Lactation.Secretory_alveoli_cell_Rgs2_high_Rora_high
Mammary_Gland_Lactation.Secr...56     COVAR   12577      0.17073     0.011097       0.1608      0.14419 Mammary_Gland_Lactation.Secretory_alveoli_cell_Rhob_high
Mammary_Gland_Lactation.Secr...57     COVAR   12577    -0.071201   -0.0048906      0.13842       0.6965 Mammary_Gland_Lactation.Secretory_alveoli_cell_S100a11_high
Mammary_Gland_Lactation.Secr...58     COVAR   12577     -0.12447   -0.0083408        0.179      0.75658 Mammary_Gland_Lactation.Secretory_alveoli_cell_Sars_high
Mammary_Gland_Lactation.Secr...59     COVAR   12577     -0.34508    -0.022007      0.17775      0.97388 Mammary_Gland_Lactation.Secretory_alveoli_cell_Sh3bgrl3_high
Mammary_Gland_Lactation.Secr...60     COVAR   12577    -0.082519   -0.0054322       0.2018      0.65869 Mammary_Gland_Lactation.Secretory_alveoli_cell_Snord118_high
Mammary_Gland_Lactation.Secr...61     COVAR   12577    -0.046646   -0.0028413      0.24057      0.57687 Mammary_Gland_Lactation.Secretory_alveoli_cell_Spp1_high
Mammary_Gland_Lactation.Secr...62     COVAR   12577     -0.17262    -0.010703      0.21811      0.78565 Mammary_Gland_Lactation.Secretory_alveoli_cell_Srsf11_high
Mammary_Gland_Lactation.Secr...63     COVAR   12577       0.2076     0.015921      0.13999     0.069053 Mammary_Gland_Lactation.Secretory_alveoli_cell_Taf1d_high
Mammary_Gland_Lactation.Secr...64     COVAR   12577      -0.0202   -0.0012913      0.14691      0.55468 Mammary_Gland_Lactation.Secretory_alveoli_cell_Thy1_high
Mammary_Gland_Lactation.Secr...65     COVAR   12577     -0.13138   -0.0088593      0.14973      0.80988 Mammary_Gland_Lactation.Secretory_alveoli_cell_Tmem123_high
Mammary_Gland_Lactation.Secr...66     COVAR   12577     -0.14581   -0.0087401      0.18099      0.78976 Mammary_Gland_Lactation.Secretory_alveoli_cell_Tmsb10_high
Mammary_Gland_Lactation.Secr...67     COVAR   12577    -0.052855   -0.0036771      0.17174      0.62087 Mammary_Gland_Lactation.Secretory_alveoli_cell_Tubb5_high
Mammary_Gland_Lactation.Secr...68     COVAR   12577      0.12423    0.0076025      0.18906      0.25558 Mammary_Gland_Lactation.Secretory_alveoli_cell_Tyrobp_high
Mammary_Gland_Lactation.Secr...69     COVAR   12577      0.13446    0.0089218      0.19317      0.24319 Mammary_Gland_Lactation.Secretory_alveoli_cell_Ube2e3_high
Mammary_Gland_Lactation.Secr...70     COVAR   12577    -0.089098   -0.0050987       0.2468      0.64095 Mammary_Gland_Lactation.Secretory_alveoli_cell_Wfdc17_high
Mammary_Gland_Lactation.Secr...71     COVAR   12577    -0.037642   -0.0031303      0.10067      0.64576 Mammary_Gland_Lactation.Secretory_alveoli_cell_Wfdc3.Wap_high
Mammary_Gland_Lactation.Secr...72     COVAR   12577     -0.16647    -0.010437      0.22068      0.77467 Mammary_Gland_Lactation.Secretory_alveoli_cell_Yif1b1_high
Mammary_Gland_Lactation.Stro...       COVAR   12577     0.068293    0.0031216      0.30161      0.41044 Mammary_Gland_Lactation.Stromal_cell
Mammary_Gland_Lactation.T_ce...       COVAR   12577    -0.025434   -0.0014839      0.26202      0.53866 Mammary_Gland_Lactation.T_cell
Mammary_Gland_Pregnancy.B_ce...1      COVAR   12577     0.016551    0.0031368     0.045498      0.35802 Mammary_Gland_Pregnancy.B_cell_Jchain_high
Mammary_Gland_Pregnancy.B_ce...2      COVAR   12577    -0.068319   -0.0066793      0.16044      0.66488 Mammary_Gland_Pregnancy.B_cell_Ly6d_high
Mammary_Gland_Pregnancy.Dend...1      COVAR   12577     0.011966    0.0018717     0.083476      0.44301 Mammary_Gland_Pregnancy.Dendritic_cell_Cd209a_high
Mammary_Gland_Pregnancy.Dend...2      COVAR   12577    -0.083471    -0.012094     0.082641      0.84375 Mammary_Gland_Pregnancy.Dendritic_cell_Fscn1_high
Mammary_Gland_Pregnancy.Duct...       COVAR   12577     -0.14172    -0.011007      0.23865      0.72369 Mammary_Gland_Pregnancy.Ductal_luminal_cell
Mammary_Gland_Pregnancy.Endo...       COVAR   12577     0.007867    0.0010299     0.083376      0.46241 Mammary_Gland_Pregnancy.Endothelial_cell
Mammary_Gland_Pregnancy.Lumi...       COVAR   12577   -0.0043858   -0.0017738     0.029051         0.56 Mammary_Gland_Pregnancy.Luminal_cell
Mammary_Gland_Pregnancy.Macr...       COVAR   12577     0.069478     0.014587       0.0665      0.14807 Mammary_Gland_Pregnancy.Macrophage
Mammary_Gland_Pregnancy.Mast...       COVAR   12577     0.027051    0.0037655     0.066123      0.34124 Mammary_Gland_Pregnancy.Mast_cell
Mammary_Gland_Pregnancy.Myel...       COVAR   12577    -0.070028    -0.011061     0.084338      0.79681 Mammary_Gland_Pregnancy.Myeloid_leukocyte
Mammary_Gland_Pregnancy.Myoe...       COVAR   12577   -0.0022252  -0.00042567     0.068947      0.51287 Mammary_Gland_Pregnancy.Myoepithelial_cell
Mammary_Gland_Pregnancy.NK_c...1      COVAR   12577     -0.10409    -0.011891      0.12641      0.79487 Mammary_Gland_Pregnancy.NK_cell_Gzma_high
Mammary_Gland_Pregnancy.NK_c...2      COVAR   12577    -0.072513    -0.018131     0.055064      0.90605 Mammary_Gland_Pregnancy.NK_cells_Gzmb_high
Mammary_Gland_Pregnancy.Secr...       COVAR   12577     0.098755     0.026213     0.060898     0.052454 Mammary_Gland_Pregnancy.Secretory_alveoli_cell
Mammary_Gland_Pregnancy.Stro...       COVAR   12577    -0.034717   -0.0065066     0.068278      0.69443 Mammary_Gland_Pregnancy.Stromal_cell
Mammary_Gland_Pregnancy.T_ce...1      COVAR   12577    -0.051675   -0.0049416      0.16575      0.62239 Mammary_Gland_Pregnancy.T_cell
Mammary_Gland_Pregnancy.T_ce...2      COVAR   12577    -0.049244   -0.0080177     0.050754      0.83402 Mammary_Gland_Pregnancy.T_cell_Grwd1_high
Mammary_Gland_Virgin.B_cell_...1      COVAR   12577     -0.20893    -0.019219      0.13635      0.93727 Mammary_Gland_Virgin.B_cell_Cd79a.Fcer2a_high
Mammary_Gland_Virgin.B_cell_...2      COVAR   12577    -0.028455   -0.0024473      0.14534      0.57761 Mammary_Gland_Virgin.B_cell_Cd79a.Iglc2_high
Mammary_Gland_Virgin.B_cell_...3      COVAR   12577    -0.030864   -0.0039076     0.079633      0.65083 Mammary_Gland_Virgin.B_cell_Jchain_high
Mammary_Gland_Virgin.Dendrit...1      COVAR   12577    -0.001196  -0.00014578      0.11331      0.50421 Mammary_Gland_Virgin.Dendritic_cell_Cst3_high
Mammary_Gland_Virgin.Dendrit...2      COVAR   12577     -0.13482    -0.015912      0.11026      0.88927 Mammary_Gland_Virgin.Dendritic_cell_Fscn1_high
Mammary_Gland_Virgin.Dendrit...3      COVAR   12577     -0.13888    -0.013762      0.11715      0.88206 Mammary_Gland_Virgin.Dendritic_cell_Siglech_high
Mammary_Gland_Virgin.Dividin...       COVAR   12577    -0.080381    -0.011798     0.089873      0.81443 Mammary_Gland_Virgin.Dividing_cell
Mammary_Gland_Virgin.Luminal...1      COVAR   12577    -0.016466   -0.0024293      0.09358      0.56984 Mammary_Gland_Virgin.Luminal_cell_Krt19_high_
Mammary_Gland_Virgin.Luminal...2      COVAR   12577      0.11631     0.016397     0.097084      0.11546 Mammary_Gland_Virgin.Luminal_progenitor
Mammary_Gland_Virgin.Macroph...1      COVAR   12577     0.082391     0.009194      0.11336      0.23369 Mammary_Gland_Virgin.Macrophage_C1qc_high
Mammary_Gland_Virgin.Macroph...2      COVAR   12577    0.0092363    0.0010736      0.12419      0.47036 Mammary_Gland_Virgin.Macrophage_Lyz1_high
Mammary_Gland_Virgin.NK_cell          COVAR   12577     -0.10026   -0.0097048      0.13294      0.77462 Mammary_Gland_Virgin.NK_cell
Mammary_Gland_Virgin.Stem_an...       COVAR   12577    -0.058691   -0.0059516      0.12965      0.67461 Mammary_Gland_Virgin.Stem_and_progenitor_cell
Mammary_Gland_Virgin.Stromal...1      COVAR   12577     0.041487    0.0046422      0.11673      0.36115 Mammary_Gland_Virgin.Stromal_cell_Col3a1_high
Mammary_Gland_Virgin.Stromal...2      COVAR   12577    -0.031938   -0.0040562     0.096556      0.62959 Mammary_Gland_Virgin.Stromal_cell_Pi16_high
Mammary_Gland_Virgin.T_cell_...1      COVAR   12577      -0.1271    -0.010468      0.16103      0.78502 Mammary_Gland_Virgin.T_cell_Cd8b1_high
Mammary_Gland_Virgin.T_cell_...2      COVAR   12577     -0.14593    -0.012832      0.14916      0.83604 Mammary_Gland_Virgin.T_cell_Ly6c2_high
Mammary_Gland_Virgin.T.cells...       COVAR   12577     -0.23672    -0.023877      0.13555      0.95961 Mammary_Gland_Virgin.T.cells_Ctla4_high
