# MEAN_SAMPLE_SIZE = 54885
# TOTAL_GENES = 12811
# TEST_DIRECTION = one-sided, positive (set), one-sided, positive (covar)
# CONDITIONED_INTERNAL = gene size, gene density, sample size, inverse mac, log(gene size), log(gene density), log(sample size), log(inverse mac)
# CONDITIONED_HIDDEN = Average (covar)
VARIABLE                        TYPE  NGENES         BETA     BETA_STD           SE            P
Astro_Aqp4                     COVAR   12811     0.012185      0.02322    0.0055941     0.014708
CR_Lhx5                        COVAR   12811    0.0010559    0.0022486    0.0063777      0.43425
Endo_Ctla2a                    COVAR   12811   0.00014273   0.00027239    0.0051245      0.48889
Endo_Cytl1                     COVAR   12811    0.0066342     0.012461    0.0046116     0.075146
L2.3_IT_ALM_Sla                COVAR   12811    0.0050572     0.015567    0.0049792      0.15491
L2.3_IT_VISp_Adamts2           COVAR   12811    0.0049822     0.013727    0.0094299      0.29864
L2.3_IT_VISp_Agmat             COVAR   12811     -0.00256   -0.0070765    0.0095812      0.60534
L2.3_IT_VISp_Rrad              COVAR   12811    0.0017083    0.0047188    0.0081285      0.41677
L4_IT_VISp_Rspo1               COVAR   12811     0.003788     0.010102    0.0088188      0.33377
L5_IT_ALM_Cpa6_Gpr88           COVAR   12811   -0.0034413    -0.010473    0.0055394      0.73278
L5_IT_ALM_Npw                  COVAR   12811    0.0044023     0.013442    0.0050122       0.1899
L5_IT_VISp_Batf3               COVAR   12811    0.0082492     0.022878     0.011073      0.22815
L5_IT_VISp_Col27a1             COVAR   12811    0.0016575    0.0046066     0.010586      0.43779
L5_IT_VISp_Col6a1_Fezf2        COVAR   12811    0.0002963    0.0008168     0.010825      0.48908
L5_IT_VISp_Hsd11b1_Endou       COVAR   12811   -0.0053107    -0.014732     0.010338      0.69627
L5_IT_VISp_Whrn_Tox2           COVAR   12811   -0.0014041   -0.0039534      0.01014      0.55506
L5_NP_ALM_Trhr_Nefl            COVAR   12811   -0.0063966    -0.018059    0.0075362      0.80199
L5_NP_VISp_Trhr_Cpne7          COVAR   12811   -0.0045541    -0.011943    0.0099243      0.67684
L5_NP_VISp_Trhr_Met            COVAR   12811   0.00093002    0.0024831    0.0098357      0.46233
L5_PT_VISp_C1ql2_Cdh13         COVAR   12811     0.014885     0.042019    0.0099222     0.066801
L5_PT_VISp_C1ql2_Ptgfr         COVAR   12811     0.013356     0.037878    0.0094107     0.077924
L5_PT_VISp_Chrna6              COVAR   12811   -0.0052783    -0.014758     0.010121        0.699
L5_PT_VISp_Krt80               COVAR   12811     0.017935     0.050349     0.010229     0.039785
L5_PT_VISp_Lgr5                COVAR   12811     0.010232     0.028886     0.009246      0.13424
L6_CT_ALM_Cpa6                 COVAR   12811    0.0025706    0.0082487    0.0042612      0.27318
L6_CT_ALM_Nxph2_Sla            COVAR   12811   -0.0028775   -0.0080725    0.0087457      0.62893
L6_CT_VISp_Ctxn3_Brinp3        COVAR   12811     0.012474     0.034769      0.00974      0.10016
L6_CT_VISp_Ctxn3_Sla           COVAR   12811     0.016081     0.044651     0.010229     0.057979
L6_CT_VISp_Gpr139              COVAR   12811    0.0084918     0.023634    0.0096037       0.1883
L6_CT_VISp_Krt80_Sla           COVAR   12811    0.0063802     0.017716      0.01055      0.27268
L6_CT_VISp_Nxph2_Wls           COVAR   12811    0.0077628     0.021364     0.010612      0.23223
L6_IT_ALM_Oprk1                COVAR   12811    0.0014649    0.0043521    0.0061909      0.40647
L6_IT_ALM_Tgfb1                COVAR   12811   -0.0023893   -0.0074912    0.0047306      0.69324
L6_IT_VISp_Car3                COVAR   12811   -0.0040516     -0.01124    0.0094272      0.66632
L6_IT_VISp_Col18a1             COVAR   12811    -0.010751    -0.029855     0.010478      0.84756
L6_IT_VISp_Col23a1_Adamts2     COVAR   12811   0.00010886   0.00030066     0.010431      0.49584
L6_IT_VISp_Penk_Col27a1        COVAR   12811  -0.00077173   -0.0021435     0.010273      0.52994
L6_IT_VISp_Penk_Fst            COVAR   12811   -0.0046551    -0.012911    0.0096999      0.68435
L6b_Hsd17b2                    COVAR   12811    0.0027771    0.0078568    0.0079671      0.36371
L6b_P2ry12                     COVAR   12811    -0.004159    -0.011733    0.0093645      0.67152
L6b_VISp_Col8a1_Rprm           COVAR   12811    0.0041511       0.0116    0.0099115      0.33768
L6b_VISp_Col8a1_Rxfp1          COVAR   12811     0.010574     0.029614    0.0095055      0.13299
L6b_VISp_Crh                   COVAR   12811     0.004809     0.013562     0.009392      0.30432
L6b_VISp_Mup5                  COVAR   12811    0.0075081     0.021189    0.0094568      0.21362
Lamp5_Fam19a1_Pax6             COVAR   12811   -0.0057652    -0.015851     0.010456      0.70931
Lamp5_Fam19a1_Tmem182          COVAR   12811    -0.002839   -0.0077772     0.010507      0.60649
Lamp5_Krt73                    COVAR   12811     0.018353     0.050872    0.0097826     0.030337
Lamp5_Lhx6                     COVAR   12811   -0.0098485    -0.026843     0.010092      0.83541
Lamp5_Lsp1                     COVAR   12811     0.010492     0.028729     0.010411      0.15681
Lamp5_Ntn1_Npy2r               COVAR   12811   0.00086855    0.0022963     0.012167      0.47155
Lamp5_Plch2_Dock5              COVAR   12811   -0.0018311   -0.0048689     0.011205      0.56491
Meis2_Adamts19                 COVAR   12811   -0.0023894   -0.0049703    0.0077867      0.62052
Microglia_Siglech              COVAR   12811   -0.0022044   -0.0035941    0.0055767      0.65368
Oligo_Rassf10                  COVAR   12811    0.0047797     0.011468     0.004571      0.14787
Oligo_Serpinb1a                COVAR   12811   -0.0018346   -0.0035632    0.0053704      0.63368
Oligo_Synpr                    COVAR   12811    0.0023136     0.005581    0.0047322      0.31246
OPC_Pdgfra_Ccnb1               COVAR   12811    0.0032447    0.0085077    0.0038603      0.20031
OPC_Pdgfra_Grm5                COVAR   12811    0.0031349    0.0058335    0.0062547      0.30812
Peri_Kcnj8                     COVAR   12811    0.0043092    0.0070718    0.0060161      0.23692
Pvalb_Akr1c18_Ntf3             COVAR   12811    -0.011711    -0.032283     0.009908      0.88139
Pvalb_Calb1_Sst                COVAR   12811     -0.01719    -0.047189      0.01076      0.94492
Pvalb_Gabrg1                   COVAR   12811    -0.010235    -0.027016    0.0099769      0.84752
Pvalb_Gpr149_Islr              COVAR   12811      -0.0187    -0.050721     0.010199      0.96663
Pvalb_Reln_Itm2a               COVAR   12811   -0.0074802    -0.020965    0.0091374       0.7935
Pvalb_Reln_Tac1                COVAR   12811    -0.019878    -0.053866      0.01096      0.96513
Pvalb_Sema3e_Kank4             COVAR   12811    -0.011229    -0.031514    0.0092742        0.887
Pvalb_Th_Sst                   COVAR   12811     -0.01843    -0.049772     0.011059      0.95219
Pvalb_Tpbg                     COVAR   12811    -0.010927    -0.030428     0.010321      0.85513
Pvalb_Vipr2                    COVAR   12811    -0.014559    -0.039554    0.0097492      0.93231
PVM_Mrc1                       COVAR   12811   0.00068787    0.0014628    0.0043663      0.43741
Serpinf1_Aqp5_Vip              COVAR   12811     0.003051    0.0080669    0.0093949      0.37269
Serpinf1_Clrn1                 COVAR   12811    0.0043336      0.01198    0.0089996      0.31507
SMC_Acta2                      COVAR   12811   -0.0011006   -0.0021609    0.0053456      0.58156
Sncg_Gpr50                     COVAR   12811   0.00092609    0.0025831    0.0089278      0.45869
Sncg_Slc17a8                   COVAR   12811    -0.001198    -0.003372    0.0080683      0.55902
Sncg_Vip_Itih5                 COVAR   12811    0.0026436    0.0073183    0.0099127      0.39486
Sncg_Vip_Nptx2                 COVAR   12811   -0.0017297   -0.0046819     0.010498      0.56544
Sst_Calb2_Necab1               COVAR   12811    -0.010202    -0.027916     0.010869      0.82602
Sst_Calb2_Pdlim5               COVAR   12811   -0.0096528     -0.02643     0.011541      0.79852
Sst_Chodl                      COVAR   12811    -0.002004   -0.0054451    0.0085528      0.59262
Sst_Chrna2_Glra3               COVAR   12811   0.00024945    0.0006723     0.011419      0.49129
Sst_Chrna2_Ptgdr               COVAR   12811    0.0038684     0.010477     0.011065      0.36331
Sst_Crh_4930553C11Rik          COVAR   12811    -0.020311    -0.056122     0.011025      0.96727
Sst_Crhr2_Efemp1               COVAR   12811    -0.017069    -0.047283     0.010784      0.94325
Sst_Esm1                       COVAR   12811    -0.010355    -0.028612     0.010676      0.83394
Sst_Hpse_Cbln4                 COVAR   12811    -0.010044    -0.027914      0.01047      0.83127
Sst_Hpse_Sema3c                COVAR   12811   -0.0034836   -0.0093742     0.011077      0.62342
Sst_Mme_Fam114a1               COVAR   12811    -0.017003    -0.047184     0.010969      0.93943
Sst_Myh8_Etv1                  COVAR   12811   -0.0082082    -0.022584     0.011235      0.76747
Sst_Myh8_Fibin                 COVAR   12811   -0.0025651   -0.0067683     0.011337       0.5895
Sst_Nr2f2_Necab1               COVAR   12811   -0.0029506   -0.0081584     0.011006      0.60568
Sst_Nts                        COVAR   12811   -0.0011112   -0.0030056     0.010571      0.54186
Sst_Rxfp1_Eya1                 COVAR   12811    -0.012986    -0.035582     0.010946      0.88223
Sst_Rxfp1_Prdm8                COVAR   12811    -0.011046    -0.030482     0.011922      0.82292
Sst_Tac1_Htr1d                 COVAR   12811    -0.023522    -0.063741     0.011982      0.97517
Sst_Tac1_Tacr3                 COVAR   12811    -0.013992    -0.037196     0.010424      0.91024
Sst_Tac2_Myh4                  COVAR   12811  -0.00064623   -0.0017763     0.010401      0.52477
Sst_Tac2_Tacstd2               COVAR   12811    -0.016723    -0.046135     0.011531       0.9265
Vip_Arhgap36_Hmcn1             COVAR   12811   0.00035898   0.00092226     0.010774      0.48671
Vip_Chat_Htr1f                 COVAR   12811   -0.0041743     -0.01038    0.0099398      0.66274
Vip_Col15a1_Pde1a              COVAR   12811    -0.010071    -0.026204    0.0092086      0.86294
Vip_Crispld2_Htr2c             COVAR   12811   -0.0057973    -0.014539    0.0093818      0.73168
Vip_Crispld2_Kcne4             COVAR   12811   -0.0073109     -0.01892    0.0097054      0.77435
Vip_Gpc3_Slc18a3               COVAR   12811     0.006509     0.016737     0.010488      0.26743
Vip_Igfbp4_Mab21l1             COVAR   12811    0.0041034     0.010252     0.010127      0.34267
Vip_Igfbp6_Car10               COVAR   12811   -0.0046854    -0.012077     0.011004      0.66487
Vip_Igfbp6_Pltp                COVAR   12811   -0.0023236   -0.0058828     0.010058      0.59135
Vip_Lect1_Oxtr                 COVAR   12811     0.007507     0.019066     0.010558      0.23854
Vip_Lmo1_Fam159b               COVAR   12811   -0.0016262   -0.0042661     0.010292      0.56277
Vip_Lmo1_Myl1                  COVAR   12811     0.004169     0.011059     0.010325      0.34319
Vip_Ptprt_Pkp2                 COVAR   12811    0.0012763    0.0032062     0.010876       0.4533
Vip_Pygm_C1ql1                 COVAR   12811     -0.00163   -0.0041751     0.011321      0.55724
Vip_Rspo1_Itga4                COVAR   12811      0.00199    0.0049751    0.0098948      0.42031
Vip_Rspo4_Rxfp1_Chat           COVAR   12811   -0.0049066    -0.012318     0.010365      0.68203
VLMC_Osr1_Cd74                 COVAR   12811    0.0054346     0.012551    0.0047915      0.12836
VLMC_Osr1_Mc5r                 COVAR   12811    0.0016874    0.0031891    0.0053473      0.37617
VLMC_Spp1_Col15a1              COVAR   12811    0.0038425    0.0077735    0.0048025      0.21184
VLMC_Spp1_Hs3st6               COVAR   12811   -0.0064008    -0.011818    0.0049996      0.89976
