# MEAN_SAMPLE_SIZE = 54885
# TOTAL_GENES = 12856
# TEST_DIRECTION = one-sided, positive (set), one-sided, positive (covar)
# CONDITIONED_INTERNAL = gene size, gene density, sample size, inverse mac, log(gene size), log(gene density), log(sample size), log(inverse mac)
# CONDITIONED_HIDDEN = Average (covar)
VARIABLE                             TYPE  NGENES         BETA     BETA_STD           SE            P FULL_NAME
Neuron_Slc17a7_C1ql3.1_1            COVAR   12856   -0.0017674   -0.0053801    0.0045609       0.6508 Neuron_Slc17a7_C1ql3.1_1
Oligodendrocyte_Tfr_Slco3a1....     COVAR   12856    0.0005642    0.0014727    0.0067439      0.46666 Oligodendrocyte_Tfr_Slco3a1.10_1
Oligodendrocyte_Tfr_Plin3.10...     COVAR   12856   -0.0025041   -0.0066158    0.0061452      0.65818 Oligodendrocyte_Tfr_Plin3.10_2
Oligodendrocyte_Tfr_Ndrg2.10...     COVAR   12856    0.0041454     0.010825     0.006577      0.26426 Oligodendrocyte_Tfr_Ndrg2.10_3
Oligodendrocyte_Tfr_Il33.10_4       COVAR   12856     0.005195     0.013515    0.0068509      0.22415 Oligodendrocyte_Tfr_Il33.10_4
Oligodendrocyte_Tfr_Ctps.10_5       COVAR   12856    0.0063171     0.016708    0.0063365      0.15941 Oligodendrocyte_Tfr_Ctps.10_5
Oligodendrocyte_Tnr_Rps24.11...     COVAR   12856    0.0061565     0.015719     0.005455      0.12955 Oligodendrocyte_Tnr_Rps24.11_1
Endothelial_Stalk_Flt1_Cdkn1...     COVAR   12856   -0.0059996    -0.016263    0.0051752      0.87682 Endothelial_Stalk_Flt1_Cdkn1c.12_1
Endothelial_Stalk_Flt1_Gkn3....     COVAR   12856   -0.0011568   -0.0034171    0.0041218      0.61051 Endothelial_Stalk_Flt1_Gkn3.12_2
Endothelial_Stalk_Flt1_Car4....     COVAR   12856   -0.0044905    -0.012202    0.0052143      0.80542 Endothelial_Stalk_Flt1_Car4.12_3
Endothelial_Stalk_Flt1_Vwf.1...     COVAR   12856   -0.0026063   -0.0071883    0.0049499      0.70074 Endothelial_Stalk_Flt1_Vwf.12_4
Mural_Rgs5Acta2_Rgs5.13_1           COVAR   12856  -0.00066984   -0.0018388    0.0049116      0.55424 Mural_Rgs5Acta2_Rgs5.13_1
Mural_Rgs5Acta2_Kcnj8.13_2          COVAR   12856    0.0032325     0.010032    0.0032822      0.16235 Mural_Rgs5Acta2_Kcnj8.13_2
Mural_Rgs5Acta2_Cd9.13_3            COVAR   12856   -0.0032299   -0.0086713    0.0051464      0.73486 Mural_Rgs5Acta2_Cd9.13_3
Mural_Rgs5Acta2_Cbr2.13_4           COVAR   12856   0.00094776    0.0026468    0.0044286      0.41527 Mural_Rgs5Acta2_Cbr2.13_4
Mural_Rgs5Acta2_Fos.13_5            COVAR   12856    0.0015409    0.0044345    0.0040285      0.35104 Mural_Rgs5Acta2_Fos.13_5
Endothelial_Tip_Dcn_Mgp.14_1        COVAR   12856  -0.00034039  -0.00096205    0.0042748      0.53173 Endothelial_Tip_Dcn_Mgp.14_1
Endothelial_Tip_Dcn_Ifitm1.1...     COVAR   12856  -0.00056453   -0.0015823    0.0041594      0.55398 Endothelial_Tip_Dcn_Ifitm1.14_2
Endothelial_Tip_Dcn_Alcam.14...     COVAR   12856    0.0037367     0.011195    0.0029746      0.10453 Endothelial_Tip_Dcn_Alcam.14_3
Neuron_Slc17a6.2_1                  COVAR   12856    -0.001647   -0.0045983     0.006848      0.59503 Neuron_Slc17a6.2_1
Neuron_Gad1Gad2_Nfib-Satb1.3...     COVAR   12856    0.0059453     0.016632    0.0068284      0.19198 Neuron_Gad1Gad2_Nfib-Satb1.3_1
Neuron_Slc17a6_Cacna2d1.3_10        COVAR   12856   -0.0038458     -0.01009    0.0086038      0.67255 Neuron_Slc17a6_Cacna2d1.3_10
Neuron_Slc17a6_Shox2.3_11           COVAR   12856   -0.0068166    -0.018687     0.007089      0.83186 Neuron_Slc17a6_Shox2.3_11
Neuron_Slc17a6_Nkx6-1.3_12          COVAR   12856   -0.0020967    -0.005706    0.0078427       0.6054 Neuron_Slc17a6_Nkx6-1.3_12
Neuron_Gad1Gad2_Sema3e.3_13         COVAR   12856   -0.0013534   -0.0036354     0.008133      0.56608 Neuron_Gad1Gad2_Sema3e.3_13
Neuron_Gad1Gad2_Ttn.3_14            COVAR   12856   -0.0056375    -0.015374       0.0081      0.75678 Neuron_Gad1Gad2_Ttn.3_14
Neuron_Slc17a6_C1ql2.3_15           COVAR   12856    -0.002511   -0.0067086    0.0080111      0.62302 Neuron_Slc17a6_C1ql2.3_15
Neuron_Gad1Gad2_Gad2-Kcnc3.3...     COVAR   12856    0.0014234    0.0039196    0.0065027      0.41337 Neuron_Gad1Gad2_Gad2-Kcnc3.3_16
Neuron_Gad1Gad2_Sema3e-Kcng4...     COVAR   12856    0.0058133     0.016359    0.0057577      0.15634 Neuron_Gad1Gad2_Sema3e-Kcng4.3_17
Neuron_Gad1Gad2_Pax5.3_18           COVAR   12856   -0.0024847    -0.006628    0.0079721      0.62235 Neuron_Gad1Gad2_Pax5.3_18
Neuron_Gad1Gad2_Tmem132c.3_19       COVAR   12856   -0.0086118    -0.024256     0.006206      0.91736 Neuron_Gad1Gad2_Tmem132c.3_19
Neuron_Gad1Gad2_Otx2-Chrna3....     COVAR   12856    0.0065691     0.019286    0.0058949      0.13257 Neuron_Gad1Gad2_Otx2-Chrna3.3_2
Neuron_Gad1Gad2_Gad2.3_3            COVAR   12856    0.0013732    0.0036441    0.0090046       0.4394 Neuron_Gad1Gad2_Gad2.3_3
Neuron_Gad1Gad2_Ndnf.3_4            COVAR   12856   -0.0062411    -0.018456    0.0055965       0.8676 Neuron_Gad1Gad2_Ndnf.3_4
Neuron_Gad1Gad2_Rln3.3_5            COVAR   12856   -0.0087841    -0.026686    0.0047469      0.96787 Neuron_Gad1Gad2_Rln3.3_5
Neuron_Slc17a6_Tcf4.3_6             COVAR   12856    -0.013664    -0.037658    0.0071443      0.97208 Neuron_Slc17a6_Tcf4.3_6
Neuron_Slc17a6-Gad2-Th_Crhbp...     COVAR   12856   -0.0043556    -0.012138    0.0070522      0.73158 Neuron_Slc17a6-Gad2-Th_Crhbp.3_7
Neuron_Gad1Gad2_Gad2-Fos.3_8        COVAR   12856   -0.0015059   -0.0044191    0.0055118      0.60765 Neuron_Gad1Gad2_Gad2-Fos.3_8
Neuron_Slc17a6_Nts.3_9              COVAR   12856    0.0016504    0.0046219     0.006625      0.40164 Neuron_Slc17a6_Nts.3_9
Neuron_Th-Slc17a6-Lpl.4_1           COVAR   12856   -0.0074169    -0.020578    0.0068631      0.86007 Neuron_Th-Slc17a6-Lpl.4_1
Neuron_Th_Cbln1.4_2                 COVAR   12856   -0.0049486    -0.014398    0.0055633      0.81313 Neuron_Th_Cbln1.4_2
Neuron_Th_Cyp26b1.4_3               COVAR   12856   -0.0099426     -0.02783    0.0067302      0.93019 Neuron_Th_Cyp26b1.4_3
Neuron_Th_C1ql3.4_4                 COVAR   12856   -0.0068549    -0.019659    0.0060231      0.87245 Neuron_Th_C1ql3.4_4
Neuron_Th_Vcan.4_5                  COVAR   12856  -0.00018134  -0.00050381    0.0068582      0.51055 Neuron_Th_Vcan.4_5
Neuron_Th_Cadm2.4_6                 COVAR   12856  -6.9499e-05  -0.00021438    0.0035193      0.50788 Neuron_Th_Cadm2.4_6
Neuron_Th_Nefl.4_7                  COVAR   12856   -0.0051673    -0.014307    0.0068034      0.77622 Neuron_Th_Nefl.4_7
Neuron_Th_Aldh1a1.4_8               COVAR   12856   0.00029438   0.00080781    0.0072912       0.4839 Neuron_Th_Aldh1a1.4_8
Neuron_Th_Grin2c.4_9                COVAR   12856    -0.001359   -0.0037157    0.0072857      0.57398 Neuron_Th_Grin2c.4_9
Polydendrocyte_Tnr_Bmp4.5_1         COVAR   12856    0.0039583     0.011426    0.0053726      0.23064 Polydendrocyte_Tnr_Bmp4.5_1
Polydendrocyte_Tnr_Tmem2.5_2        COVAR   12856   0.00011749   0.00033039    0.0054323      0.49137 Polydendrocyte_Tnr_Tmem2.5_2
Polydendrocyte_Tnr_Opalin.5_3       COVAR   12856    0.0038197     0.010618    0.0052302      0.23261 Polydendrocyte_Tnr_Opalin.5_3
Polydendrocyte_Tnr_Cspg5.6_1        COVAR   12856    0.0076395      0.02398    0.0037081     0.019701 Polydendrocyte_Tnr_Cspg5.6_1
Polydendrocyte_Tnr_Cspg5-Dad...     COVAR   12856    0.0080701     0.023461     0.005417     0.068157 Polydendrocyte_Tnr_Cspg5-Dad1.6_2
Astrocyte_Gja1_Myoc.7_1             COVAR   12856   -0.0013658    -0.003766    0.0051885      0.60381 Astrocyte_Gja1_Myoc.7_1
Astrocyte_Gja1_Cst3.7_2             COVAR   12856    0.0049183      0.01269    0.0065339      0.22581 Astrocyte_Gja1_Cst3.7_2
Astrocyte_Gja1_Igfbp2.7_3           COVAR   12856   0.00085127    0.0025619    0.0032987      0.39818 Astrocyte_Gja1_Igfbp2.7_3
Ependyma_Ccdc153.8_1                COVAR   12856    0.0010159    0.0031591    0.0032882      0.37869 Ependyma_Ccdc153.8_1
Macrophage_C1qb_Mrc1.9_1            COVAR   12856    0.0017125    0.0049195    0.0042571      0.34375 Macrophage_C1qb_Mrc1.9_1
Microglia_C1qb_Tmem119.9_2          COVAR   12856  -0.00026587   -0.0008227    0.0030374      0.53488 Microglia_C1qb_Tmem119.9_2
