Welcome to MAGMA v1.10 (linux/s)
Using flags:
	--gene-results /new_data/users_data/celltype/527208/magma.genes.raw
	--gene-covar /data/MAGMA/celltype/DropViz_CB_level1.txt
	--model condition-hide=Average direction=greater
	--out /new_data/users_data/celltype/527208/magma_celltype_DropViz_CB_level1

Start time is 01:49:58, Saturday 21 Sep 2024

Reading file /new_data/users_data/celltype/527208/magma.genes.raw... 
	15564 genes read from file
Loading gene-level covariates...
Reading file /data/MAGMA/celltype/DropViz_CB_level1.txt... 
	detected 10 variables in file (using all)
	found 10 valid gene covariates, for 12856 genes defined in genotype data
Processing missing values...
	found 2708 genes not present in all input files: removing these from analysis
	12856 genes remaining in analysis
Preparing variables for analysis...
	truncating Z-scores 3 points below zero or 6 standard deviations above the mean
	truncating covariate values more than 5 standard deviations from the mean
	total variables available for analysis: 10 gene covariates

Parsing model specifications...
Inverting gene-gene correlation matrix...
Performing regression analysis...
	testing direction: one-sided, positive (sets), one-sided, positive (covar)
	conditioning on internal variables:
		gene size, log(gene size)
		gene density, log(gene density)
		sample size, log(sample size)
		inverse mac, log(inverse mac)
	conditioning on input variables (no output):
		Average (covar)
	analysing individual variables

	analysing single-variable models (number of models: 9)
	writing results to file /new_data/users_data/celltype/527208/magma_celltype_DropViz_CB_level1.gsa.out

End time is 01:50:04, Saturday 21 Sep 2024 (elapsed: 00:00:06)
