# MEAN_SAMPLE_SIZE = 54886
# TOTAL_GENES = 12577
# TEST_DIRECTION = one-sided, positive (set), one-sided, positive (covar)
# CONDITIONED_INTERNAL = gene size, gene density, sample size, inverse mac, log(gene size), log(gene density), log(sample size), log(inverse mac)
# CONDITIONED_HIDDEN = Average (covar)
VARIABLE                              TYPE  NGENES         BETA     BETA_STD           SE            P FULL_NAME
Embryonic_Mesenchyme.Dendrit...      COVAR   12577    -0.071038   -0.0088188      0.16155      0.66993 Embryonic_Mesenchyme.Dendritic_Cell
Embryonic_Mesenchyme.Endothe...      COVAR   12577      0.21066     0.026505      0.09361      0.01222 Embryonic_Mesenchyme.Endothelial_Cell
Embryonic_Mesenchyme.Erythro...1     COVAR   12577    -0.026961   -0.0037057      0.11602      0.59188 Embryonic_Mesenchyme.Erythroblast_Hbb.bs_high
Embryonic_Mesenchyme.Erythro...2     COVAR   12577    -0.077686    -0.015461     0.079367      0.83615 Embryonic_Mesenchyme.Erythroblast_Mt2_high
Embryonic_Mesenchyme.Erythro...3     COVAR   12577     -0.11241     -0.01265      0.11895      0.82767 Embryonic_Mesenchyme.Erythroid_Cell
Embryonic_Mesenchyme.Ganglio...1     COVAR   12577     -0.21121    -0.023546      0.13622      0.93947 Embryonic_Mesenchyme.Ganglion_cell_Cartpt_high
Embryonic_Mesenchyme.Ganglio...2     COVAR   12577    -0.077325   -0.0091734      0.11214      0.75474 Embryonic_Mesenchyme.Ganglion_cell_Gal_high
Embryonic_Mesenchyme.Ganglio...3     COVAR   12577     -0.18328    -0.016495      0.15379      0.88331 Embryonic_Mesenchyme.Ganglion_cell_Mapt_high
Embryonic_Mesenchyme.Lymphoi...      COVAR   12577      0.04191    0.0056523      0.13377      0.37703 Embryonic_Mesenchyme.Lymphoid_progenitor_cell
Embryonic_Mesenchyme.Macroph...      COVAR   12577      0.24261     0.027677      0.15711     0.061291 Embryonic_Mesenchyme.Macrophage
Embryonic_Mesenchyme.Muscle          COVAR   12577     -0.11712    -0.013819      0.18316      0.73871 Embryonic_Mesenchyme.Muscle
Embryonic_Mesenchyme.Neuron_...1     COVAR   12577     -0.21232    -0.017278      0.19254      0.86492 Embryonic_Mesenchyme.Neuron_Igfbpl1_high
Embryonic_Mesenchyme.Neuron_...2     COVAR   12577     -0.29188    -0.030418      0.14027      0.98126 Embryonic_Mesenchyme.Neuron_Isl1_high
Embryonic_Mesenchyme.Neuron_...3     COVAR   12577     -0.13138    -0.012914      0.14532      0.81701 Embryonic_Mesenchyme.Neuron_Npy_high
Embryonic_Mesenchyme.Neurona...      COVAR   12577    -0.020205   -0.0019298      0.11849       0.5677 Embryonic_Mesenchyme.Neuronal_Progenitors
Embryonic_Mesenchyme.Neutrop...      COVAR   12577    -0.054343    -0.010503     0.053467      0.84527 Embryonic_Mesenchyme.Neutrophil
Embryonic_Mesenchyme.Progeni...      COVAR   12577     -0.16652    -0.023785      0.10155      0.94946 Embryonic_Mesenchyme.Progenitor_cell_Ptprcap_high
Embryonic_Mesenchyme.Reprodu...      COVAR   12577     0.053332    0.0055732      0.13699      0.34853 Embryonic_Mesenchyme.Reproductive_tissues
Embryonic_Mesenchyme.Skeleta...      COVAR   12577     -0.11151    -0.012171      0.13349      0.79823 Embryonic_Mesenchyme.Skeletal_Muscle
Embryonic_Mesenchyme.Stromal...1     COVAR   12577     0.059006    0.0052313       0.2078      0.38822 Embryonic_Mesenchyme.Stromal_Cell_Agtr2_high
Embryonic_Mesenchyme.Stromal...2     COVAR   12577     0.031744    0.0031704      0.11934      0.39512 Embryonic_Mesenchyme.Stromal_Cell_Cldn11_high
Embryonic_Mesenchyme.Stromal...3     COVAR   12577      0.14675     0.015523      0.17024      0.19435 Embryonic_Mesenchyme.Stromal_Cell_Cnmd_high
Embryonic_Mesenchyme.Stromal...6     COVAR   12577     -0.27241    -0.022927      0.26177      0.85097 Embryonic_Mesenchyme.Stromal_cell_Cxcl12_high
Embryonic_Mesenchyme.Stromal...4     COVAR   12577     -0.20097    -0.020511      0.19323      0.85083 Embryonic_Mesenchyme.Stromal_Cell_Cxcl14_high
Embryonic_Mesenchyme.Stromal...5     COVAR   12577     -0.16851    -0.018064      0.17816      0.82787 Embryonic_Mesenchyme.Stromal_Cell_fabp7_high
Fetal_Brain.Dopaminergic_neu...      COVAR   12577     -0.12733    -0.012061       0.1455      0.80924 Fetal_Brain.Dopaminergic_neurons_
Fetal_Brain.Ependymal_cell           COVAR   12577    -0.086199   -0.0088944      0.13755      0.73456 Fetal_Brain.Ependymal_cell
Fetal_Brain.Erythroblast_Hbb...      COVAR   12577     -0.06259   -0.0067726      0.12112      0.69733 Fetal_Brain.Erythroblast_Hbb.bh1_high
Fetal_Brain.Erythrocyte_Hbb....      COVAR   12577     -0.09184    -0.010862     0.096064      0.83046 Fetal_Brain.Erythrocyte_Hbb.bt_high
Fetal_Brain.Granule_neurons          COVAR   12577     -0.38526    -0.034159      0.17497      0.98615 Fetal_Brain.Granule_neurons
Fetal_Brain.Hippocampus_neur...      COVAR   12577     -0.25157    -0.021684      0.17707      0.92229 Fetal_Brain.Hippocampus_neurons_Asic4_high
Fetal_Brain.Macrophage               COVAR   12577      0.24171     0.029964        0.123     0.024708 Fetal_Brain.Macrophage
Fetal_Brain.Microglia                COVAR   12577   -0.0025364  -0.00030651       0.1384      0.50731 Fetal_Brain.Microglia
Fetal_Brain.Neural_progenito...      COVAR   12577     -0.14629    -0.012657      0.17731      0.79533 Fetal_Brain.Neural_progenitor_cell
Fetal_Brain.Neuron_Kpna2_high        COVAR   12577     -0.01705   -0.0016682      0.15214      0.54461 Fetal_Brain.Neuron_Kpna2_high
Fetal_Brain.Neuron_tuba1c_hi...      COVAR   12577      -0.1563      -0.0152      0.18289      0.80361 Fetal_Brain.Neuron_tuba1c_high
Fetal_Brain.Postmitotic_neur...      COVAR   12577     -0.35325    -0.031769      0.16935       0.9815 Fetal_Brain.Postmitotic_neurons_Lhx9_high
Fetal_Brain.Purkinje_cell            COVAR   12577     -0.22326    -0.025214      0.11188      0.97699 Fetal_Brain.Purkinje_cell
Fetal_Brain.Pyramidal_neuron...      COVAR   12577     -0.24595    -0.022419      0.17547      0.91948 Fetal_Brain.Pyramidal_neuron_cell
Fetal_Brain.Radial_glia_Fabp...      COVAR   12577     -0.11565    -0.011101      0.17626      0.74412 Fetal_Brain.Radial_glia_Fabp7_high
Fetal_Brain.Radial_glia_Vim_...      COVAR   12577     -0.40121    -0.035432      0.21439      0.96934 Fetal_Brain.Radial_glia_Vim_high
Fetal_Brain.Schwann_cell             COVAR   12577     -0.17977    -0.016138      0.15843      0.87174 Fetal_Brain.Schwann_cell
Fetal_Brain.Stromal_cell             COVAR   12577     -0.13845    -0.014268      0.16702      0.79642 Fetal_Brain.Stromal_cell
Fetal_Intestine.Acinar_cell          COVAR   12577      0.17685     0.027187      0.11812     0.067185 Fetal_Intestine.Acinar_cell
Fetal_Intestine.Endothelial_...      COVAR   12577    -0.034681    -0.003832      0.12419      0.60998 Fetal_Intestine.Endothelial_cell
Fetal_Intestine.Enteric_musc...      COVAR   12577     -0.17011    -0.016615       0.2023      0.79978 Fetal_Intestine.Enteric_muscle_cell
Fetal_Intestine.Enterocyte_p...1     COVAR   12577     -0.38483    -0.036231      0.25923      0.93115 Fetal_Intestine.Enterocyte_progenitor
Fetal_Intestine.Enterocyte_p...2     COVAR   12577    -0.077696   -0.0079746      0.17261      0.67368 Fetal_Intestine.Enterocyte_progenitor_late_Ccnb1_high
Fetal_Intestine.Enterocyte_p...3     COVAR   12577     -0.25524    -0.028068      0.19448       0.9053 Fetal_Intestine.Enterocyte_progenitor_late_Ube2c_high
Fetal_Intestine.Enteroendocr...      COVAR   12577      -0.1303    -0.014804      0.10758      0.88707 Fetal_Intestine.Enteroendocrine
Fetal_Intestine.Epithelial_c...1     COVAR   12577       0.3845     0.044129      0.18498     0.018836 Fetal_Intestine.Epithelial_cell_Bex1_high
Fetal_Intestine.Epithelial_c...2     COVAR   12577      0.25089     0.030132      0.17884     0.080341 Fetal_Intestine.Epithelial_cell_Lgals2_high
Fetal_Intestine.Erythroblast...1     COVAR   12577      0.11597     0.016934     0.087342     0.092143 Fetal_Intestine.Erythroblast_Car2_high
Fetal_Intestine.Erythroblast...2     COVAR   12577    -0.065778    -0.007154      0.19294      0.63342 Fetal_Intestine.Erythroblast_Hbb.bs_high
Fetal_Intestine.Erythroblast...3     COVAR   12577    -0.092336    -0.010727      0.15559      0.72356 Fetal_Intestine.Erythroblast_Hbb.y_high
Fetal_Intestine.Macrophage_L...      COVAR   12577      0.21466     0.024865      0.17249      0.10668 Fetal_Intestine.Macrophage_Lyz2_high
Fetal_Intestine.Macrophage_P...      COVAR   12577      0.18248      0.01943      0.16862      0.13959 Fetal_Intestine.Macrophage_Pf4_high
Fetal_Intestine.Neuronal_cel...      COVAR   12577     -0.26822     -0.02847      0.21633      0.89247 Fetal_Intestine.Neuronal_cell_Fabp7_high
Fetal_Intestine.Neuronal_Cel...      COVAR   12577      -0.3671    -0.040672      0.16045      0.98892 Fetal_Intestine.Neuronal_Cells_Rtn1_high
Fetal_Intestine.Stromal_cell...1     COVAR   12577     -0.16686    -0.016097      0.24712      0.75022 Fetal_Intestine.Stromal_cell_Adamdec1_high
Fetal_Intestine.Stromal_cell...2     COVAR   12577     -0.31563    -0.032042       0.2049      0.93826 Fetal_Intestine.Stromal_cell_Stmn2_high_
Fetal_Intestine.Stromal_cell...3     COVAR   12577     0.095063    0.0087481      0.20224      0.31916 Fetal_Intestine.Stromal_cell_Upk3b_high
Fetal_Intestine.T_cell               COVAR   12577     -0.11846    -0.014376         0.16      0.77046 Fetal_Intestine.T_cell
Fetal_Kidney.Stromal_cell_Mg...      COVAR   12577     0.043793    0.0098945     0.036495      0.11509 Fetal_Kidney.Stromal_cell_Mgp_high
Fetal_Liver.B_cell                   COVAR   12577     0.020421    0.0032167      0.08808      0.40833 Fetal_Liver.B_cell
Fetal_Liver.Dendritic_cell           COVAR   12577      0.15461     0.020281      0.14338      0.14046 Fetal_Liver.Dendritic_cell
Fetal_Liver.Erythroblast_Hba...      COVAR   12577     0.086487     0.010173      0.10535      0.20585 Fetal_Liver.Erythroblast_Hba.a2_high
Fetal_Liver.Erythroblast_Klf...      COVAR   12577     0.064203    0.0092383      0.11671      0.29112 Fetal_Liver.Erythroblast_Klf1_high
Fetal_Liver.Hepatocyte_Afp_h...      COVAR   12577     0.044209    0.0058298     0.097924      0.32583 Fetal_Liver.Hepatocyte_Afp_high
Fetal_Liver.Macrophage               COVAR   12577     0.079979     0.010751      0.10849       0.2305 Fetal_Liver.Macrophage
Fetal_Liver.Mast_cell_Mcpt8_...      COVAR   12577      0.26039     0.033951      0.11648     0.012699 Fetal_Liver.Mast_cell_Mcpt8_high
Fetal_Liver.Megakaryocyte            COVAR   12577     0.010045    0.0014364      0.10312       0.4612 Fetal_Liver.Megakaryocyte
Fetal_Liver.Neutrophil_Elane...      COVAR   12577     0.056798    0.0075365      0.13643      0.33859 Fetal_Liver.Neutrophil_Elane_high
Fetal_Liver.Neutrophil_Ngp_h...      COVAR   12577     0.048254    0.0074243     0.086759      0.28905 Fetal_Liver.Neutrophil_Ngp_high
Fetal_Liver.Stem_and_progeni...      COVAR   12577      0.03497    0.0046862      0.14347      0.40372 Fetal_Liver.Stem_and_progenitor_cell
Fetal_Lung.Epithelial_cell_A...      COVAR   12577      0.14844     0.016785      0.16919      0.19016 Fetal_Lung.Epithelial_cell_Aldh1a2_high
Fetal_Lung.Epithelial_cell_S...      COVAR   12577     0.058162    0.0065692      0.20957      0.39069 Fetal_Lung.Epithelial_cell_Sftpc_high
Fetal_Lung.Erythroblast_Hba....      COVAR   12577     -0.20344    -0.022578      0.18222      0.86787 Fetal_Lung.Erythroblast_Hba.x_high
Fetal_Lung.Erythroblast_Hbb....      COVAR   12577      -0.1859    -0.021016      0.18502      0.84248 Fetal_Lung.Erythroblast_Hbb.bs_high
Fetal_Lung.Erythroblast_Mt2_...      COVAR   12577     0.042973    0.0054194      0.13147      0.37189 Fetal_Lung.Erythroblast_Mt2_high
Fetal_Lung.Erythroblast_Mt2....      COVAR   12577     0.032313    0.0046235      0.12545      0.39837 Fetal_Lung.Erythroblast_Mt2.Mt1_high
Fetal_Lung.Macrophage_Lyz2_h...      COVAR   12577      -0.0142   -0.0017158      0.15703      0.53603 Fetal_Lung.Macrophage_Lyz2_high
Fetal_Lung.Macrophage_Pf4high        COVAR   12577     0.059332    0.0067302      0.14906       0.3453 Fetal_Lung.Macrophage_Pf4high
Fetal_Lung.Neutrophil_Gm5483...      COVAR   12577    -0.030289   -0.0030607       0.1729      0.56953 Fetal_Lung.Neutrophil_Gm5483_high
Fetal_Lung.Neutrophil_S100a8...      COVAR   12577    -0.064883   -0.0088048      0.15645      0.66082 Fetal_Lung.Neutrophil_S100a8_high
Fetal_Lung.Smooth_muscle_cell        COVAR   12577     -0.32101    -0.034543      0.19389      0.95109 Fetal_Lung.Smooth_muscle_cell
Fetal_Lung.Stromal_cell_Ankf...      COVAR   12577     -0.19409    -0.019967      0.23591      0.79466 Fetal_Lung.Stromal_cell_Ankfy1_high
Fetal_Lung.Stromal_cell_Ptn_...      COVAR   12577     -0.23166    -0.023627      0.23043      0.84263 Fetal_Lung.Stromal_cell_Ptn_high
Fetal_Stomache.Acinar_cell_C...      COVAR   12577       0.2289     0.025791      0.17369     0.093789 Fetal_Stomache.Acinar_cell_Ctrb1_high
Fetal_Stomache.Acinar_cell_S...      COVAR   12577      0.17877     0.019539      0.20008      0.18581 Fetal_Stomache.Acinar_cell_Spp1_high
Fetal_Stomache.Endocrine_cell        COVAR   12577     0.030371    0.0028089      0.19232      0.43726 Fetal_Stomache.Endocrine_cell
Fetal_Stomache.Endocrine_pro...      COVAR   12577     -0.28665    -0.028599      0.14238      0.97794 Fetal_Stomache.Endocrine_progenitor_cell
Fetal_Stomache.Epithelial_ce...      COVAR   12577      0.61786     0.060665      0.24802    0.0063732 Fetal_Stomache.Epithelial_cell
Fetal_Stomache.Erythroblast_...1     COVAR   12577      0.14171     0.015885      0.15401      0.17876 Fetal_Stomache.Erythroblast_Car2_high
Fetal_Stomache.Erythroblast_...2     COVAR   12577     -0.28627     -0.02841      0.17407      0.94995 Fetal_Stomache.Erythroblast_Hba.x_HIGH
Fetal_Stomache.Erythroblast_...3     COVAR   12577      -0.1342    -0.011755      0.29074       0.6778 Fetal_Stomache.Erythroblast_Hbb.bs_high
Fetal_Stomache.Erythroblast_...4     COVAR   12577    -0.085555    -0.010758      0.15293      0.71206 Fetal_Stomache.Erythroblast_Klf1_high
Fetal_Stomache.Erythroblast_...5     COVAR   12577     -0.25796    -0.027584        0.127      0.97887 Fetal_Stomache.Erythroblast_Snca_high
Fetal_Stomache.Hepatocyte.Li...      COVAR   12577    -0.063885    -0.010353     0.066627      0.83117 Fetal_Stomache.Hepatocyte.Like_Cell_
Fetal_Stomache.Immunocyte_Ly...      COVAR   12577     0.021707     0.002281       0.1988      0.45653 Fetal_Stomache.Immunocyte_Lyz2_high
Fetal_Stomache.Macrophage            COVAR   12577      0.32099     0.031019      0.22276      0.07481 Fetal_Stomache.Macrophage
Fetal_Stomache.Mast_cell             COVAR   12577     -0.22417     -0.02354      0.21446      0.85203 Fetal_Stomache.Mast_cell
Fetal_Stomache.Muscle_cell           COVAR   12577     -0.13749    -0.012465      0.21498      0.73876 Fetal_Stomache.Muscle_cell
Fetal_Stomache.Neuron                COVAR   12577     -0.18642    -0.017806      0.17706      0.85378 Fetal_Stomache.Neuron
Fetal_Stomache.Neutrophil            COVAR   12577     0.062844    0.0070474      0.12657      0.30976 Fetal_Stomache.Neutrophil
Fetal_Stomache.Progenitor_ce...      COVAR   12577      0.19035     0.016581      0.25922      0.23139 Fetal_Stomache.Progenitor_cell
Fetal_Stomache.Stomach_cell_...      COVAR   12577     -0.10918   -0.0096411      0.24008      0.67536 Fetal_Stomache.Stomach_cell_Kazald1_high
Fetal_Stomache.Stromal_cell_...1     COVAR   12577     -0.31285    -0.026935      0.26733      0.87904 Fetal_Stomache.Stromal_cell_Cdkn1c_high
Fetal_Stomache.Stromal_cell_...2     COVAR   12577     -0.24812    -0.022702      0.25456      0.83513 Fetal_Stomache.Stromal_cell_Dcn_high
Placenta.B_cell                      COVAR   12577     0.019666    0.0030938     0.050464      0.34838 Placenta.B_cell
Placenta.Basophil                    COVAR   12577    -0.036781   -0.0037663      0.10691      0.63459 Placenta.Basophil
Placenta.Decidual_stromal_ce...      COVAR   12577    -0.026609   -0.0039914     0.077591      0.63418 Placenta.Decidual_stromal_cell
Placenta.Dendritic_cell              COVAR   12577     0.069556     0.006497      0.13514      0.30339 Placenta.Dendritic_cell
Placenta.Endodermal_cell_Afp...      COVAR   12577     0.071799     0.011567      0.07809      0.17894 Placenta.Endodermal_cell_Afp_high
Placenta.Endothelial_cell_Ma...      COVAR   12577     -0.13192    -0.014559      0.14309      0.82171 Placenta.Endothelial_cell_Maged2_high
Placenta.Erythroblast_Hbb.y_...      COVAR   12577   -0.0048436  -0.00063537     0.086425      0.52235 Placenta.Erythroblast_Hbb.y_high
Placenta.Granulocyte_monocyt...      COVAR   12577      0.12612     0.017737     0.099599      0.10272 Placenta.Granulocyte_monocyte_progenitors
Placenta.Granulocyte_Neat1_h...      COVAR   12577     0.016749     0.002856     0.047394       0.3619 Placenta.Granulocyte_Neat1_high
Placenta.Granulocyte_S100a9_...      COVAR   12577     -0.16936    -0.020466     0.076242      0.98683 Placenta.Granulocyte_S100a9_high
Placenta.HSPC_Lmo2_high              COVAR   12577      0.11369     0.017277      0.11818      0.16804 Placenta.HSPC_Lmo2_high
Placenta.Invasive_spongiotro...      COVAR   12577    0.0071016   0.00082099      0.11318      0.47499 Placenta.Invasive_spongiotrophoblast
Placenta.Labyrinthine_tropho...      COVAR   12577      0.10206     0.016911     0.070172     0.072937 Placenta.Labyrinthine_trophoblast
Placenta.Macrophage_Apoe_high        COVAR   12577      0.15889     0.018033      0.11975     0.092296 Placenta.Macrophage_Apoe_high
Placenta.Macrophage_Spp1_high        COVAR   12577     0.032612    0.0045229     0.098349       0.3701 Placenta.Macrophage_Spp1_high
Placenta.Megakaryocyte_proge...      COVAR   12577    -0.053798   -0.0070676     0.070131      0.77848 Placenta.Megakaryocyte_progenitor_cell
Placenta.Monocyte                    COVAR   12577   -0.0043131  -0.00041388      0.12133      0.51418 Placenta.Monocyte
Placenta.NK_cell                     COVAR   12577      0.15501     0.024904     0.084754     0.033716 Placenta.NK_cell
Placenta.NKT_cell                    COVAR   12577    0.0011205   0.00014918     0.095611      0.49532 Placenta.NKT_cell
Placenta.PE_lineage_cell_Gkn...      COVAR   12577     0.019836    0.0022547      0.10452      0.42474 Placenta.PE_lineage_cell_Gkn2_high
Placenta.PE_lineage_cell_S10...      COVAR   12577      0.22116      0.02193      0.14381     0.062061 Placenta.PE_lineage_cell_S100g_high
Placenta.Progenitor_trophobl...      COVAR   12577      0.07109     0.010576      0.13039      0.29281 Placenta.Progenitor_trophoblast_Gjb3_high
Placenta.Spiral_artery_troph...      COVAR   12577     0.070963    0.0099833      0.12334      0.28254 Placenta.Spiral_artery_trophoblast_giant_cells
Placenta.Spongiotrophoblast_...1     COVAR   12577    -0.036849   -0.0065001     0.078354      0.68092 Placenta.Spongiotrophoblast_Hsd11b2_high
Placenta.Spongiotrophoblast_...2     COVAR   12577     0.084902     0.012134      0.11656       0.2332 Placenta.Spongiotrophoblast_Phlda2_high
Placenta.Stromal_cell                COVAR   12577     -0.18615    -0.019828      0.15894      0.87922 Placenta.Stromal_cell
Placenta.Stromal_cell_Acta2_...      COVAR   12577     -0.17451    -0.020617      0.12581      0.91729 Placenta.Stromal_cell_Acta2_high
Placenta.Trophoblast_progeni...      COVAR   12577    -0.075913   -0.0073897      0.11557      0.74435 Placenta.Trophoblast_progenitor_Taf7l_high
