Welcome to MAGMA v1.10 (linux/s)
Using flags:
	--gene-results /new_data/users_data/celltype/527207/magma.genes.raw
	--gene-covar /data/MAGMA/celltype/PBMC_10x_68k.txt
	--model condition-hide=Average direction=greater
	--out /new_data/users_data/celltype/527207/magma_celltype_PBMC_10x_68k

Start time is 01:36:08, Saturday 21 Sep 2024

Reading file /new_data/users_data/celltype/527207/magma.genes.raw... 
	15564 genes read from file
Loading gene-level covariates...
Reading file /data/MAGMA/celltype/PBMC_10x_68k.txt... 
	detected 12 variables in file (using all)
	found 12 valid gene covariates, for 15564 genes defined in genotype data
Preparing variables for analysis...
	truncating Z-scores 3 points below zero or 6 standard deviations above the mean
	truncating covariate values more than 5 standard deviations from the mean
	total variables available for analysis: 12 gene covariates

Parsing model specifications...
Inverting gene-gene correlation matrix...
Performing regression analysis...
	testing direction: one-sided, positive (sets), one-sided, positive (covar)
	conditioning on internal variables:
		gene size, log(gene size)
		gene density, log(gene density)
		sample size, log(sample size)
		inverse mac, log(inverse mac)
	conditioning on input variables (no output):
		Average (covar)
	analysing individual variables

	analysing single-variable models (number of models: 11)
	writing results to file /new_data/users_data/celltype/527207/magma_celltype_PBMC_10x_68k.gsa.out

End time is 01:36:17, Saturday 21 Sep 2024 (elapsed: 00:00:09)
