Welcome to MAGMA v1.10 (linux)
Using flags:
	--gene-results /new_data/users_data/celltype/585207/magma.genes.raw
	--gene-covar /data/MAGMA/celltype/Allen_Human_LGN_level1.txt
	--model condition-hide=Average direction=greater
	--out /new_data/users_data/celltype/585207/magma_celltype_Allen_Human_LGN_level1

Start time is 11:40:33, Saturday 15 Feb 2025

Reading file /new_data/users_data/celltype/585207/magma.genes.raw... 
	15763 genes read from file
Loading gene-level covariates...
Reading file /data/MAGMA/celltype/Allen_Human_LGN_level1.txt... 
	detected 4 variables in file (using all)
	found 4 valid gene covariates, for 14934 genes defined in genotype data
Processing missing values...
	found 829 genes not present in all input files: removing these from analysis
	14934 genes remaining in analysis
Preparing variables for analysis...
	truncating Z-scores 3 points below zero or 6 standard deviations above the mean
	truncating covariate values more than 5 standard deviations from the mean
	total variables available for analysis: 4 gene covariates

Parsing model specifications...
Inverting gene-gene correlation matrix...
Performing regression analysis...
	testing direction: one-sided, positive (sets), one-sided, positive (covar)
	conditioning on internal variables:
		gene size, log(gene size)
		gene density, log(gene density)
		sample size, log(sample size)
		inverse mac, log(inverse mac)
	conditioning on input variables (no output):
		Average (covar)
	analysing individual variables

	analysing single-variable models (number of models: 3)
	writing results to file /new_data/users_data/celltype/585207/magma_celltype_Allen_Human_LGN_level1.gsa.out

End time is 11:40:40, Saturday 15 Feb 2025 (elapsed: 00:00:07)
